#
# A fatal error has been detected by the Java Runtime Environment:
#
#  EXCEPTION_ACCESS_VIOLATION (0xc0000005) at pc=0x00007ffbfef3c9e6, pid=6308, tid=6212
#
# JRE version: OpenJDK Runtime Environment (11.0.10) (build 11.0.10+0-b96-7249189)
# Java VM: OpenJDK 64-Bit Server VM (11.0.10+0-b96-7249189, mixed mode, tiered, compressed oops, g1 gc, windows-amd64)
# Problematic frame:
# V  [jvm.dll+0x18c9e6]
#
# No core dump will be written. Minidumps are not enabled by default on client versions of Windows
#
# If you would like to submit a bug report, please visit:
#   https://bugreport.java.com/bugreport/crash.jsp
#

---------------  S U M M A R Y ------------

Command Line: --add-opens=java.base/java.util=ALL-UNNAMED --add-opens=java.base/java.lang=ALL-UNNAMED --add-opens=java.base/java.lang.invoke=ALL-UNNAMED --add-opens=java.base/java.util=ALL-UNNAMED --add-opens=java.prefs/java.util.prefs=ALL-UNNAMED --add-opens=java.prefs/java.util.prefs=ALL-UNNAMED --add-opens=java.base/java.nio.charset=ALL-UNNAMED --add-opens=java.base/java.net=ALL-UNNAMED --add-opens=java.base/java.util.concurrent.atomic=ALL-UNNAMED -Xmx2048m -Dfile.encoding=UTF-8 -Duser.country=RU -Duser.language=ru -Duser.variant org.gradle.launcher.daemon.bootstrap.GradleDaemon 7.0.2

Host: Intel(R) Core(TM) i5-3317U CPU @ 1.70GHz, 4 cores, 9G,  Windows 10 , 64 bit Build 19041 (10.0.19041.662)
Time: Sun Jan 23 17:06:07 2022 RTZ 2 (зима) elapsed time: 2368.984869 seconds (0d 0h 39m 28s)

---------------  T H R E A D  ---------------

Current thread (0x000001b18e106000):  ConcurrentGCThread "G1 Conc#0" [stack: 0x000000a98b600000,0x000000a98b700000] [id=6212]

Stack: [0x000000a98b600000,0x000000a98b700000],  sp=0x000000a98b6ff728,  free space=1021k
Native frames: (J=compiled Java code, j=interpreted, Vv=VM code, C=native code)
V  [jvm.dll+0x18c9e6]


siginfo: EXCEPTION_ACCESS_VIOLATION (0xc0000005), reading address 0x000000037b3103a0


Register to memory mapping:

RIP=0x00007ffbfef3c9e6 jvm.dll
RAX=0x0000000000000001 is an unknown value
RBX=0x00000000829581a0 is pointing into object: [B 
{0x0000000082958180} - klass: {type array byte}
 - length: 52
RCX=0x00000000829581a0 is pointing into object: [B 
{0x0000000082958180} - klass: {type array byte}
 - length: 52
RDX=0x00000000829581a0 is pointing into object: [B 
{0x0000000082958180} - klass: {type array byte}
 - length: 52
RSP=0x000000a98b6ff728 points into unknown readable memory: 0x00007ffbff08a4ea | ea a4 08 ff fb 7f 00 00
RBP=0x000001b18e0fbc90 points into unknown readable memory: 0x000001b18e104800 | 00 48 10 8e b1 01 00 00
RSI=0x0000000000000001 is an unknown value
RDI=0x0 is NULL
R8 =0x0 is NULL
R9 =0x000000037b310398 is an unknown value
R10=0x000001b18e0fbc90 points into unknown readable memory: 0x000001b18e104800 | 00 48 10 8e b1 01 00 00
R11=0x000001b1a3590000 points into unknown readable memory: 0x80820412020a0001 | 01 00 0a 02 12 04 82 80
R12=0x000000000000000c is an unknown value
R13=0xaaaaaaaaaaaaaaab is an unknown value
R14=0x0 is NULL
R15=0x00000000829e8e38 is an oop: org.codehaus.groovy.runtime.metaclass.MetaMethodIndex$Entry 
{0x00000000829e8e38} - klass: 'org/codehaus/groovy/runtime/metaclass/MetaMethodIndex$Entry'


Registers:
RAX=0x0000000000000001, RBX=0x00000000829581a0, RCX=0x00000000829581a0, RDX=0x00000000829581a0
RSP=0x000000a98b6ff728, RBP=0x000001b18e0fbc90, RSI=0x0000000000000001, RDI=0x0000000000000000
R8 =0x0000000000000000, R9 =0x000000037b310398, R10=0x000001b18e0fbc90, R11=0x000001b1a3590000
R12=0x000000000000000c, R13=0xaaaaaaaaaaaaaaab, R14=0x0000000000000000, R15=0x00000000829e8e38
RIP=0x00007ffbfef3c9e6, EFLAGS=0x0000000000010202

Top of Stack: (sp=0x000000a98b6ff728)
0x000000a98b6ff728:   00007ffbff08a4ea 00000000829581a0
0x000000a98b6ff738:   00000001004289b0 000001b18e108dd0
0x000000a98b6ff748:   000000a98b6ff938 00000001004289b8
0x000000a98b6ff758:   00007ffbff08a396 00000001004289b0
0x000000a98b6ff768:   00000000829581a0 000001b18e108e70
0x000000a98b6ff778:   000000a98b6ff938 0000000000000000
0x000000a98b6ff788:   00000000829c63c8 00000000829e8e70
0x000000a98b6ff798:   00007ffbff0821ed 000000008283c150
0x000000a98b6ff7a8:   00000000829e8e54 0000000000000003
0x000000a98b6ff7b8:   000000a98b6ff938 000000a98b6ff910
0x000000a98b6ff7c8:   000001b18e106701 00000001004287a8
0x000000a98b6ff7d8:   00007ffbff081aa1 0000000000000007
0x000000a98b6ff7e8:   000000a98b6ff938 00000000829e8e38
0x000000a98b6ff7f8:   0000000000000000 00000000829e8e38
0x000000a98b6ff808:   00007ffbff08ffcf 000001b18e108e70
0x000000a98b6ff818:   0000000000540000 000000a98b6ff910 

Instructions: (pc=0x00007ffbfef3c9e6)
0x00007ffbfef3c8e6:   82 00 48 d3 e0 48 03 05 1e 22 82 00 eb 04 48 8b
0x00007ffbfef3c8f6:   43 08 81 78 08 00 00 00 c0 73 7d 48 8b 4f 38 48
0x00007ffbfef3c906:   8b d3 48 8b 01 ff 50 20 84 c0 75 6c 38 05 80 ac
0x00007ffbfef3c916:   86 00 74 15 8b 53 08 8b 0d f5 21 82 00 48 d3 e2
0x00007ffbfef3c926:   48 03 15 e3 21 82 00 eb 04 48 8b 53 08 48 8b cb
0x00007ffbfef3c936:   48 89 5c 24 20 e8 a0 00 00 00 80 7f 30 00 48 63
0x00007ffbfef3c946:   c8 48 89 4c 24 28 0f 28 44 24 20 74 17 0f 11 86
0x00007ffbfef3c956:   98 03 00 00 48 8b 5c 24 40 48 8b 74 24 48 48 83
0x00007ffbfef3c966:   c4 30 5f c3 48 8b 07 48 8d 54 24 20 48 8b cf 66
0x00007ffbfef3c976:   0f 7f 44 24 20 ff 50 38 48 8b 5c 24 40 48 8b 74
0x00007ffbfef3c986:   24 48 48 83 c4 30 5f c3 cc cc 48 8b 49 38 48 8b
0x00007ffbfef3c996:   01 48 ff 60 28 cc cc cc cc cc 80 3d f1 ab 86 00
0x00007ffbfef3c9a6:   00 48 8b c1 74 1b 8b 51 08 8b 0d 63 21 82 00 48
0x00007ffbfef3c9b6:   d3 e2 48 8b c8 48 03 15 4e 21 82 00 e9 19 00 00
0x00007ffbfef3c9c6:   00 48 8b 51 08 48 8b c8 e9 0d 00 00 00 cc cc cc
0x00007ffbfef3c9d6:   cc cc cc cc cc cc cc cc cc cc 4c 8b ca 48 8b d1
0x00007ffbfef3c9e6:   45 8b 41 08 45 85 c0 7e 0e 41 f6 c0 01 75 59 41
0x00007ffbfef3c9f6:   c1 f8 03 41 8b c0 c3 79 4f 80 3d 92 ab 86 00 00
0x00007ffbfef3ca06:   b8 0c 00 00 00 b9 10 00 00 00 0f 45 c8 8b 05 ab
0x00007ffbfef3ca16:   6c 80 00 ff c8 4c 63 c8 48 63 c1 41 8b c8 83 e1
0x00007ffbfef3ca26:   3f 48 63 14 10 41 8b c0 48 c1 f8 10 0f b6 c0 48
0x00007ffbfef3ca36:   d3 e2 49 8d 0c 11 49 f7 d1 48 03 c1 49 c1 e9 03
0x00007ffbfef3ca46:   48 c1 e8 03 41 23 c1 c3 49 8b 01 49 8b c9 48 ff
0x00007ffbfef3ca56:   a0 10 01 00 00 cc cc cc cc cc 48 83 ec 38 0f 10
0x00007ffbfef3ca66:   02 48 8b 49 38 48 8d 54 24 20 0f 29 44 24 20 e8
0x00007ffbfef3ca76:   56 f0 ff ff 48 83 c4 38 c3 cc 48 89 5c 24 08 55
0x00007ffbfef3ca86:   56 57 41 54 41 55 41 56 41 57 48 8d 6c 24 e0 48
0x00007ffbfef3ca96:   81 ec 20 01 00 00 48 8b 05 5d a5 83 00 48 33 c4
0x00007ffbfef3caa6:   48 89 45 10 48 8b 05 df 15 86 00 45 33 ed 4c 8b
0x00007ffbfef3cab6:   b5 80 00 00 00 4c 8b fa 48 8b bd 88 00 00 00 4d
0x00007ffbfef3cac6:   8b c6 49 8b d6 49 8b f1 48 8b 48 38 48 8b 59 48
0x00007ffbfef3cad6:   49 8b cf c7 45 c0 ff ff ff ff 44 89 6d d4 4c 89 


Stack slot to memory mapping:
stack at sp + 0 slots: 0x00007ffbff08a4ea jvm.dll
stack at sp + 1 slots: 0x00000000829581a0 is pointing into object: [B 
{0x0000000082958180} - klass: {type array byte}
 - length: 52
stack at sp + 2 slots: 0x00000001004289b0 is pointing into metadata
stack at sp + 3 slots: 0x000001b18e108dd0 points into unknown readable memory: 0x000001b100000041 | 41 00 00 00 b1 01 00 00
stack at sp + 4 slots: 0x000000a98b6ff938 points into unknown readable memory: 0x00007ffbff5cef20 | 20 ef 5c ff fb 7f 00 00
stack at sp + 5 slots: 0x00000001004289b8 is a pointer to class: 
org.codehaus.groovy.util.Finalizable {0x00000001004289c0}
stack at sp + 6 slots: 0x00007ffbff08a396 jvm.dll
stack at sp + 7 slots: 0x00000001004289b0 is pointing into metadata


---------------  P R O C E S S  ---------------

Threads class SMR info:
_java_thread_list=0x000001b1adba2dd0, length=56, elements={
0x000001b18e0b7800, 0x000001b1a9bfb800, 0x000001b1a9bfd000, 0x000001b1a9c19000,
0x000001b1a9c1a000, 0x000001b1a9c1c000, 0x000001b1a9c1f800, 0x000001b1aa542800,
0x000001b1aa5e8800, 0x000001b1aa6e1800, 0x000001b1abc97000, 0x000001b1aa7aa800,
0x000001b1abfa5800, 0x000001b1ac3ac000, 0x000001b1ac3b0000, 0x000001b1ac3af000,
0x000001b1ac3ad800, 0x000001b1ac3aa800, 0x000001b1afc03000, 0x000001b1afc07000,
0x000001b1afc03800, 0x000001b1afc04800, 0x000001b1afc08800, 0x000001b1afc0d800,
0x000001b1afc0c800, 0x000001b1b19f9000, 0x000001b1b19fc800, 0x000001b1b19f6000,
0x000001b1b19f5000, 0x000001b1b19f8000, 0x000001b1b19f6800, 0x000001b1b19f2800,
0x000001b1b19f3800, 0x000001b1b19fa000, 0x000001b1b1a00800, 0x000001b1b19fe800,
0x000001b1b19fe000, 0x000001b1b19fb800, 0x000001b1b19ff800, 0x000001b1b19fa800,
0x000001b1b1a01000, 0x000001b1b19fd000, 0x000001b1afc08000, 0x000001b1afc0b000,
0x000001b1afc06000, 0x000001b1afc09800, 0x000001b1afc05800, 0x000001b1afc0c000,
0x000001b1afc0a000, 0x000001b1afc0f000, 0x000001b1ac3ac800, 0x000001b1ac3ab000,
0x000001b1ac3ae800, 0x000001b1ac6d1000, 0x000001b1ac6ce800, 0x000001b1ac6d1800
}

Java Threads: ( => current thread )
  0x000001b18e0b7800 JavaThread "main" [_thread_blocked, id=5020, stack(0x000000a98b300000,0x000000a98b400000)]
  0x000001b1a9bfb800 JavaThread "Reference Handler" daemon [_thread_blocked, id=2112, stack(0x000000a98ba00000,0x000000a98bb00000)]
  0x000001b1a9bfd000 JavaThread "Finalizer" daemon [_thread_blocked, id=6976, stack(0x000000a98bb00000,0x000000a98bc00000)]
  0x000001b1a9c19000 JavaThread "Signal Dispatcher" daemon [_thread_blocked, id=6980, stack(0x000000a98bc00000,0x000000a98bd00000)]
  0x000001b1a9c1a000 JavaThread "Attach Listener" daemon [_thread_blocked, id=6360, stack(0x000000a98bd00000,0x000000a98be00000)]
  0x000001b1a9c1c000 JavaThread "Service Thread" daemon [_thread_blocked, id=6784, stack(0x000000a98be00000,0x000000a98bf00000)]
  0x000001b1a9c1f800 JavaThread "C2 CompilerThread0" daemon [_thread_blocked, id=6372, stack(0x000000a98bf00000,0x000000a98c000000)]
  0x000001b1aa542800 JavaThread "C1 CompilerThread0" daemon [_thread_blocked, id=6788, stack(0x000000a98c000000,0x000000a98c100000)]
  0x000001b1aa5e8800 JavaThread "Sweeper thread" daemon [_thread_blocked, id=6376, stack(0x000000a98c100000,0x000000a98c200000)]
  0x000001b1aa6e1800 JavaThread "Common-Cleaner" daemon [_thread_blocked, id=6992, stack(0x000000a98c200000,0x000000a98c300000)]
  0x000001b1abc97000 JavaThread "Daemon health stats" [_thread_blocked, id=6644, stack(0x000000a98c700000,0x000000a98c800000)]
  0x000001b1aa7aa800 JavaThread "Incoming local TCP Connector on port 53284" [_thread_in_native, id=5536, stack(0x000000a98c400000,0x000000a98c500000)]
  0x000001b1abfa5800 JavaThread "Daemon periodic checks" [_thread_blocked, id=7008, stack(0x000000a98c800000,0x000000a98c900000)]
  0x000001b1ac3ac000 JavaThread "Cache worker for file hash cache (C:\Users\Gev\.gradle\caches\7.0.2\fileHashes)" [_thread_blocked, id=1780, stack(0x000000a98d000000,0x000000a98d100000)]
  0x000001b1ac3b0000 JavaThread "File lock request listener" [_thread_in_native, id=3512, stack(0x000000a98d100000,0x000000a98d200000)]
  0x000001b1ac3af000 JavaThread "Cache worker for journal cache (C:\Users\Gev\.gradle\caches\journal-1)" [_thread_blocked, id=7084, stack(0x000000a98d300000,0x000000a98d400000)]
  0x000001b1ac3ad800 JavaThread "File watcher server" daemon [_thread_in_native, id=5760, stack(0x000000a98d600000,0x000000a98d700000)]
  0x000001b1ac3aa800 JavaThread "File watcher consumer" daemon [_thread_blocked, id=7076, stack(0x000000a98d700000,0x000000a98d800000)]
  0x000001b1afc03000 JavaThread "Cache worker for execution history cache (C:\Users\Gev\.gradle\caches\7.0.2\executionHistory)" [_thread_blocked, id=7136, stack(0x000000a98db00000,0x000000a98dc00000)]
  0x000001b1afc07000 JavaThread "jar transforms" [_thread_blocked, id=7132, stack(0x000000a98dc00000,0x000000a98dd00000)]
  0x000001b1afc03800 JavaThread "jar transforms Thread 2" [_thread_blocked, id=7140, stack(0x000000a98dd00000,0x000000a98de00000)]
  0x000001b1afc04800 JavaThread "Cache worker for file content cache (C:\Users\Gev\.gradle\caches\7.0.2\fileContent)" [_thread_blocked, id=5708, stack(0x000000a98de00000,0x000000a98df00000)]
  0x000001b1afc08800 JavaThread "jar transforms Thread 3" [_thread_blocked, id=4020, stack(0x000000a98e000000,0x000000a98e100000)]
  0x000001b1afc0d800 JavaThread "jar transforms Thread 4" [_thread_blocked, id=212, stack(0x000000a98e600000,0x000000a98e700000)]
  0x000001b1afc0c800 JavaThread "Memory manager" [_thread_blocked, id=6584, stack(0x000000a98e700000,0x000000a98e800000)]
  0x000001b1b19f9000 JavaThread "Cache worker for Java compile cache (C:\Users\Gev\.gradle\caches\7.0.2\javaCompile)" [_thread_blocked, id=2668, stack(0x000000a98ed00000,0x000000a98ee00000)]
  0x000001b1b19fc800 JavaThread "ForkJoinPool.commonPool-worker-7" daemon [_thread_blocked, id=5944, stack(0x000000a98f500000,0x000000a98f600000)]
  0x000001b1b19f6000 JavaThread "Daemon Thread 2" [_thread_blocked, id=4956, stack(0x000000a98b000000,0x000000a98b100000)]
  0x000001b1b19f5000 JavaThread "Handler for socket connection from /127.0.0.1:53284 to /127.0.0.1:53698" [_thread_in_native, id=1008, stack(0x000000a98b100000,0x000000a98b200000)]
  0x000001b1b19f8000 JavaThread "Cancel handler" [_thread_blocked, id=1884, stack(0x000000a98b200000,0x000000a98b300000)]
  0x000001b1b19f6800 JavaThread "Daemon worker Thread 2" [_thread_blocked, id=4952, stack(0x000000a98c900000,0x000000a98ca00000)]
  0x000001b1b19f2800 JavaThread "Asynchronous log dispatcher for DefaultDaemonConnection: socket connection from /127.0.0.1:53284 to /127.0.0.1:53698" [_thread_blocked, id=1548, stack(0x000000a98ca00000,0x000000a98cb00000)]
  0x000001b1b19f3800 JavaThread "Stdin handler" [_thread_blocked, id=6940, stack(0x000000a98cb00000,0x000000a98cc00000)]
  0x000001b1b19fa000 JavaThread "Daemon client event forwarder" [_thread_blocked, id=560, stack(0x000000a98cc00000,0x000000a98cd00000)]
  0x000001b1b1a00800 JavaThread "Cache worker for file hash cache (C:\Users\Gev\AndroidStudioProjects\newview\.gradle\7.0.2\fileHashes)" [_thread_blocked, id=6484, stack(0x000000a98ce00000,0x000000a98cf00000)]
  0x000001b1b19fe800 JavaThread "Cache worker for checksums cache (C:\Users\Gev\AndroidStudioProjects\newview\.gradle\checksums)" [_thread_blocked, id=2004, stack(0x000000a98cf00000,0x000000a98d000000)]
  0x000001b1b19fe000 JavaThread "Cache worker for cache directory md-supplier (C:\Users\Gev\.gradle\caches\7.0.2\md-supplier)" [_thread_blocked, id=3204, stack(0x000000a98d400000,0x000000a98d500000)]
  0x000001b1b19fb800 JavaThread "Cache worker for cache directory md-rule (C:\Users\Gev\.gradle\caches\7.0.2\md-rule)" [_thread_blocked, id=880, stack(0x000000a98d500000,0x000000a98d600000)]
  0x000001b1b19ff800 JavaThread "Cache worker for dependencies-accessors (C:\Users\Gev\AndroidStudioProjects\newview\.gradle\7.0.2\dependencies-accessors)" [_thread_blocked, id=5068, stack(0x000000a98d800000,0x000000a98d900000)]
  0x000001b1b19fa800 JavaThread "Cache worker for Build Output Cleanup Cache (C:\Users\Gev\AndroidStudioProjects\newview\.gradle\buildOutputCleanup)" [_thread_blocked, id=7092, stack(0x000000a98d900000,0x000000a98da00000)]
  0x000001b1b1a01000 JavaThread "Build operations" [_thread_blocked, id=108, stack(0x000000a98da00000,0x000000a98db00000)]
  0x000001b1b19fd000 JavaThread "Build operations Thread 2" [_thread_blocked, id=2972, stack(0x000000a98df00000,0x000000a98e000000)]
  0x000001b1afc08000 JavaThread "Build operations Thread 3" [_thread_blocked, id=1012, stack(0x000000a98e100000,0x000000a98e200000)]
  0x000001b1afc0b000 JavaThread "Build operations Thread 4" [_thread_blocked, id=2988, stack(0x000000a98e200000,0x000000a98e300000)]
  0x000001b1afc06000 JavaThread "build event listener" [_thread_blocked, id=6256, stack(0x000000a98e300000,0x000000a98e400000)]
  0x000001b1afc09800 JavaThread "Execution worker for ':'" [_thread_blocked, id=3408, stack(0x000000a98e400000,0x000000a98e500000)]
  0x000001b1afc05800 JavaThread "Execution worker for ':' Thread 2" [_thread_blocked, id=3724, stack(0x000000a98e500000,0x000000a98e600000)]
  0x000001b1afc0c000 JavaThread "Execution worker for ':' Thread 3" [_thread_blocked, id=6984, stack(0x000000a98e800000,0x000000a98e900000)]
  0x000001b1afc0a000 JavaThread "Cache worker for execution history cache (C:\Users\Gev\AndroidStudioProjects\newview\.gradle\7.0.2\executionHistory)" [_thread_blocked, id=6688, stack(0x000000a98e900000,0x000000a98ea00000)]
  0x000001b1afc0f000 JavaThread "WorkerExecutor Queue" [_thread_in_Java, id=1268, stack(0x000000a98ea00000,0x000000a98eb00000)]
  0x000001b1ac3ac800 JavaThread "WorkerExecutor Queue Thread 2" [_thread_blocked, id=4544, stack(0x000000a98eb00000,0x000000a98ec00000)]
  0x000001b1ac3ab000 JavaThread "WorkerExecutor Queue Thread 4" [_thread_blocked, id=4796, stack(0x000000a98ee00000,0x000000a98ef00000)]
  0x000001b1ac3ae800 JavaThread "pool-6-thread-1" [_thread_blocked, id=4008, stack(0x000000a98ef00000,0x000000a98f000000)]
  0x000001b1ac6d1000 JavaThread "stderr" [_thread_in_native, id=4900, stack(0x000000a98f000000,0x000000a98f100000)]
  0x000001b1ac6ce800 JavaThread "stdout" [_thread_in_native, id=6168, stack(0x000000a98f100000,0x000000a98f200000)]
  0x000001b1ac6d1800 JavaThread "C2 CompilerThread1" daemon [_thread_in_native, id=6088, stack(0x000000a98cd00000,0x000000a98ce00000)]

Other Threads:
  0x000001b1a9bf3000 VMThread "VM Thread" [stack: 0x000000a98b900000,0x000000a98ba00000] [id=6964]
  0x000001b1aa6fa800 WatcherThread [stack: 0x000000a98c300000,0x000000a98c400000] [id=6996]
  0x000001b18e0d2000 GCTaskThread "GC Thread#0" [stack: 0x000000a98b400000,0x000000a98b500000] [id=996]
  0x000001b1aacaa800 GCTaskThread "GC Thread#1" [stack: 0x000000a98c500000,0x000000a98c600000] [id=6656]
  0x000001b1aae85000 GCTaskThread "GC Thread#2" [stack: 0x000000a98c600000,0x000000a98c700000] [id=6924]
  0x000001b1ac56a800 GCTaskThread "GC Thread#3" [stack: 0x000000a98d200000,0x000000a98d300000] [id=7080]
  0x000001b18e104800 ConcurrentGCThread "G1 Main Marker" [stack: 0x000000a98b500000,0x000000a98b600000] [id=6500]
=>0x000001b18e106000 ConcurrentGCThread "G1 Conc#0" [stack: 0x000000a98b600000,0x000000a98b700000] [id=6212]
  0x000001b1a9a44800 ConcurrentGCThread "G1 Refine#0" [stack: 0x000000a98b700000,0x000000a98b800000] [id=1880]
  0x000001b1b1e38800 ConcurrentGCThread "G1 Refine#1" [stack: 0x000000a98f800000,0x000000a98f900000] [id=6216]
  0x000001b1aa5e4800 ConcurrentGCThread "G1 Refine#2" [stack: 0x000000a98f900000,0x000000a98fa00000] [id=7112]
  0x000001b1aab86000 ConcurrentGCThread "G1 Refine#3" [stack: 0x000000a98fa00000,0x000000a98fb00000] [id=6424]
  0x000001b18e19d800 ConcurrentGCThread "G1 Young RemSet Sampling" [stack: 0x000000a98b800000,0x000000a98b900000] [id=6348]

Threads with active compile tasks:
C2 CompilerThread02369021 16994       4       com.google.common.base.CharMatcher$IsEither::matches (22 bytes)
C2 CompilerThread12369021 16993       4       org.objectweb.asm.ByteVector::putShort (52 bytes)

VM state:not at safepoint (normal execution)

VM Mutex/Monitor currently owned by a thread: None

Heap address: 0x0000000080000000, size: 2048 MB, Compressed Oops mode: 32-bit
Narrow klass base: 0x0000000000000000, Narrow klass shift: 3
Compressed class space size: 1073741824 Address: 0x0000000100000000

Heap:
 garbage-first heap   total 236544K, used 100367K [0x0000000080000000, 0x0000000100000000)
  region size 1024K, 9 young (9216K), 6 survivors (6144K)
 Metaspace       used 114445K, capacity 117498K, committed 117664K, reserved 1150976K
  class space    used 14679K, capacity 15829K, committed 15896K, reserved 1048576K
Heap Regions: E=young(eden), S=young(survivor), O=old, HS=humongous(starts), HC=humongous(continues), CS=collection set, F=free, A=archive, TAMS=top-at-mark-start (previous, next)
|   0|0x0000000080000000, 0x0000000080100000, 0x0000000080100000|100%| O|  |TAMS 0x0000000080100000, 0x0000000080100000| Untracked 
|   1|0x0000000080100000, 0x0000000080200000, 0x0000000080200000|100%| O|  |TAMS 0x0000000080200000, 0x0000000080200000| Untracked 
|   2|0x0000000080200000, 0x0000000080300000, 0x0000000080300000|100%| O|  |TAMS 0x0000000080300000, 0x0000000080300000| Untracked 
|   3|0x0000000080300000, 0x0000000080400000, 0x0000000080400000|100%|HS|  |TAMS 0x0000000080400000, 0x0000000080400000| Complete 
|   4|0x0000000080400000, 0x0000000080500000, 0x0000000080500000|100%|HC|  |TAMS 0x0000000080500000, 0x0000000080500000| Complete 
|   5|0x0000000080500000, 0x0000000080600000, 0x0000000080600000|100%|HC|  |TAMS 0x0000000080600000, 0x0000000080600000| Complete 
|   6|0x0000000080600000, 0x0000000080700000, 0x0000000080700000|100%| O|  |TAMS 0x0000000080700000, 0x0000000080700000| Untracked 
|   7|0x0000000080700000, 0x0000000080800000, 0x0000000080800000|100%| O|  |TAMS 0x0000000080800000, 0x0000000080800000| Untracked 
|   8|0x0000000080800000, 0x0000000080900000, 0x0000000080900000|100%| O|  |TAMS 0x0000000080900000, 0x0000000080900000| Untracked 
|   9|0x0000000080900000, 0x0000000080a00000, 0x0000000080a00000|100%| O|  |TAMS 0x0000000080a00000, 0x0000000080a00000| Untracked 
|  10|0x0000000080a00000, 0x0000000080b00000, 0x0000000080b00000|100%| O|  |TAMS 0x0000000080b00000, 0x0000000080b00000| Untracked 
|  11|0x0000000080b00000, 0x0000000080c00000, 0x0000000080c00000|100%| O|  |TAMS 0x0000000080c00000, 0x0000000080c00000| Untracked 
|  12|0x0000000080c00000, 0x0000000080d00000, 0x0000000080d00000|100%| O|  |TAMS 0x0000000080d00000, 0x0000000080d00000| Untracked 
|  13|0x0000000080d00000, 0x0000000080e00000, 0x0000000080e00000|100%| O|  |TAMS 0x0000000080e00000, 0x0000000080e00000| Untracked 
|  14|0x0000000080e00000, 0x0000000080f00000, 0x0000000080f00000|100%| O|  |TAMS 0x0000000080f00000, 0x0000000080f00000| Untracked 
|  15|0x0000000080f00000, 0x0000000081000000, 0x0000000081000000|100%| O|  |TAMS 0x0000000081000000, 0x0000000081000000| Untracked 
|  16|0x0000000081000000, 0x0000000081100000, 0x0000000081100000|100%|HS|  |TAMS 0x0000000081100000, 0x0000000081100000| Complete 
|  17|0x0000000081100000, 0x0000000081200000, 0x0000000081200000|100%|HS|  |TAMS 0x0000000081200000, 0x0000000081200000| Complete 
|  18|0x0000000081200000, 0x0000000081300000, 0x0000000081300000|100%|HS|  |TAMS 0x0000000081300000, 0x0000000081300000| Complete 
|  19|0x0000000081300000, 0x0000000081400000, 0x0000000081400000|100%|HC|  |TAMS 0x0000000081400000, 0x0000000081400000| Complete 
|  20|0x0000000081400000, 0x0000000081500000, 0x0000000081500000|100%| O|  |TAMS 0x0000000081500000, 0x0000000081500000| Untracked 
|  21|0x0000000081500000, 0x0000000081600000, 0x0000000081600000|100%| O|  |TAMS 0x0000000081600000, 0x0000000081600000| Untracked 
|  22|0x0000000081600000, 0x0000000081700000, 0x0000000081700000|100%| O|  |TAMS 0x0000000081700000, 0x0000000081700000| Untracked 
|  23|0x0000000081700000, 0x0000000081800000, 0x0000000081800000|100%| O|  |TAMS 0x0000000081800000, 0x0000000081800000| Untracked 
|  24|0x0000000081800000, 0x0000000081900000, 0x0000000081900000|100%| O|  |TAMS 0x0000000081900000, 0x0000000081900000| Untracked 
|  25|0x0000000081900000, 0x0000000081a00000, 0x0000000081a00000|100%| O|  |TAMS 0x0000000081a00000, 0x0000000081a00000| Untracked 
|  26|0x0000000081a00000, 0x0000000081b00000, 0x0000000081b00000|100%| O|  |TAMS 0x0000000081b00000, 0x0000000081b00000| Untracked 
|  27|0x0000000081b00000, 0x0000000081c00000, 0x0000000081c00000|100%| O|  |TAMS 0x0000000081c00000, 0x0000000081c00000| Untracked 
|  28|0x0000000081c00000, 0x0000000081d00000, 0x0000000081d00000|100%| O|  |TAMS 0x0000000081d00000, 0x0000000081d00000| Untracked 
|  29|0x0000000081d00000, 0x0000000081e00000, 0x0000000081e00000|100%| O|  |TAMS 0x0000000081e00000, 0x0000000081e00000| Untracked 
|  30|0x0000000081e00000, 0x0000000081f00000, 0x0000000081f00000|100%| O|  |TAMS 0x0000000081f00000, 0x0000000081f00000| Untracked 
|  31|0x0000000081f00000, 0x0000000082000000, 0x0000000082000000|100%| O|  |TAMS 0x0000000082000000, 0x0000000082000000| Untracked 
|  32|0x0000000082000000, 0x0000000082100000, 0x0000000082100000|100%| O|  |TAMS 0x0000000082100000, 0x0000000082100000| Untracked 
|  33|0x0000000082100000, 0x0000000082200000, 0x0000000082200000|100%| O|  |TAMS 0x0000000082200000, 0x0000000082200000| Untracked 
|  34|0x0000000082200000, 0x0000000082300000, 0x0000000082300000|100%| O|  |TAMS 0x0000000082300000, 0x0000000082300000| Untracked 
|  35|0x0000000082300000, 0x0000000082400000, 0x0000000082400000|100%| O|  |TAMS 0x0000000082400000, 0x0000000082400000| Untracked 
|  36|0x0000000082400000, 0x0000000082500000, 0x0000000082500000|100%| O|  |TAMS 0x0000000082500000, 0x0000000082500000| Untracked 
|  37|0x0000000082500000, 0x0000000082600000, 0x0000000082600000|100%| O|  |TAMS 0x0000000082600000, 0x0000000082600000| Untracked 
|  38|0x0000000082600000, 0x0000000082700000, 0x0000000082700000|100%| O|  |TAMS 0x0000000082700000, 0x0000000082700000| Untracked 
|  39|0x0000000082700000, 0x0000000082800000, 0x0000000082800000|100%| O|  |TAMS 0x0000000082800000, 0x0000000082800000| Untracked 
|  40|0x0000000082800000, 0x0000000082900000, 0x0000000082900000|100%| O|  |TAMS 0x0000000082900000, 0x0000000082900000| Untracked 
|  41|0x0000000082900000, 0x0000000082a00000, 0x0000000082a00000|100%| O|  |TAMS 0x0000000082a00000, 0x0000000082a00000| Untracked 
|  42|0x0000000082a00000, 0x0000000082b00000, 0x0000000082b00000|100%| O|  |TAMS 0x0000000082b00000, 0x0000000082b00000| Untracked 
|  43|0x0000000082b00000, 0x0000000082c00000, 0x0000000082c00000|100%| O|  |TAMS 0x0000000082c00000, 0x0000000082c00000| Untracked 
|  44|0x0000000082c00000, 0x0000000082d00000, 0x0000000082d00000|100%| O|  |TAMS 0x0000000082d00000, 0x0000000082d00000| Untracked 
|  45|0x0000000082d00000, 0x0000000082e00000, 0x0000000082e00000|100%| O|  |TAMS 0x0000000082e00000, 0x0000000082e00000| Untracked 
|  46|0x0000000082e00000, 0x0000000082f00000, 0x0000000082f00000|100%| O|  |TAMS 0x0000000082f00000, 0x0000000082f00000| Untracked 
|  47|0x0000000082f00000, 0x0000000083000000, 0x0000000083000000|100%| O|  |TAMS 0x0000000083000000, 0x0000000083000000| Untracked 
|  48|0x0000000083000000, 0x0000000083100000, 0x0000000083100000|100%| O|  |TAMS 0x0000000083100000, 0x0000000083100000| Untracked 
|  49|0x0000000083100000, 0x0000000083200000, 0x0000000083200000|100%| O|  |TAMS 0x0000000083200000, 0x0000000083200000| Untracked 
|  50|0x0000000083200000, 0x0000000083300000, 0x0000000083300000|100%| O|  |TAMS 0x0000000083300000, 0x0000000083300000| Untracked 
|  51|0x0000000083300000, 0x0000000083400000, 0x0000000083400000|100%| O|  |TAMS 0x0000000083400000, 0x0000000083400000| Untracked 
|  52|0x0000000083400000, 0x0000000083500000, 0x0000000083500000|100%| O|  |TAMS 0x0000000083500000, 0x0000000083500000| Untracked 
|  53|0x0000000083500000, 0x0000000083600000, 0x0000000083600000|100%| O|  |TAMS 0x0000000083600000, 0x0000000083600000| Untracked 
|  54|0x0000000083600000, 0x0000000083700000, 0x0000000083700000|100%| O|  |TAMS 0x0000000083700000, 0x0000000083700000| Untracked 
|  55|0x0000000083700000, 0x0000000083800000, 0x0000000083800000|100%| O|  |TAMS 0x0000000083800000, 0x0000000083800000| Untracked 
|  56|0x0000000083800000, 0x0000000083900000, 0x0000000083900000|100%| O|  |TAMS 0x0000000083800000, 0x0000000083900000| Untracked 
|  57|0x0000000083900000, 0x0000000083a00000, 0x0000000083a00000|100%| O|  |TAMS 0x0000000083900000, 0x0000000083a00000| Untracked 
|  58|0x0000000083a00000, 0x0000000083b00000, 0x0000000083b00000|100%| O|  |TAMS 0x0000000083b00000, 0x0000000083b00000| Untracked 
|  59|0x0000000083b00000, 0x0000000083c00000, 0x0000000083c00000|100%| O|  |TAMS 0x0000000083c00000, 0x0000000083c00000| Untracked 
|  60|0x0000000083c00000, 0x0000000083d00000, 0x0000000083d00000|100%| O|  |TAMS 0x0000000083d00000, 0x0000000083d00000| Untracked 
|  61|0x0000000083d00000, 0x0000000083e00000, 0x0000000083e00000|100%| O|  |TAMS 0x0000000083e00000, 0x0000000083e00000| Untracked 
|  62|0x0000000083e00000, 0x0000000083f00000, 0x0000000083f00000|100%| O|  |TAMS 0x0000000083f00000, 0x0000000083f00000| Untracked 
|  63|0x0000000083f00000, 0x0000000084000000, 0x0000000084000000|100%| O|  |TAMS 0x0000000084000000, 0x0000000084000000| Untracked 
|  64|0x0000000084000000, 0x0000000084100000, 0x0000000084100000|100%| O|  |TAMS 0x0000000084100000, 0x0000000084100000| Untracked 
|  65|0x0000000084100000, 0x0000000084200000, 0x0000000084200000|100%| O|  |TAMS 0x0000000084200000, 0x0000000084200000| Untracked 
|  66|0x0000000084200000, 0x0000000084300000, 0x0000000084300000|100%| O|  |TAMS 0x0000000084300000, 0x0000000084300000| Untracked 
|  67|0x0000000084300000, 0x0000000084400000, 0x0000000084400000|100%| O|  |TAMS 0x0000000084400000, 0x0000000084400000| Untracked 
|  68|0x0000000084400000, 0x0000000084500000, 0x0000000084500000|100%| O|  |TAMS 0x0000000084500000, 0x0000000084500000| Untracked 
|  69|0x0000000084500000, 0x0000000084600000, 0x0000000084600000|100%| O|  |TAMS 0x0000000084600000, 0x0000000084600000| Untracked 
|  70|0x0000000084600000, 0x0000000084700000, 0x0000000084700000|100%| O|  |TAMS 0x0000000084700000, 0x0000000084700000| Untracked 
|  71|0x0000000084700000, 0x0000000084800000, 0x0000000084800000|100%| O|  |TAMS 0x0000000084800000, 0x0000000084800000| Untracked 
|  72|0x0000000084800000, 0x0000000084800000, 0x0000000084900000|  0%| F|  |TAMS 0x0000000084800000, 0x0000000084800000| Untracked 
|  73|0x0000000084900000, 0x0000000084900000, 0x0000000084a00000|  0%| F|  |TAMS 0x0000000084900000, 0x0000000084900000| Untracked 
|  74|0x0000000084a00000, 0x0000000084b00000, 0x0000000084b00000|100%| O|  |TAMS 0x0000000084b00000, 0x0000000084b00000| Untracked 
|  75|0x0000000084b00000, 0x0000000084c00000, 0x0000000084c00000|100%| O|  |TAMS 0x0000000084c00000, 0x0000000084c00000| Untracked 
|  76|0x0000000084c00000, 0x0000000084d00000, 0x0000000084d00000|100%| O|  |TAMS 0x0000000084d00000, 0x0000000084d00000| Untracked 
|  77|0x0000000084d00000, 0x0000000084e00000, 0x0000000084e00000|100%| O|  |TAMS 0x0000000084e00000, 0x0000000084e00000| Untracked 
|  78|0x0000000084e00000, 0x0000000084f00000, 0x0000000084f00000|100%| O|  |TAMS 0x0000000084f00000, 0x0000000084f00000| Untracked 
|  79|0x0000000084f00000, 0x0000000085000000, 0x0000000085000000|100%| O|  |TAMS 0x0000000085000000, 0x0000000085000000| Untracked 
|  80|0x0000000085000000, 0x0000000085000000, 0x0000000085100000|  0%| F|  |TAMS 0x0000000085000000, 0x0000000085000000| Untracked 
|  81|0x0000000085100000, 0x0000000085100000, 0x0000000085200000|  0%| F|  |TAMS 0x0000000085100000, 0x0000000085100000| Untracked 
|  82|0x0000000085200000, 0x0000000085300000, 0x0000000085300000|100%| O|  |TAMS 0x0000000085300000, 0x0000000085300000| Untracked 
|  83|0x0000000085300000, 0x0000000085400000, 0x0000000085400000|100%| O|  |TAMS 0x0000000085400000, 0x0000000085400000| Untracked 
|  84|0x0000000085400000, 0x0000000085500000, 0x0000000085500000|100%| O|  |TAMS 0x0000000085500000, 0x0000000085500000| Untracked 
|  85|0x0000000085500000, 0x0000000085600000, 0x0000000085600000|100%| O|  |TAMS 0x0000000085600000, 0x0000000085600000| Untracked 
|  86|0x0000000085600000, 0x0000000085700000, 0x0000000085700000|100%| O|  |TAMS 0x0000000085700000, 0x0000000085700000| Untracked 
|  87|0x0000000085700000, 0x0000000085800000, 0x0000000085800000|100%| O|  |TAMS 0x0000000085800000, 0x0000000085800000| Untracked 
|  88|0x0000000085800000, 0x0000000085900000, 0x0000000085900000|100%| O|  |TAMS 0x0000000085800000, 0x0000000085900000| Untracked 
|  89|0x0000000085900000, 0x0000000085a00000, 0x0000000085a00000|100%| O|  |TAMS 0x0000000085900000, 0x0000000085a00000| Untracked 
|  90|0x0000000085a00000, 0x0000000085b00000, 0x0000000085b00000|100%| O|  |TAMS 0x0000000085a00000, 0x0000000085b00000| Untracked 
|  91|0x0000000085b00000, 0x0000000085c00000, 0x0000000085c00000|100%| O|  |TAMS 0x0000000085b00000, 0x0000000085c00000| Untracked 
|  92|0x0000000085c00000, 0x0000000085d00000, 0x0000000085d00000|100%| O|  |TAMS 0x0000000085d00000, 0x0000000085d00000| Untracked 
|  93|0x0000000085d00000, 0x0000000085d00000, 0x0000000085e00000|  0%| F|  |TAMS 0x0000000085d00000, 0x0000000085d00000| Untracked 
|  94|0x0000000085e00000, 0x0000000085f00000, 0x0000000085f00000|100%| O|  |TAMS 0x0000000085f00000, 0x0000000085f00000| Untracked 
|  95|0x0000000085f00000, 0x0000000086000000, 0x0000000086000000|100%| O|  |TAMS 0x0000000085f2d200, 0x0000000086000000| Untracked 
|  96|0x0000000086000000, 0x000000008600c600, 0x0000000086100000|  4%| O|  |TAMS 0x0000000086000000, 0x000000008600c600| Untracked 
|  97|0x0000000086100000, 0x0000000086100000, 0x0000000086200000|  0%| F|  |TAMS 0x0000000086100000, 0x0000000086100000| Untracked 
|  98|0x0000000086200000, 0x0000000086200000, 0x0000000086300000|  0%| F|  |TAMS 0x0000000086200000, 0x0000000086200000| Untracked 
|  99|0x0000000086300000, 0x0000000086300000, 0x0000000086400000|  0%| F|  |TAMS 0x0000000086300000, 0x0000000086300000| Untracked 
| 100|0x0000000086400000, 0x0000000086400000, 0x0000000086500000|  0%| F|  |TAMS 0x0000000086400000, 0x0000000086400000| Untracked 
| 101|0x0000000086500000, 0x0000000086500000, 0x0000000086600000|  0%| F|  |TAMS 0x0000000086500000, 0x0000000086500000| Untracked 
| 102|0x0000000086600000, 0x0000000086600000, 0x0000000086700000|  0%| F|  |TAMS 0x0000000086600000, 0x0000000086600000| Untracked 
| 103|0x0000000086700000, 0x0000000086700000, 0x0000000086800000|  0%| F|  |TAMS 0x0000000086700000, 0x0000000086700000| Untracked 
| 104|0x0000000086800000, 0x0000000086800000, 0x0000000086900000|  0%| F|  |TAMS 0x0000000086800000, 0x0000000086800000| Untracked 
| 105|0x0000000086900000, 0x0000000086900000, 0x0000000086a00000|  0%| F|  |TAMS 0x0000000086900000, 0x0000000086900000| Untracked 
| 106|0x0000000086a00000, 0x0000000086a00000, 0x0000000086b00000|  0%| F|  |TAMS 0x0000000086a00000, 0x0000000086a00000| Untracked 
| 107|0x0000000086b00000, 0x0000000086b00000, 0x0000000086c00000|  0%| F|  |TAMS 0x0000000086b00000, 0x0000000086b00000| Untracked 
| 108|0x0000000086c00000, 0x0000000086c00000, 0x0000000086d00000|  0%| F|  |TAMS 0x0000000086c00000, 0x0000000086c00000| Untracked 
| 109|0x0000000086d00000, 0x0000000086d00000, 0x0000000086e00000|  0%| F|  |TAMS 0x0000000086d00000, 0x0000000086d00000| Untracked 
| 110|0x0000000086e00000, 0x0000000086e00000, 0x0000000086f00000|  0%| F|  |TAMS 0x0000000086e00000, 0x0000000086e00000| Untracked 
| 111|0x0000000086f00000, 0x0000000086f00000, 0x0000000087000000|  0%| F|  |TAMS 0x0000000086f00000, 0x0000000086f00000| Untracked 
| 112|0x0000000087000000, 0x0000000087000000, 0x0000000087100000|  0%| F|  |TAMS 0x0000000087000000, 0x0000000087000000| Untracked 
| 113|0x0000000087100000, 0x0000000087100000, 0x0000000087200000|  0%| F|  |TAMS 0x0000000087100000, 0x0000000087100000| Untracked 
| 114|0x0000000087200000, 0x0000000087200000, 0x0000000087300000|  0%| F|  |TAMS 0x0000000087200000, 0x0000000087200000| Untracked 
| 115|0x0000000087300000, 0x0000000087300000, 0x0000000087400000|  0%| F|  |TAMS 0x0000000087300000, 0x0000000087300000| Untracked 
| 116|0x0000000087400000, 0x0000000087400000, 0x0000000087500000|  0%| F|  |TAMS 0x0000000087400000, 0x0000000087400000| Untracked 
| 117|0x0000000087500000, 0x0000000087500000, 0x0000000087600000|  0%| F|  |TAMS 0x0000000087500000, 0x0000000087500000| Untracked 
| 118|0x0000000087600000, 0x0000000087600000, 0x0000000087700000|  0%| F|  |TAMS 0x0000000087600000, 0x0000000087600000| Untracked 
| 119|0x0000000087700000, 0x0000000087700000, 0x0000000087800000|  0%| F|  |TAMS 0x0000000087700000, 0x0000000087700000| Untracked 
| 120|0x0000000087800000, 0x0000000087800000, 0x0000000087900000|  0%| F|  |TAMS 0x0000000087800000, 0x0000000087800000| Untracked 
| 121|0x0000000087900000, 0x0000000087900000, 0x0000000087a00000|  0%| F|  |TAMS 0x0000000087900000, 0x0000000087900000| Untracked 
| 122|0x0000000087a00000, 0x0000000087a00000, 0x0000000087b00000|  0%| F|  |TAMS 0x0000000087a00000, 0x0000000087a00000| Untracked 
| 123|0x0000000087b00000, 0x0000000087b00000, 0x0000000087c00000|  0%| F|  |TAMS 0x0000000087b00000, 0x0000000087b00000| Untracked 
| 124|0x0000000087c00000, 0x0000000087c00000, 0x0000000087d00000|  0%| F|  |TAMS 0x0000000087c00000, 0x0000000087c00000| Untracked 
| 125|0x0000000087d00000, 0x0000000087d00000, 0x0000000087e00000|  0%| F|  |TAMS 0x0000000087d00000, 0x0000000087d00000| Untracked 
| 126|0x0000000087e00000, 0x0000000087e00000, 0x0000000087f00000|  0%| F|  |TAMS 0x0000000087e00000, 0x0000000087e00000| Untracked 
| 127|0x0000000087f00000, 0x0000000087f00000, 0x0000000088000000|  0%| F|  |TAMS 0x0000000087f00000, 0x0000000087f00000| Untracked 
| 128|0x0000000088000000, 0x0000000088000000, 0x0000000088100000|  0%| F|  |TAMS 0x0000000088000000, 0x0000000088000000| Untracked 
| 129|0x0000000088100000, 0x0000000088100000, 0x0000000088200000|  0%| F|  |TAMS 0x0000000088100000, 0x0000000088100000| Untracked 
| 130|0x0000000088200000, 0x0000000088200000, 0x0000000088300000|  0%| F|  |TAMS 0x0000000088200000, 0x0000000088200000| Untracked 
| 131|0x0000000088300000, 0x0000000088300000, 0x0000000088400000|  0%| F|  |TAMS 0x0000000088300000, 0x0000000088300000| Untracked 
| 132|0x0000000088400000, 0x0000000088400000, 0x0000000088500000|  0%| F|  |TAMS 0x0000000088400000, 0x0000000088400000| Untracked 
| 133|0x0000000088500000, 0x0000000088500000, 0x0000000088600000|  0%| F|  |TAMS 0x0000000088500000, 0x0000000088500000| Untracked 
| 134|0x0000000088600000, 0x0000000088600000, 0x0000000088700000|  0%| F|  |TAMS 0x0000000088600000, 0x0000000088600000| Untracked 
| 135|0x0000000088700000, 0x0000000088700000, 0x0000000088800000|  0%| F|  |TAMS 0x0000000088700000, 0x0000000088700000| Untracked 
| 136|0x0000000088800000, 0x0000000088800000, 0x0000000088900000|  0%| F|  |TAMS 0x0000000088800000, 0x0000000088800000| Untracked 
| 137|0x0000000088900000, 0x0000000088900000, 0x0000000088a00000|  0%| F|  |TAMS 0x0000000088900000, 0x0000000088900000| Untracked 
| 138|0x0000000088a00000, 0x0000000088a00000, 0x0000000088b00000|  0%| F|  |TAMS 0x0000000088a00000, 0x0000000088a00000| Untracked 
| 139|0x0000000088b00000, 0x0000000088b00000, 0x0000000088c00000|  0%| F|  |TAMS 0x0000000088b00000, 0x0000000088b00000| Untracked 
| 140|0x0000000088c00000, 0x0000000088c00000, 0x0000000088d00000|  0%| F|  |TAMS 0x0000000088c00000, 0x0000000088c00000| Untracked 
| 141|0x0000000088d00000, 0x0000000088d00000, 0x0000000088e00000|  0%| F|  |TAMS 0x0000000088d00000, 0x0000000088d00000| Untracked 
| 142|0x0000000088e00000, 0x0000000088e00000, 0x0000000088f00000|  0%| F|  |TAMS 0x0000000088e00000, 0x0000000088e00000| Untracked 
| 143|0x0000000088f00000, 0x0000000088f00000, 0x0000000089000000|  0%| F|  |TAMS 0x0000000088f00000, 0x0000000088f00000| Untracked 
| 144|0x0000000089000000, 0x0000000089000000, 0x0000000089100000|  0%| F|  |TAMS 0x0000000089000000, 0x0000000089000000| Untracked 
| 145|0x0000000089100000, 0x0000000089100000, 0x0000000089200000|  0%| F|  |TAMS 0x0000000089100000, 0x0000000089100000| Untracked 
| 146|0x0000000089200000, 0x0000000089200000, 0x0000000089300000|  0%| F|  |TAMS 0x0000000089200000, 0x0000000089200000| Untracked 
| 147|0x0000000089300000, 0x0000000089300000, 0x0000000089400000|  0%| F|  |TAMS 0x0000000089300000, 0x0000000089300000| Untracked 
| 148|0x0000000089400000, 0x0000000089400000, 0x0000000089500000|  0%| F|  |TAMS 0x0000000089400000, 0x0000000089400000| Untracked 
| 149|0x0000000089500000, 0x0000000089500000, 0x0000000089600000|  0%| F|  |TAMS 0x0000000089500000, 0x0000000089500000| Untracked 
| 150|0x0000000089600000, 0x0000000089600000, 0x0000000089700000|  0%| F|  |TAMS 0x0000000089600000, 0x0000000089600000| Untracked 
| 151|0x0000000089700000, 0x0000000089700000, 0x0000000089800000|  0%| F|  |TAMS 0x0000000089700000, 0x0000000089700000| Untracked 
| 152|0x0000000089800000, 0x00000000898f77a0, 0x0000000089900000| 96%| S|CS|TAMS 0x0000000089800000, 0x0000000089800000| Complete 
| 153|0x0000000089900000, 0x0000000089a00000, 0x0000000089a00000|100%| S|CS|TAMS 0x0000000089900000, 0x0000000089900000| Complete 
| 154|0x0000000089a00000, 0x0000000089b00000, 0x0000000089b00000|100%| S|CS|TAMS 0x0000000089a00000, 0x0000000089a00000| Complete 
| 155|0x0000000089b00000, 0x0000000089c00000, 0x0000000089c00000|100%| S|CS|TAMS 0x0000000089b00000, 0x0000000089b00000| Complete 
| 156|0x0000000089c00000, 0x0000000089d00000, 0x0000000089d00000|100%| S|CS|TAMS 0x0000000089c00000, 0x0000000089c00000| Complete 
| 157|0x0000000089d00000, 0x0000000089e00000, 0x0000000089e00000|100%| S|CS|TAMS 0x0000000089d00000, 0x0000000089d00000| Complete 
| 158|0x0000000089e00000, 0x0000000089e00000, 0x0000000089f00000|  0%| F|  |TAMS 0x0000000089e00000, 0x0000000089e00000| Untracked 
| 159|0x0000000089f00000, 0x0000000089f00000, 0x000000008a000000|  0%| F|  |TAMS 0x0000000089f00000, 0x0000000089f00000| Untracked 
| 160|0x000000008a000000, 0x000000008a000000, 0x000000008a100000|  0%| F|  |TAMS 0x000000008a000000, 0x000000008a000000| Untracked 
| 161|0x000000008a100000, 0x000000008a100000, 0x000000008a200000|  0%| F|  |TAMS 0x000000008a100000, 0x000000008a100000| Untracked 
| 162|0x000000008a200000, 0x000000008a200000, 0x000000008a300000|  0%| F|  |TAMS 0x000000008a200000, 0x000000008a200000| Untracked 
| 163|0x000000008a300000, 0x000000008a300000, 0x000000008a400000|  0%| F|  |TAMS 0x000000008a300000, 0x000000008a300000| Untracked 
| 164|0x000000008a400000, 0x000000008a400000, 0x000000008a500000|  0%| F|  |TAMS 0x000000008a400000, 0x000000008a400000| Untracked 
| 165|0x000000008a500000, 0x000000008a500000, 0x000000008a600000|  0%| F|  |TAMS 0x000000008a500000, 0x000000008a500000| Untracked 
| 166|0x000000008a600000, 0x000000008a600000, 0x000000008a700000|  0%| F|  |TAMS 0x000000008a600000, 0x000000008a600000| Untracked 
| 167|0x000000008a700000, 0x000000008a700000, 0x000000008a800000|  0%| F|  |TAMS 0x000000008a700000, 0x000000008a700000| Untracked 
| 168|0x000000008a800000, 0x000000008a800000, 0x000000008a900000|  0%| F|  |TAMS 0x000000008a800000, 0x000000008a800000| Untracked 
| 169|0x000000008a900000, 0x000000008a900000, 0x000000008aa00000|  0%| F|  |TAMS 0x000000008a900000, 0x000000008a900000| Untracked 
| 170|0x000000008aa00000, 0x000000008aa00000, 0x000000008ab00000|  0%| F|  |TAMS 0x000000008aa00000, 0x000000008aa00000| Untracked 
| 171|0x000000008ab00000, 0x000000008ab00000, 0x000000008ac00000|  0%| F|  |TAMS 0x000000008ab00000, 0x000000008ab00000| Untracked 
| 172|0x000000008ac00000, 0x000000008ac00000, 0x000000008ad00000|  0%| F|  |TAMS 0x000000008ac00000, 0x000000008ac00000| Untracked 
| 173|0x000000008ad00000, 0x000000008ad00000, 0x000000008ae00000|  0%| F|  |TAMS 0x000000008ad00000, 0x000000008ad00000| Untracked 
| 174|0x000000008ae00000, 0x000000008ae00000, 0x000000008af00000|  0%| F|  |TAMS 0x000000008ae00000, 0x000000008ae00000| Untracked 
| 175|0x000000008af00000, 0x000000008af00000, 0x000000008b000000|  0%| F|  |TAMS 0x000000008af00000, 0x000000008af00000| Untracked 
| 176|0x000000008b000000, 0x000000008b000000, 0x000000008b100000|  0%| F|  |TAMS 0x000000008b000000, 0x000000008b000000| Untracked 
| 177|0x000000008b100000, 0x000000008b100000, 0x000000008b200000|  0%| F|  |TAMS 0x000000008b100000, 0x000000008b100000| Untracked 
| 178|0x000000008b200000, 0x000000008b200000, 0x000000008b300000|  0%| F|  |TAMS 0x000000008b200000, 0x000000008b200000| Untracked 
| 179|0x000000008b300000, 0x000000008b300000, 0x000000008b400000|  0%| F|  |TAMS 0x000000008b300000, 0x000000008b300000| Untracked 
| 180|0x000000008b400000, 0x000000008b400000, 0x000000008b500000|  0%| F|  |TAMS 0x000000008b400000, 0x000000008b400000| Untracked 
| 181|0x000000008b500000, 0x000000008b500000, 0x000000008b600000|  0%| F|  |TAMS 0x000000008b500000, 0x000000008b500000| Untracked 
| 182|0x000000008b600000, 0x000000008b600000, 0x000000008b700000|  0%| F|  |TAMS 0x000000008b600000, 0x000000008b600000| Untracked 
| 183|0x000000008b700000, 0x000000008b700000, 0x000000008b800000|  0%| F|  |TAMS 0x000000008b700000, 0x000000008b700000| Untracked 
| 184|0x000000008b800000, 0x000000008b800000, 0x000000008b900000|  0%| F|  |TAMS 0x000000008b800000, 0x000000008b800000| Untracked 
| 185|0x000000008b900000, 0x000000008b900000, 0x000000008ba00000|  0%| F|  |TAMS 0x000000008b900000, 0x000000008b900000| Untracked 
| 186|0x000000008ba00000, 0x000000008ba00000, 0x000000008bb00000|  0%| F|  |TAMS 0x000000008ba00000, 0x000000008ba00000| Untracked 
| 187|0x000000008bb00000, 0x000000008bb00000, 0x000000008bc00000|  0%| F|  |TAMS 0x000000008bb00000, 0x000000008bb00000| Untracked 
| 188|0x000000008bc00000, 0x000000008bc00000, 0x000000008bd00000|  0%| F|  |TAMS 0x000000008bc00000, 0x000000008bc00000| Untracked 
| 189|0x000000008bd00000, 0x000000008bd00000, 0x000000008be00000|  0%| F|  |TAMS 0x000000008bd00000, 0x000000008bd00000| Untracked 
| 190|0x000000008be00000, 0x000000008be00000, 0x000000008bf00000|  0%| F|  |TAMS 0x000000008be00000, 0x000000008be00000| Untracked 
| 191|0x000000008bf00000, 0x000000008bf00000, 0x000000008c000000|  0%| F|  |TAMS 0x000000008bf00000, 0x000000008bf00000| Untracked 
| 192|0x000000008c000000, 0x000000008c000000, 0x000000008c100000|  0%| F|  |TAMS 0x000000008c000000, 0x000000008c000000| Untracked 
| 193|0x000000008c100000, 0x000000008c100000, 0x000000008c200000|  0%| F|  |TAMS 0x000000008c100000, 0x000000008c100000| Untracked 
| 194|0x000000008c200000, 0x000000008c200000, 0x000000008c300000|  0%| F|  |TAMS 0x000000008c200000, 0x000000008c200000| Untracked 
| 195|0x000000008c300000, 0x000000008c300000, 0x000000008c400000|  0%| F|  |TAMS 0x000000008c300000, 0x000000008c300000| Untracked 
| 196|0x000000008c400000, 0x000000008c400000, 0x000000008c500000|  0%| F|  |TAMS 0x000000008c400000, 0x000000008c400000| Untracked 
| 197|0x000000008c500000, 0x000000008c500000, 0x000000008c600000|  0%| F|  |TAMS 0x000000008c500000, 0x000000008c500000| Untracked 
| 198|0x000000008c600000, 0x000000008c600000, 0x000000008c700000|  0%| F|  |TAMS 0x000000008c600000, 0x000000008c600000| Untracked 
| 199|0x000000008c700000, 0x000000008c700000, 0x000000008c800000|  0%| F|  |TAMS 0x000000008c700000, 0x000000008c700000| Untracked 
| 200|0x000000008c800000, 0x000000008c800000, 0x000000008c900000|  0%| F|  |TAMS 0x000000008c800000, 0x000000008c800000| Untracked 
| 201|0x000000008c900000, 0x000000008c900000, 0x000000008ca00000|  0%| F|  |TAMS 0x000000008c900000, 0x000000008c900000| Untracked 
| 202|0x000000008ca00000, 0x000000008ca00000, 0x000000008cb00000|  0%| F|  |TAMS 0x000000008ca00000, 0x000000008ca00000| Untracked 
| 203|0x000000008cb00000, 0x000000008cb00000, 0x000000008cc00000|  0%| F|  |TAMS 0x000000008cb00000, 0x000000008cb00000| Untracked 
| 204|0x000000008cc00000, 0x000000008cc00000, 0x000000008cd00000|  0%| F|  |TAMS 0x000000008cc00000, 0x000000008cc00000| Untracked 
| 205|0x000000008cd00000, 0x000000008cd00000, 0x000000008ce00000|  0%| F|  |TAMS 0x000000008cd00000, 0x000000008cd00000| Untracked 
| 206|0x000000008ce00000, 0x000000008ce00000, 0x000000008cf00000|  0%| F|  |TAMS 0x000000008ce00000, 0x000000008ce00000| Untracked 
| 207|0x000000008cf00000, 0x000000008cf00000, 0x000000008d000000|  0%| F|  |TAMS 0x000000008cf00000, 0x000000008cf00000| Untracked 
| 208|0x000000008d000000, 0x000000008d000000, 0x000000008d100000|  0%| F|  |TAMS 0x000000008d000000, 0x000000008d000000| Untracked 
| 209|0x000000008d100000, 0x000000008d100000, 0x000000008d200000|  0%| F|  |TAMS 0x000000008d100000, 0x000000008d100000| Untracked 
| 210|0x000000008d200000, 0x000000008d200000, 0x000000008d300000|  0%| F|  |TAMS 0x000000008d200000, 0x000000008d200000| Untracked 
| 211|0x000000008d300000, 0x000000008d300000, 0x000000008d400000|  0%| F|  |TAMS 0x000000008d300000, 0x000000008d300000| Untracked 
| 212|0x000000008d400000, 0x000000008d400000, 0x000000008d500000|  0%| F|  |TAMS 0x000000008d400000, 0x000000008d400000| Untracked 
| 213|0x000000008d500000, 0x000000008d500000, 0x000000008d600000|  0%| F|  |TAMS 0x000000008d500000, 0x000000008d500000| Untracked 
| 214|0x000000008d600000, 0x000000008d600000, 0x000000008d700000|  0%| F|  |TAMS 0x000000008d600000, 0x000000008d600000| Untracked 
| 215|0x000000008d700000, 0x000000008d700000, 0x000000008d800000|  0%| F|  |TAMS 0x000000008d700000, 0x000000008d700000| Untracked 
| 216|0x000000008d800000, 0x000000008d800000, 0x000000008d900000|  0%| F|  |TAMS 0x000000008d800000, 0x000000008d800000| Untracked 
| 217|0x000000008d900000, 0x000000008d900000, 0x000000008da00000|  0%| F|  |TAMS 0x000000008d900000, 0x000000008d900000| Untracked 
| 218|0x000000008da00000, 0x000000008da00000, 0x000000008db00000|  0%| F|  |TAMS 0x000000008da00000, 0x000000008da00000| Untracked 
| 219|0x000000008db00000, 0x000000008db00000, 0x000000008dc00000|  0%| F|  |TAMS 0x000000008db00000, 0x000000008db00000| Untracked 
| 220|0x000000008dc00000, 0x000000008dc00000, 0x000000008dd00000|  0%| F|  |TAMS 0x000000008dc00000, 0x000000008dc00000| Untracked 
| 221|0x000000008dd00000, 0x000000008dd00000, 0x000000008de00000|  0%| F|  |TAMS 0x000000008dd00000, 0x000000008dd00000| Untracked 
| 222|0x000000008de00000, 0x000000008de00000, 0x000000008df00000|  0%| F|  |TAMS 0x000000008de00000, 0x000000008de00000| Untracked 
| 223|0x000000008df00000, 0x000000008df00000, 0x000000008e000000|  0%| F|  |TAMS 0x000000008df00000, 0x000000008df00000| Untracked 
| 224|0x000000008e000000, 0x000000008e000000, 0x000000008e100000|  0%| F|  |TAMS 0x000000008e000000, 0x000000008e000000| Untracked 
| 225|0x000000008e100000, 0x000000008e100000, 0x000000008e200000|  0%| F|  |TAMS 0x000000008e100000, 0x000000008e100000| Untracked 
| 226|0x000000008e200000, 0x000000008e200000, 0x000000008e300000|  0%| F|  |TAMS 0x000000008e200000, 0x000000008e200000| Untracked 
| 227|0x000000008e300000, 0x000000008e3b4f30, 0x000000008e400000| 70%| E|  |TAMS 0x000000008e300000, 0x000000008e300000| Complete 
| 228|0x000000008e400000, 0x000000008e500000, 0x000000008e500000|100%| E|CS|TAMS 0x000000008e400000, 0x000000008e400000| Complete 
| 229|0x000000008e500000, 0x000000008e600000, 0x000000008e600000|100%| E|  |TAMS 0x000000008e500000, 0x000000008e500000| Complete 
| 230|0x000000008e600000, 0x000000008e700000, 0x000000008e700000|100%| E|CS|TAMS 0x000000008e600000, 0x000000008e600000| Complete 

Card table byte_map: [0x000001b1a2d90000,0x000001b1a3190000] _byte_map_base: 0x000001b1a2990000

Marking Bits (Prev, Next): (CMBitMap*) 0x000001b18e0fbce0, (CMBitMap*) 0x000001b18e0fbca8
 Prev Bits: [0x000001b1a5590000, 0x000001b1a7590000)
 Next Bits: [0x000001b1a3590000, 0x000001b1a5590000)

Polling page: 0x000001b18df40000

Metaspace:

Usage:
  Non-class:     99.29 MB capacity,    97.43 MB ( 98%) used,     1.49 MB (  2%) free+waste,   370.44 KB ( <1%) overhead. 
      Class:     15.46 MB capacity,    14.34 MB ( 93%) used,   985.64 KB (  6%) free+waste,   164.13 KB (  1%) overhead. 
       Both:    114.74 MB capacity,   111.77 MB ( 97%) used,     2.45 MB (  2%) free+waste,   534.56 KB ( <1%) overhead. 

Virtual space:
  Non-class space:      100.00 MB reserved,      99.38 MB (>99%) committed 
      Class space:        1.00 GB reserved,      15.52 MB (  2%) committed 
             Both:        1.10 GB reserved,     114.91 MB ( 10%) committed 

Chunk freelists:
   Non-Class:  35.00 KB
       Class:  43.00 KB
        Both:  78.00 KB

MaxMetaspaceSize: 17179869184.00 GB
CompressedClassSpaceSize: 1.00 GB

CodeHeap 'non-profiled nmethods': size=120064Kb used=9158Kb max_used=9158Kb free=110905Kb
 bounds [0x000001b19ae30000, 0x000001b19b730000, 0x000001b1a2370000]
CodeHeap 'profiled nmethods': size=120000Kb used=36679Kb max_used=36679Kb free=83320Kb
 bounds [0x000001b193900000, 0x000001b195ce0000, 0x000001b19ae30000]
CodeHeap 'non-nmethods': size=5696Kb used=2353Kb max_used=2397Kb free=3342Kb
 bounds [0x000001b193370000, 0x000001b1935e0000, 0x000001b193900000]
 total_blobs=17681 nmethods=16709 adapters=882
 compilation: enabled
              stopped_count=0, restarted_count=0
 full_count=0

Compilation events (20 events):
Event: 2368.961 Thread 0x000001b1aa542800 nmethod 16970 0x000001b195cc4790 code [0x000001b195cc49c0, 0x000001b195cc5238]
Event: 2368.961 Thread 0x000001b1aa542800 16971       3       org.objectweb.asm.Type::getOpcode (284 bytes)
Event: 2368.962 Thread 0x000001b1aa542800 nmethod 16971 0x000001b195cc5490 code [0x000001b195cc5700, 0x000001b195cc6278]
Event: 2368.962 Thread 0x000001b1aa542800 16972       3       org.objectweb.asm.commons.GeneratorAdapter::dup (10 bytes)
Event: 2368.963 Thread 0x000001b1aa542800 nmethod 16972 0x000001b195cc6510 code [0x000001b195cc66c0, 0x000001b195cc6888]
Event: 2368.963 Thread 0x000001b1aa542800 16973       3       org.objectweb.asm.MethodWriter::visitLdcInsn (215 bytes)
Event: 2368.964 Thread 0x000001b1aa542800 nmethod 16973 0x000001b195cc6990 code [0x000001b195cc6c20, 0x000001b195cc7788]
Event: 2368.964 Thread 0x000001b1aa542800 16974       3       org.objectweb.asm.commons.GeneratorAdapter::arrayStore (14 bytes)
Event: 2368.965 Thread 0x000001b1aa542800 nmethod 16974 0x000001b195cc7c10 code [0x000001b195cc7de0, 0x000001b195cc7ff8]
Event: 2368.965 Thread 0x000001b1aa542800 16975       3       com.android.builder.symbols.BytecodeRClassWriterKt::isUnstableAndroidAttr (49 bytes)
Event: 2368.965 Thread 0x000001b1aa542800 nmethod 16975 0x000001b195cc8110 code [0x000001b195cc8320, 0x000001b195cc8728]
Event: 2368.965 Thread 0x000001b1aa542800 16976       3       org.objectweb.asm.MethodWriter::visitIntInsn (113 bytes)
Event: 2368.966 Thread 0x000001b1aa542800 nmethod 16976 0x000001b195cc8910 code [0x000001b195cc8b00, 0x000001b195cc8f48]
Event: 2368.966 Thread 0x000001b1a9c1f800 16977       4       org.objectweb.asm.ByteVector::putByte (39 bytes)
Event: 2368.968 Thread 0x000001b1a9c1f800 nmethod 16977 0x000001b19b71c990 code [0x000001b19b71cb40, 0x000001b19b71cc68]
Event: 2368.968 Thread 0x000001b1aa542800 16978       3       org.objectweb.asm.ByteVector::put11 (52 bytes)
Event: 2368.969 Thread 0x000001b1aa542800 nmethod 16978 0x000001b195cc9090 code [0x000001b195cc9260, 0x000001b195cc9468]
Event: 2368.981 Thread 0x000001b1aa542800 16979       3       jdk.internal.ref.Cleaner::create (19 bytes)
Event: 2368.982 Thread 0x000001b1aa542800 nmethod 16979 0x000001b195cc9590 code [0x000001b195cc97a0, 0x000001b195cc9fd8]
Event: 2368.982 Thread 0x000001b1aa542800 16981       3       org.objectweb.asm.SymbolTable::addConstantUtf8Reference (101 bytes)

GC Heap History (20 events):
Event: 22.345 GC heap before
{Heap before GC invocations=16 (full 0):
 garbage-first heap   total 236544K, used 168348K [0x0000000080000000, 0x0000000100000000)
  region size 1024K, 115 young (117760K), 12 survivors (12288K)
 Metaspace       used 89790K, capacity 92070K, committed 92108K, reserved 1128448K
  class space    used 11611K, capacity 12464K, committed 12492K, reserved 1048576K
}
Event: 22.374 GC heap after
{Heap after GC invocations=17 (full 0):
 garbage-first heap   total 236544K, used 68560K [0x0000000080000000, 0x0000000100000000)
  region size 1024K, 11 young (11264K), 11 survivors (11264K)
 Metaspace       used 89790K, capacity 92070K, committed 92108K, reserved 1128448K
  class space    used 11611K, capacity 12464K, committed 12492K, reserved 1048576K
}
Event: 24.385 GC heap before
{Heap before GC invocations=17 (full 0):
 garbage-first heap   total 236544K, used 185296K [0x0000000080000000, 0x0000000100000000)
  region size 1024K, 116 young (118784K), 11 survivors (11264K)
 Metaspace       used 100219K, capacity 102844K, committed 103116K, reserved 1138688K
  class space    used 13258K, capacity 14234K, committed 14284K, reserved 1048576K
}
Event: 24.457 GC heap after
{Heap after GC invocations=18 (full 0):
 garbage-first heap   total 236544K, used 89088K [0x0000000080000000, 0x0000000100000000)
  region size 1024K, 15 young (15360K), 15 survivors (15360K)
 Metaspace       used 100219K, capacity 102844K, committed 103116K, reserved 1138688K
  class space    used 13258K, capacity 14234K, committed 14284K, reserved 1048576K
}
Event: 24.667 GC heap before
{Heap before GC invocations=18 (full 0):
 garbage-first heap   total 236544K, used 95232K [0x0000000080000000, 0x0000000100000000)
  region size 1024K, 22 young (22528K), 15 survivors (15360K)
 Metaspace       used 101113K, capacity 103877K, committed 104140K, reserved 1138688K
  class space    used 13384K, capacity 14429K, committed 14540K, reserved 1048576K
}
Event: 24.720 GC heap after
{Heap after GC invocations=19 (full 0):
 garbage-first heap   total 236544K, used 91648K [0x0000000080000000, 0x0000000100000000)
  region size 1024K, 2 young (2048K), 2 survivors (2048K)
 Metaspace       used 101113K, capacity 103877K, committed 104140K, reserved 1138688K
  class space    used 13384K, capacity 14429K, committed 14540K, reserved 1048576K
}
Event: 26.025 GC heap before
{Heap before GC invocations=19 (full 0):
 garbage-first heap   total 236544K, used 147968K [0x0000000080000000, 0x0000000100000000)
  region size 1024K, 57 young (58368K), 2 survivors (2048K)
 Metaspace       used 102857K, capacity 105641K, committed 105804K, reserved 1140736K
  class space    used 13504K, capacity 14572K, committed 14668K, reserved 1048576K
}
Event: 26.045 GC heap after
{Heap after GC invocations=20 (full 0):
 garbage-first heap   total 236544K, used 98304K [0x0000000080000000, 0x0000000100000000)
  region size 1024K, 8 young (8192K), 8 survivors (8192K)
 Metaspace       used 102857K, capacity 105641K, committed 105804K, reserved 1140736K
  class space    used 13504K, capacity 14572K, committed 14668K, reserved 1048576K
}
Event: 27.196 GC heap before
{Heap before GC invocations=20 (full 0):
 garbage-first heap   total 236544K, used 157696K [0x0000000080000000, 0x0000000100000000)
  region size 1024K, 64 young (65536K), 8 survivors (8192K)
 Metaspace       used 103572K, capacity 106429K, committed 106572K, reserved 1140736K
  class space    used 13535K, capacity 14620K, committed 14668K, reserved 1048576K
}
Event: 27.213 GC heap after
{Heap after GC invocations=21 (full 0):
 garbage-first heap   total 236544K, used 101812K [0x0000000080000000, 0x0000000100000000)
  region size 1024K, 5 young (5120K), 5 survivors (5120K)
 Metaspace       used 103572K, capacity 106429K, committed 106572K, reserved 1140736K
  class space    used 13535K, capacity 14620K, committed 14668K, reserved 1048576K
}
Event: 28.465 GC heap before
{Heap before GC invocations=21 (full 0):
 garbage-first heap   total 236544K, used 161204K [0x0000000080000000, 0x0000000100000000)
  region size 1024K, 64 young (65536K), 5 survivors (5120K)
 Metaspace       used 106637K, capacity 109528K, committed 109772K, reserved 1144832K
  class space    used 13939K, capacity 15026K, committed 15052K, reserved 1048576K
}
Event: 28.473 GC heap after
{Heap after GC invocations=22 (full 0):
 garbage-first heap   total 236544K, used 97067K [0x0000000080000000, 0x0000000100000000)
  region size 1024K, 3 young (3072K), 3 survivors (3072K)
 Metaspace       used 106637K, capacity 109528K, committed 109772K, reserved 1144832K
  class space    used 13939K, capacity 15026K, committed 15052K, reserved 1048576K
}
Event: 29.809 GC heap before
{Heap before GC invocations=22 (full 0):
 garbage-first heap   total 236544K, used 145195K [0x0000000080000000, 0x0000000100000000)
  region size 1024K, 42 young (43008K), 3 survivors (3072K)
 Metaspace       used 109229K, capacity 112222K, committed 112340K, reserved 1146880K
  class space    used 14248K, capacity 15383K, committed 15436K, reserved 1048576K
}
Event: 29.820 GC heap after
{Heap after GC invocations=23 (full 0):
 garbage-first heap   total 236544K, used 99416K [0x0000000080000000, 0x0000000100000000)
  region size 1024K, 5 young (5120K), 5 survivors (5120K)
 Metaspace       used 109229K, capacity 112222K, committed 112340K, reserved 1146880K
  class space    used 14248K, capacity 15383K, committed 15436K, reserved 1048576K
}
Event: 2362.751 GC heap before
{Heap before GC invocations=24 (full 0):
 garbage-first heap   total 236544K, used 163928K [0x0000000080000000, 0x0000000100000000)
  region size 1024K, 72 young (73728K), 5 survivors (5120K)
 Metaspace       used 109997K, capacity 113024K, committed 113440K, reserved 1146880K
  class space    used 14247K, capacity 15348K, committed 15512K, reserved 1048576K
}
Event: 2362.766 GC heap after
{Heap after GC invocations=25 (full 0):
 garbage-first heap   total 236544K, used 97883K [0x0000000080000000, 0x0000000100000000)
  region size 1024K, 5 young (5120K), 5 survivors (5120K)
 Metaspace       used 109997K, capacity 113024K, committed 113440K, reserved 1146880K
  class space    used 14247K, capacity 15348K, committed 15512K, reserved 1048576K
}
Event: 2362.927 GC heap before
{Heap before GC invocations=25 (full 0):
 garbage-first heap   total 236544K, used 103003K [0x0000000080000000, 0x0000000100000000)
  region size 1024K, 11 young (11264K), 5 survivors (5120K)
 Metaspace       used 110066K, capacity 113057K, committed 113440K, reserved 1146880K
  class space    used 14249K, capacity 15353K, committed 15512K, reserved 1048576K
}
Event: 2362.941 GC heap after
{Heap after GC invocations=26 (full 0):
 garbage-first heap   total 236544K, used 94257K [0x0000000080000000, 0x0000000100000000)
  region size 1024K, 1 young (1024K), 1 survivors (1024K)
 Metaspace       used 110066K, capacity 113057K, committed 113440K, reserved 1146880K
  class space    used 14249K, capacity 15353K, committed 15512K, reserved 1048576K
}
Event: 2368.849 GC heap before
{Heap before GC invocations=26 (full 0):
 garbage-first heap   total 236544K, used 176177K [0x0000000080000000, 0x0000000100000000)
  region size 1024K, 73 young (74752K), 1 survivors (1024K)
 Metaspace       used 114374K, capacity 117434K, committed 117664K, reserved 1150976K
  class space    used 14676K, capacity 15829K, committed 15896K, reserved 1048576K
}
Event: 2368.881 GC heap after
{Heap after GC invocations=27 (full 0):
 garbage-first heap   total 236544K, used 99343K [0x0000000080000000, 0x0000000100000000)
  region size 1024K, 6 young (6144K), 6 survivors (6144K)
 Metaspace       used 114374K, capacity 117434K, committed 117664K, reserved 1150976K
  class space    used 14676K, capacity 15829K, committed 15896K, reserved 1048576K
}

Deoptimization events (20 events):
Event: 2368.804 Thread 0x000001b1afc0f000 Uncommon trap: trap_request=0xffffffde fr.pc=0x000001b19b6e686c relative=0x000000000000012c
Event: 2368.804 Thread 0x000001b1afc0f000 Uncommon trap: reason=class_check action=maybe_recompile pc=0x000001b19b6e686c method=com.google.common.collect.ImmutableList$1.get(I)Ljava/lang/Object; @ 5 c2
Event: 2368.804 Thread 0x000001b1afc0f000 DEOPT PACKING pc=0x000001b19b6e686c sp=0x000000a98eafdb00
Event: 2368.804 Thread 0x000001b1afc0f000 DEOPT UNPACKING pc=0x000001b19339782f sp=0x000000a98eafda30 mode 2
Event: 2368.804 Thread 0x000001b1afc0f000 Uncommon trap: trap_request=0xffffffde fr.pc=0x000001b19b6e686c relative=0x000000000000012c
Event: 2368.804 Thread 0x000001b1afc0f000 Uncommon trap: reason=class_check action=maybe_recompile pc=0x000001b19b6e686c method=com.google.common.collect.ImmutableList$1.get(I)Ljava/lang/Object; @ 5 c2
Event: 2368.804 Thread 0x000001b1afc0f000 DEOPT PACKING pc=0x000001b19b6e686c sp=0x000000a98eafdb00
Event: 2368.804 Thread 0x000001b1afc0f000 DEOPT UNPACKING pc=0x000001b19339782f sp=0x000000a98eafda30 mode 2
Event: 2368.812 Thread 0x000001b1afc0f000 Uncommon trap: trap_request=0xffffffde fr.pc=0x000001b19b6e686c relative=0x000000000000012c
Event: 2368.812 Thread 0x000001b1afc0f000 Uncommon trap: reason=class_check action=maybe_recompile pc=0x000001b19b6e686c method=com.google.common.collect.ImmutableList$1.get(I)Ljava/lang/Object; @ 5 c2
Event: 2368.812 Thread 0x000001b1afc0f000 DEOPT PACKING pc=0x000001b19b6e686c sp=0x000000a98eafdb00
Event: 2368.812 Thread 0x000001b1afc0f000 DEOPT UNPACKING pc=0x000001b19339782f sp=0x000000a98eafda30 mode 2
Event: 2368.812 Thread 0x000001b1afc0f000 Uncommon trap: trap_request=0xffffffde fr.pc=0x000001b19b6e686c relative=0x000000000000012c
Event: 2368.812 Thread 0x000001b1afc0f000 Uncommon trap: reason=class_check action=maybe_recompile pc=0x000001b19b6e686c method=com.google.common.collect.ImmutableList$1.get(I)Ljava/lang/Object; @ 5 c2
Event: 2368.812 Thread 0x000001b1afc0f000 DEOPT PACKING pc=0x000001b19b6e686c sp=0x000000a98eafdb00
Event: 2368.812 Thread 0x000001b1afc0f000 DEOPT UNPACKING pc=0x000001b19339782f sp=0x000000a98eafda30 mode 2
Event: 2368.981 Thread 0x000001b1afc0f000 Uncommon trap: trap_request=0xffffff4d fr.pc=0x000001b19b71b408 relative=0x00000000000000e8
Event: 2368.981 Thread 0x000001b1afc0f000 Uncommon trap: reason=unstable_if action=reinterpret pc=0x000001b19b71b408 method=org.objectweb.asm.ByteVector.putShort(I)Lorg/objectweb/asm/ByteVector; @ 13 c2
Event: 2368.981 Thread 0x000001b1afc0f000 DEOPT PACKING pc=0x000001b19b71b408 sp=0x000000a98eafd900
Event: 2368.981 Thread 0x000001b1afc0f000 DEOPT UNPACKING pc=0x000001b19339782f sp=0x000000a98eafd898 mode 2

Classes redefined (0 events):
No events

Internal exceptions (20 events):
Event: 33.609 Thread 0x000001b1abfa5800 Implicit null exception at 0x000001b19b13d694 to 0x000001b19b13dc14
Event: 2361.975 Thread 0x000001b1b19f6800 Implicit null exception at 0x000001b19b5af4ac to 0x000001b19b5b22dc
Event: 2362.921 Thread 0x000001b1b19f6800 Exception <a 'sun/nio/fs/WindowsException'{0x000000008e1eeea0}> (0x000000008e1eeea0) thrown at [./src/hotspot/share/prims/jni.cpp, line 615]
Event: 2363.061 Thread 0x000001b1b19f6800 Exception <a 'java/lang/NoClassDefFoundError'{0x000000008e4dfbc0}: org/jetbrains/kotlin/gradle/plugin/KotlinBasePluginWrapper> (0x000000008e4dfbc0) thrown at [./src/hotspot/share/oops/constantPool.cpp, line 775]
Event: 2363.119 Thread 0x000001b1b19f6800 Implicit null exception at 0x000001b19b60d252 to 0x000001b19b60d658
Event: 2363.120 Thread 0x000001b1b19f6800 Implicit null exception at 0x000001b19b60ba4e to 0x000001b19b60c354
Event: 2363.138 Thread 0x000001b1b19f6800 Exception <a 'sun/nio/fs/WindowsException'{0x000000008e3b1f90}> (0x000000008e3b1f90) thrown at [./src/hotspot/share/prims/jni.cpp, line 615]
Event: 2363.153 Thread 0x000001b1b19f6800 Exception <a 'sun/nio/fs/WindowsException'{0x000000008e253af0}> (0x000000008e253af0) thrown at [./src/hotspot/share/prims/jni.cpp, line 615]
Event: 2363.153 Thread 0x000001b1b19f6800 Exception <a 'sun/nio/fs/WindowsException'{0x000000008e254bc0}> (0x000000008e254bc0) thrown at [./src/hotspot/share/prims/jni.cpp, line 615]
Event: 2363.153 Thread 0x000001b1b19f6800 Exception <a 'sun/nio/fs/WindowsException'{0x000000008e255f78}> (0x000000008e255f78) thrown at [./src/hotspot/share/prims/jni.cpp, line 615]
Event: 2363.153 Thread 0x000001b1b19f6800 Exception <a 'sun/nio/fs/WindowsException'{0x000000008e257098}> (0x000000008e257098) thrown at [./src/hotspot/share/prims/jni.cpp, line 615]
Event: 2364.669 Thread 0x000001b1b19f6800 Exception <a 'java/lang/NoSuchMethodError'{0x000000008c404258}: <clinit>> (0x000000008c404258) thrown at [./src/hotspot/share/prims/jni.cpp, line 1362]
Event: 2366.424 Thread 0x000001b1afc0c000 Exception <a 'java/lang/NoSuchMethodError'{0x000000008ac39598}: <clinit>> (0x000000008ac39598) thrown at [./src/hotspot/share/prims/jni.cpp, line 1362]
Event: 2366.622 Thread 0x000001b1afc0f000 Exception <a 'java/lang/NoSuchMethodError'{0x000000008aac4aa0}: 'void java.lang.invoke.DirectMethodHandle$Holder.invokeStatic(java.lang.Object, long)'> (0x000000008aac4aa0) thrown at [./src/hotspot/share/interpreter/linkResolver.cpp, line 773]
Event: 2366.628 Thread 0x000001b1afc0f000 Exception <a 'java/lang/NoSuchMethodError'{0x000000008aacf8e0}: 'java.lang.Object java.lang.invoke.DirectMethodHandle$Holder.invokeStaticInit(java.lang.Object, java.lang.Object, long, java.lang.Object)'> (0x000000008aacf8e0) thrown at [./src/hotspot/share/interpreter/linkResolver.cpp, line 773]
Event: 2366.628 Thread 0x000001b1afc0f000 Exception <a 'java/lang/NoSuchMethodError'{0x000000008aad5b20}: 'java.lang.Object java.lang.invoke.DirectMethodHandle$Holder.invokeStatic(java.lang.Object, java.lang.Object, long)'> (0x000000008aad5b20) thrown at [./src/hotspot/share/interpreter/linkResolver.cpp, line 773]
Event: 2366.629 Thread 0x000001b1afc0f000 Exception <a 'java/lang/NoSuchMethodError'{0x000000008aadc098}: 'java.lang.Object java.lang.invoke.Invokers$Holder.linkToTargetMethod(java.lang.Object, long, java.lang.Object)'> (0x000000008aadc098) thrown at [./src/hotspot/share/interpreter/linkResolver.cpp, line 773]
Event: 2366.814 Thread 0x000001b1afc0f000 Exception <a 'java/lang/NoSuchMethodError'{0x000000008a9caee8}: 'int java.lang.invoke.DirectMethodHandle$Holder.invokeSpecialIFC(java.lang.Object, java.lang.Object, java.lang.Object)'> (0x000000008a9caee8) thrown at [./src/hotspot/share/interpreter/linkResolver.cpp, line 773]
Event: 2368.897 Thread 0x000001b1afc0f000 Exception <a 'sun/nio/fs/WindowsException'{0x000000008e65ea78}> (0x000000008e65ea78) thrown at [./src/hotspot/share/prims/jni.cpp, line 615]
Event: 2368.897 Thread 0x000001b1afc0f000 Exception <a 'sun/nio/fs/WindowsException'{0x000000008e65eb60}> (0x000000008e65eb60) thrown at [./src/hotspot/share/prims/jni.cpp, line 615]

Events (20 events):
Event: 2368.492 loading class com/google/common/cache/LocalCache$Values
Event: 2368.492 loading class com/google/common/cache/LocalCache$Values done
Event: 2368.493 loading class com/google/common/cache/LocalCache$ValueIterator
Event: 2368.493 loading class com/google/common/cache/LocalCache$ValueIterator done
Event: 2368.494 loading class com/android/ide/common/symbols/Symbol$BasicNormalSymbol
Event: 2368.494 loading class com/android/ide/common/symbols/Symbol$BasicNormalSymbol done
Event: 2368.495 loading class com/android/ide/common/symbols/Symbol$BasicAttributeSymbol
Event: 2368.495 loading class com/android/ide/common/symbols/Symbol$BasicAttributeSymbol done
Event: 2368.591 loading class com/google/common/cache/LocalCache$SoftValueReference
Event: 2368.591 loading class com/google/common/cache/LocalCache$SoftValueReference done
Event: 2368.848 Executing VM operation: G1CollectForAllocation
Event: 2368.881 Executing VM operation: G1CollectForAllocation done
Event: 2368.890 loading class com/android/builder/symbols/BytecodeRClassWriterKt
Event: 2368.890 loading class com/android/builder/symbols/BytecodeRClassWriterKt done
Event: 2368.892 loading class com/android/builder/packaging/JarFlinger
Event: 2368.892 loading class com/android/builder/packaging/JarFlinger done
Event: 2368.895 loading class com/android/builder/packaging/JarCreator
Event: 2368.895 loading class com/android/builder/packaging/JarCreator done
Event: 2368.901 loading class com/android/ide/common/symbols/SymbolTable$getSymbolByResourceType$$inlined$compareBy$1
Event: 2368.901 loading class com/android/ide/common/symbols/SymbolTable$getSymbolByResourceType$$inlined$compareBy$1 done


Dynamic libraries:
0x00007ff752ad0000 - 0x00007ff752ada000 	C:\Program Files\Android\Android Studio\jre\bin\java.exe
0x00007ffc274f0000 - 0x00007ffc276e6000 	C:\Windows\SYSTEM32\ntdll.dll
0x00007ffc25d10000 - 0x00007ffc25dcd000 	C:\Windows\System32\KERNEL32.DLL
0x00007ffc25280000 - 0x00007ffc25549000 	C:\Windows\System32\KERNELBASE.dll
0x00007ffc24c60000 - 0x00007ffc24d60000 	C:\Windows\System32\ucrtbase.dll
0x00007ffc1c690000 - 0x00007ffc1c6a9000 	C:\Program Files\Android\Android Studio\jre\bin\jli.dll
0x00007ffc1eed0000 - 0x00007ffc1eee7000 	C:\Program Files\Android\Android Studio\jre\bin\VCRUNTIME140.dll
0x00007ffc270b0000 - 0x00007ffc27250000 	C:\Windows\System32\USER32.dll
0x00007ffc24c30000 - 0x00007ffc24c52000 	C:\Windows\System32\win32u.dll
0x00007ffc26650000 - 0x00007ffc2667a000 	C:\Windows\System32\GDI32.dll
0x00007ffc16c70000 - 0x00007ffc16f0b000 	C:\Windows\WinSxS\amd64_microsoft.windows.common-controls_6595b64144ccf1df_6.0.19041.488_none_ca04af081b815d21\COMCTL32.dll
0x00007ffc25010000 - 0x00007ffc25119000 	C:\Windows\System32\gdi32full.dll
0x00007ffc25670000 - 0x00007ffc2570e000 	C:\Windows\System32\msvcrt.dll
0x00007ffc24f70000 - 0x00007ffc2500d000 	C:\Windows\System32\msvcp_win.dll
0x00007ffc25bd0000 - 0x00007ffc25c00000 	C:\Windows\System32\IMM32.DLL
0x00007ffc1eaa0000 - 0x00007ffc1eb3d000 	C:\Program Files\Android\Android Studio\jre\bin\msvcp140.dll
0x00007ffbfedb0000 - 0x00007ffbff87f000 	C:\Program Files\Android\Android Studio\jre\bin\server\jvm.dll
0x00007ffc25c60000 - 0x00007ffc25d0c000 	C:\Windows\System32\ADVAPI32.dll
0x00007ffc27400000 - 0x00007ffc2749c000 	C:\Windows\System32\sechost.dll
0x00007ffc26750000 - 0x00007ffc2687b000 	C:\Windows\System32\RPCRT4.dll
0x00007ffc270a0000 - 0x00007ffc270a8000 	C:\Windows\System32\PSAPI.DLL
0x00007ffc1eec0000 - 0x00007ffc1eec9000 	C:\Windows\SYSTEM32\WSOCK32.dll
0x00007ffc266e0000 - 0x00007ffc2674b000 	C:\Windows\System32\WS2_32.dll
0x00007ffc12680000 - 0x00007ffc126a7000 	C:\Windows\SYSTEM32\WINMM.dll
0x00007ffc11fe0000 - 0x00007ffc11fea000 	C:\Windows\SYSTEM32\VERSION.dll
0x00007ffc22a70000 - 0x00007ffc22a82000 	C:\Windows\SYSTEM32\kernel.appcore.dll
0x00007ffc1eea0000 - 0x00007ffc1eeb1000 	C:\Program Files\Android\Android Studio\jre\bin\verify.dll
0x00007ffc10af0000 - 0x00007ffc10cd4000 	C:\Windows\SYSTEM32\DBGHELP.DLL
0x00007ffc109f0000 - 0x00007ffc10a1c000 	C:\Windows\SYSTEM32\dbgcore.DLL
0x00007ffc25150000 - 0x00007ffc251d0000 	C:\Windows\System32\bcryptPrimitives.dll
0x00007ffc1ee70000 - 0x00007ffc1ee99000 	C:\Program Files\Android\Android Studio\jre\bin\java.dll
0x00007ffc1ee60000 - 0x00007ffc1ee6b000 	C:\Program Files\Android\Android Studio\jre\bin\jimage.dll
0x00007ffc1ee40000 - 0x00007ffc1ee58000 	C:\Program Files\Android\Android Studio\jre\bin\zip.dll
0x00007ffc26880000 - 0x00007ffc26fc2000 	C:\Windows\System32\SHELL32.dll
0x00007ffc22d80000 - 0x00007ffc23515000 	C:\Windows\SYSTEM32\windows.storage.dll
0x00007ffc25870000 - 0x00007ffc25bc6000 	C:\Windows\System32\combase.dll
0x00007ffc24630000 - 0x00007ffc2465c000 	C:\Windows\SYSTEM32\Wldp.dll
0x00007ffc26470000 - 0x00007ffc2651e000 	C:\Windows\System32\SHCORE.dll
0x00007ffc25c00000 - 0x00007ffc25c55000 	C:\Windows\System32\shlwapi.dll
0x00007ffc24b60000 - 0x00007ffc24b86000 	C:\Windows\SYSTEM32\profapi.dll
0x00007ffc1ee20000 - 0x00007ffc1ee3a000 	C:\Program Files\Android\Android Studio\jre\bin\net.dll
0x00007ffc18750000 - 0x00007ffc18850000 	C:\Windows\SYSTEM32\WINHTTP.dll
0x00007ffc24350000 - 0x00007ffc243ba000 	C:\Windows\system32\mswsock.dll
0x00007ffc1ed00000 - 0x00007ffc1ed14000 	C:\Program Files\Android\Android Studio\jre\bin\nio.dll
0x00007ffc01d90000 - 0x00007ffc01db7000 	C:\Users\Gev\.gradle\native\8bec1ad78214c89d9ad589b4d07fe93259594b29d510b10fafb7a158f7737e5d\windows-amd64\native-platform.dll
0x00007ffc01ad0000 - 0x00007ffc01c0d000 	C:\Users\Gev\.gradle\native\53dbd7edfb1c66fb8903c78663c9afc45aea4f116125fa6feffd364cf09443e8\windows-amd64\native-platform-file-events.dll
0x00007ffc1ee10000 - 0x00007ffc1ee1a000 	C:\Program Files\Android\Android Studio\jre\bin\management.dll
0x00007ffc1ecf0000 - 0x00007ffc1ecfc000 	C:\Program Files\Android\Android Studio\jre\bin\management_ext.dll
0x00007ffc24520000 - 0x00007ffc24538000 	C:\Windows\SYSTEM32\CRYPTSP.dll
0x00007ffc23ce0000 - 0x00007ffc23d14000 	C:\Windows\system32\rsaenh.dll
0x00007ffc25120000 - 0x00007ffc25147000 	C:\Windows\System32\bcrypt.dll
0x00007ffc24ae0000 - 0x00007ffc24b0e000 	C:\Windows\SYSTEM32\USERENV.dll
0x00007ffc24540000 - 0x00007ffc2454c000 	C:\Windows\SYSTEM32\CRYPTBASE.dll
0x00007ffc24040000 - 0x00007ffc2407b000 	C:\Windows\SYSTEM32\IPHLPAPI.DLL
0x00007ffc274a0000 - 0x00007ffc274a8000 	C:\Windows\System32\NSI.dll
0x00007ffc1afc0000 - 0x00007ffc1afd7000 	C:\Windows\SYSTEM32\dhcpcsvc6.DLL
0x00007ffc1afa0000 - 0x00007ffc1afbd000 	C:\Windows\SYSTEM32\dhcpcsvc.DLL
0x00007ffc24080000 - 0x00007ffc2414b000 	C:\Windows\SYSTEM32\DNSAPI.dll
0x00007ffc1c960000 - 0x00007ffc1c987000 	C:\Program Files\Android\Android Studio\jre\bin\sunec.dll

dbghelp: loaded successfully - version: 4.0.5 - missing functions: none
symbol engine: initialized successfully - sym options: 0x614 - pdb path: .;C:\Program Files\Android\Android Studio\jre\bin;C:\Windows\SYSTEM32;C:\Windows\WinSxS\amd64_microsoft.windows.common-controls_6595b64144ccf1df_6.0.19041.488_none_ca04af081b815d21;C:\Program Files\Android\Android Studio\jre\bin\server;C:\Users\Gev\.gradle\native\8bec1ad78214c89d9ad589b4d07fe93259594b29d510b10fafb7a158f7737e5d\windows-amd64;C:\Users\Gev\.gradle\native\53dbd7edfb1c66fb8903c78663c9afc45aea4f116125fa6feffd364cf09443e8\windows-amd64

VM Arguments:
jvm_args: --add-opens=java.base/java.util=ALL-UNNAMED --add-opens=java.base/java.lang=ALL-UNNAMED --add-opens=java.base/java.lang.invoke=ALL-UNNAMED --add-opens=java.base/java.util=ALL-UNNAMED --add-opens=java.prefs/java.util.prefs=ALL-UNNAMED --add-opens=java.prefs/java.util.prefs=ALL-UNNAMED --add-opens=java.base/java.nio.charset=ALL-UNNAMED --add-opens=java.base/java.net=ALL-UNNAMED --add-opens=java.base/java.util.concurrent.atomic=ALL-UNNAMED -Xmx2048m -Dfile.encoding=UTF-8 -Duser.country=RU -Duser.language=ru -Duser.variant 
java_command: org.gradle.launcher.daemon.bootstrap.GradleDaemon 7.0.2
java_class_path (initial): C:\Users\Gev\.gradle\wrapper\dists\gradle-7.0.2-bin\857tjihv64xamwrf0h14cai3r\gradle-7.0.2\lib\gradle-launcher-7.0.2.jar
Launcher Type: SUN_STANDARD

[Global flags]
     intx CICompilerCount                          = 3                                         {product} {ergonomic}
     uint ConcGCThreads                            = 1                                         {product} {ergonomic}
     uint G1ConcRefinementThreads                  = 4                                         {product} {ergonomic}
   size_t G1HeapRegionSize                         = 1048576                                   {product} {ergonomic}
    uintx GCDrainStackTargetSize                   = 64                                        {product} {ergonomic}
   size_t InitialHeapSize                          = 167772160                                 {product} {ergonomic}
   size_t MarkStackSize                            = 4194304                                   {product} {ergonomic}
   size_t MaxHeapSize                              = 2147483648                                {product} {command line}
   size_t MaxNewSize                               = 1287651328                                {product} {ergonomic}
   size_t MinHeapDeltaBytes                        = 1048576                                   {product} {ergonomic}
    uintx NonNMethodCodeHeapSize                   = 5830732                                {pd product} {ergonomic}
    uintx NonProfiledCodeHeapSize                  = 122913754                              {pd product} {ergonomic}
    uintx ProfiledCodeHeapSize                     = 122913754                              {pd product} {ergonomic}
    uintx ReservedCodeCacheSize                    = 251658240                              {pd product} {ergonomic}
     bool SegmentedCodeCache                       = true                                      {product} {ergonomic}
     bool UseCompressedClassPointers               = true                                 {lp64_product} {ergonomic}
     bool UseCompressedOops                        = true                                 {lp64_product} {ergonomic}
     bool UseG1GC                                  = true                                      {product} {ergonomic}
     bool UseLargePagesIndividualAllocation        = false                                  {pd product} {ergonomic}

Logging:
Log output configuration:
 #0: stdout all=warning uptime,level,tags
 #1: stderr all=off uptime,level,tags

Environment Variables:
PATH=C:\Program Files\Common Files\Oracle\Java\javapath;C:\Windows\system32;C:\Windows;C:\Windows\System32\Wbem;C:\Windows\System32\WindowsPowerShell\v1.0\;C:\Program Files (x86)\ATI Technologies\ATI.ACE\Core-Static;C:\Program Files\dotnet\;C:\Program Files (x86)\Deskshare\Auto FTP Manager 7\;C:\Users\Gev\AppData\Local\Microsoft\WindowsApps;C:\Users\Gev\.dotnet\tools;C:\Program Files\JetBrains\IntelliJ IDEA Community Edition 2021.3.1\bin;
USERNAME=Gev
OS=Windows_NT
PROCESSOR_IDENTIFIER=Intel64 Family 6 Model 58 Stepping 9, GenuineIntel



---------------  S Y S T E M  ---------------

OS: Windows 10 , 64 bit Build 19041 (10.0.19041.662)
OS uptime: 0 days 5:16 hours

CPU:total 4 (initial active 4) (2 cores per cpu, 2 threads per core) family 6 model 58 stepping 9 microcode 0x21, cmov, cx8, fxsr, mmx, sse, sse2, sse3, ssse3, sse4.1, sse4.2, popcnt, avx, aes, clmul, erms, ht, tsc, tscinvbit, tscinv

Memory: 4k page, system-wide physical 10142M (2677M free)
TotalPageFile size 11678M (AvailPageFile size 3923M)
current process WorkingSet (physical memory assigned to process): 547M, peak: 549M
current process commit charge ("private bytes"): 571M, peak: 573M

vm_info: OpenJDK 64-Bit Server VM (11.0.10+0-b96-7249189) for windows-amd64 JRE (11.0.10+0-b96-7249189), built on Mar 31 2021 21:44:00 by "builder" with MS VC++ 14.0 (VS2015)

END.
