#
# A fatal error has been detected by the Java Runtime Environment:
#
#  EXCEPTION_ACCESS_VIOLATION (0xc0000005) at pc=0x00007ffbfef3c9e6, pid=712, tid=3724
#
# JRE version: OpenJDK Runtime Environment (11.0.10) (build 11.0.10+0-b96-7249189)
# Java VM: OpenJDK 64-Bit Server VM (11.0.10+0-b96-7249189, mixed mode, tiered, compressed oops, g1 gc, windows-amd64)
# Problematic frame:
# V  [jvm.dll+0x18c9e6]
#
# No core dump will be written. Minidumps are not enabled by default on client versions of Windows
#
# If you would like to submit a bug report, please visit:
#   https://bugreport.java.com/bugreport/crash.jsp
#

---------------  S U M M A R Y ------------

Command Line: --add-opens=java.base/java.util=ALL-UNNAMED --add-opens=java.base/java.lang=ALL-UNNAMED --add-opens=java.base/java.lang.invoke=ALL-UNNAMED --add-opens=java.base/java.util=ALL-UNNAMED --add-opens=java.prefs/java.util.prefs=ALL-UNNAMED --add-opens=java.prefs/java.util.prefs=ALL-UNNAMED --add-opens=java.base/java.nio.charset=ALL-UNNAMED --add-opens=java.base/java.net=ALL-UNNAMED --add-opens=java.base/java.util.concurrent.atomic=ALL-UNNAMED -Xmx2048m -Dfile.encoding=UTF-8 -Duser.country=RU -Duser.language=ru -Duser.variant org.gradle.launcher.daemon.bootstrap.GradleDaemon 7.0.2

Host: Intel(R) Core(TM) i5-3317U CPU @ 1.70GHz, 4 cores, 9G,  Windows 10 , 64 bit Build 19041 (10.0.19041.662)
Time: Sun Jan 23 16:25:47 2022 RTZ 2 (зима) elapsed time: 583.128366 seconds (0d 0h 9m 43s)

---------------  T H R E A D  ---------------

Current thread (0x00000218c3925000):  ConcurrentGCThread "G1 Conc#0" [stack: 0x00000079b7100000,0x00000079b7200000] [id=3724]

Stack: [0x00000079b7100000,0x00000079b7200000],  sp=0x00000079b71ff7a8,  free space=1021k
Native frames: (J=compiled Java code, j=interpreted, Vv=VM code, C=native code)
V  [jvm.dll+0x18c9e6]


siginfo: EXCEPTION_ACCESS_VIOLATION (0xc0000005), reading address 0x000000032b4ab398


Register to memory mapping:

RIP=0x00007ffbfef3c9e6 jvm.dll
RAX=0x0000000000000001 is an unknown value
RBX=0x000000008734c5b0 points into unknown readable memory: 0x65746c6946656761 | 61 67 65 46 69 6c 74 65
RCX=0x000000008734c5b0 points into unknown readable memory: 0x65746c6946656761 | 61 67 65 46 69 6c 74 65
RDX=0x000000008734c5b0 points into unknown readable memory: 0x65746c6946656761 | 61 67 65 46 69 6c 74 65
RSP=0x00000079b71ff7a8 points into unknown readable memory: 0x00007ffbff08a4ea | ea a4 08 ff fb 7f 00 00
RBP=0x00000218c3918590 points into unknown readable memory: 0x00000218c3921000 | 00 10 92 c3 18 02 00 00
RSI=0x0000000000000001 is an unknown value
RDI=0x0 is NULL
R8 =0x0 is NULL
R9 =0x000000032b4ab390 is an unknown value
R10=0x00000218c3918590 points into unknown readable memory: 0x00000218c3921000 | 00 10 92 c3 18 02 00 00
R11=0x00000079b71ff888 points into unknown readable memory: 0x00007ffbff096fcf | cf 6f 09 ff fb 7f 00 00
R12=0x0 is NULL
R13=0x0 is NULL
R14=0x0 is NULL
R15=0x000000000000000c is an unknown value


Registers:
RAX=0x0000000000000001, RBX=0x000000008734c5b0, RCX=0x000000008734c5b0, RDX=0x000000008734c5b0
RSP=0x00000079b71ff7a8, RBP=0x00000218c3918590, RSI=0x0000000000000001, RDI=0x0000000000000000
R8 =0x0000000000000000, R9 =0x000000032b4ab390, R10=0x00000218c3918590, R11=0x00000079b71ff888
R12=0x0000000000000000, R13=0x0000000000000000, R14=0x0000000000000000, R15=0x000000000000000c
RIP=0x00007ffbfef3c9e6, EFLAGS=0x0000000000010206

Top of Stack: (sp=0x00000079b71ff7a8)
0x00000079b71ff7a8:   00007ffbff08a4ea 000000008734c5b0
0x00000079b71ff7b8:   00000079b71ff840 0000000100036ba0
0x00000079b71ff7c8:   00007ffbff08f3eb 00007ffbff743250
0x00000079b71ff7d8:   00007ffbff08f9a9 00000079b71ff840
0x00000079b71ff7e8:   000000008b6d137c 000000008b6cb5f4
0x00000079b71ff7f8:   0000000000000000 0000000000000000
0x00000079b71ff808:   00007ffbff743250 0000000000002003
0x00000079b71ff818:   00007ffbff0959a1 000000008b700000
0x00000079b71ff828:   0000000100013f08 000000008b6c1368
0x00000079b71ff838:   000000008b62d2c8 00007ffbff5cef58
0x00000079b71ff848:   0000000000000000 00000218c38e4fc0
0x00000079b71ff858:   00000218c3918590 0000000000000000
0x00000079b71ff868:   0000000000000000 0000000000000000
0x00000079b71ff878:   00000079b70ff940 0000000000000000
0x00000079b71ff888:   00007ffbff096fcf 00000218c3918638
0x00000079b71ff898:   00000218c38e1830 00000218c3925000 

Instructions: (pc=0x00007ffbfef3c9e6)
0x00007ffbfef3c8e6:   82 00 48 d3 e0 48 03 05 1e 22 82 00 eb 04 48 8b
0x00007ffbfef3c8f6:   43 08 81 78 08 00 00 00 c0 73 7d 48 8b 4f 38 48
0x00007ffbfef3c906:   8b d3 48 8b 01 ff 50 20 84 c0 75 6c 38 05 80 ac
0x00007ffbfef3c916:   86 00 74 15 8b 53 08 8b 0d f5 21 82 00 48 d3 e2
0x00007ffbfef3c926:   48 03 15 e3 21 82 00 eb 04 48 8b 53 08 48 8b cb
0x00007ffbfef3c936:   48 89 5c 24 20 e8 a0 00 00 00 80 7f 30 00 48 63
0x00007ffbfef3c946:   c8 48 89 4c 24 28 0f 28 44 24 20 74 17 0f 11 86
0x00007ffbfef3c956:   98 03 00 00 48 8b 5c 24 40 48 8b 74 24 48 48 83
0x00007ffbfef3c966:   c4 30 5f c3 48 8b 07 48 8d 54 24 20 48 8b cf 66
0x00007ffbfef3c976:   0f 7f 44 24 20 ff 50 38 48 8b 5c 24 40 48 8b 74
0x00007ffbfef3c986:   24 48 48 83 c4 30 5f c3 cc cc 48 8b 49 38 48 8b
0x00007ffbfef3c996:   01 48 ff 60 28 cc cc cc cc cc 80 3d f1 ab 86 00
0x00007ffbfef3c9a6:   00 48 8b c1 74 1b 8b 51 08 8b 0d 63 21 82 00 48
0x00007ffbfef3c9b6:   d3 e2 48 8b c8 48 03 15 4e 21 82 00 e9 19 00 00
0x00007ffbfef3c9c6:   00 48 8b 51 08 48 8b c8 e9 0d 00 00 00 cc cc cc
0x00007ffbfef3c9d6:   cc cc cc cc cc cc cc cc cc cc 4c 8b ca 48 8b d1
0x00007ffbfef3c9e6:   45 8b 41 08 45 85 c0 7e 0e 41 f6 c0 01 75 59 41
0x00007ffbfef3c9f6:   c1 f8 03 41 8b c0 c3 79 4f 80 3d 92 ab 86 00 00
0x00007ffbfef3ca06:   b8 0c 00 00 00 b9 10 00 00 00 0f 45 c8 8b 05 ab
0x00007ffbfef3ca16:   6c 80 00 ff c8 4c 63 c8 48 63 c1 41 8b c8 83 e1
0x00007ffbfef3ca26:   3f 48 63 14 10 41 8b c0 48 c1 f8 10 0f b6 c0 48
0x00007ffbfef3ca36:   d3 e2 49 8d 0c 11 49 f7 d1 48 03 c1 49 c1 e9 03
0x00007ffbfef3ca46:   48 c1 e8 03 41 23 c1 c3 49 8b 01 49 8b c9 48 ff
0x00007ffbfef3ca56:   a0 10 01 00 00 cc cc cc cc cc 48 83 ec 38 0f 10
0x00007ffbfef3ca66:   02 48 8b 49 38 48 8d 54 24 20 0f 29 44 24 20 e8
0x00007ffbfef3ca76:   56 f0 ff ff 48 83 c4 38 c3 cc 48 89 5c 24 08 55
0x00007ffbfef3ca86:   56 57 41 54 41 55 41 56 41 57 48 8d 6c 24 e0 48
0x00007ffbfef3ca96:   81 ec 20 01 00 00 48 8b 05 5d a5 83 00 48 33 c4
0x00007ffbfef3caa6:   48 89 45 10 48 8b 05 df 15 86 00 45 33 ed 4c 8b
0x00007ffbfef3cab6:   b5 80 00 00 00 4c 8b fa 48 8b bd 88 00 00 00 4d
0x00007ffbfef3cac6:   8b c6 49 8b d6 49 8b f1 48 8b 48 38 48 8b 59 48
0x00007ffbfef3cad6:   49 8b cf c7 45 c0 ff ff ff ff 44 89 6d d4 4c 89 


Stack slot to memory mapping:
stack at sp + 0 slots: 0x00007ffbff08a4ea jvm.dll
stack at sp + 1 slots: 0x000000008734c5b0 points into unknown readable memory: 0x65746c6946656761 | 61 67 65 46 69 6c 74 65
stack at sp + 2 slots: 0x00000079b71ff840 points into unknown readable memory: 0x00007ffbff5cef58 | 58 ef 5c ff fb 7f 00 00
stack at sp + 3 slots: 0x0000000100036ba0 is a pointer to class: 
java.lang.Enum {0x0000000100036ba8}
stack at sp + 4 slots: 0x00007ffbff08f3eb jvm.dll
stack at sp + 5 slots: 0x00007ffbff743250 jvm.dll
stack at sp + 6 slots: 0x00007ffbff08f9a9 jvm.dll
stack at sp + 7 slots: 0x00000079b71ff840 points into unknown readable memory: 0x00007ffbff5cef58 | 58 ef 5c ff fb 7f 00 00


---------------  P R O C E S S  ---------------

Threads class SMR info:
_java_thread_list=0x00000218e7f36510, length=62, elements={
0x00000218c38d7800, 0x00000218dd4ca800, 0x00000218dd4cd800, 0x00000218dde5c000,
0x00000218dde5d000, 0x00000218dde60000, 0x00000218dde63000, 0x00000218dd4e3000,
0x00000218dd4ee800, 0x00000218ddfb1000, 0x00000218df3a0800, 0x00000218dfe49800,
0x00000218dffd6000, 0x00000218dff2f000, 0x00000218dff31800, 0x00000218dff34000,
0x00000218dff30000, 0x00000218dff35800, 0x00000218dff33800, 0x00000218dff31000,
0x00000218e3933800, 0x00000218e3936000, 0x00000218e3930000, 0x00000218e3936800,
0x00000218e393d800, 0x00000218e3935000, 0x00000218e3931000, 0x00000218e3934800,
0x00000218e3932000, 0x00000218e3938800, 0x00000218e3932800, 0x00000218e393b000,
0x00000218e393b800, 0x00000218dea05800, 0x00000218e393c800, 0x00000218dff32800,
0x00000218dff35000, 0x00000218e00d7800, 0x00000218e00d3000, 0x00000218e00d5800,
0x00000218e00d4000, 0x00000218e00d5000, 0x00000218e00d6800, 0x00000218e00d1800,
0x00000218e00d2800, 0x00000218e00d9000, 0x00000218e00d9800, 0x00000218e00da800,
0x00000218e00dd000, 0x00000218e00db800, 0x00000218e00dc000, 0x00000218e00de000,
0x00000218e00d8000, 0x00000218e00de800, 0x00000218e00e0000, 0x00000218e4042800,
0x00000218e4040000, 0x00000218e4041000, 0x00000218e4043800, 0x00000218e4044000,
0x00000218e403e800, 0x00000218e4041800
}

Java Threads: ( => current thread )
  0x00000218c38d7800 JavaThread "main" [_thread_blocked, id=4664, stack(0x00000079b6e00000,0x00000079b6f00000)]
  0x00000218dd4ca800 JavaThread "Reference Handler" daemon [_thread_blocked, id=5928, stack(0x00000079b7500000,0x00000079b7600000)]
  0x00000218dd4cd800 JavaThread "Finalizer" daemon [_thread_blocked, id=4616, stack(0x00000079b7600000,0x00000079b7700000)]
  0x00000218dde5c000 JavaThread "Signal Dispatcher" daemon [_thread_blocked, id=4956, stack(0x00000079b7700000,0x00000079b7800000)]
  0x00000218dde5d000 JavaThread "Attach Listener" daemon [_thread_blocked, id=3676, stack(0x00000079b7800000,0x00000079b7900000)]
  0x00000218dde60000 JavaThread "Service Thread" daemon [_thread_blocked, id=5300, stack(0x00000079b7900000,0x00000079b7a00000)]
  0x00000218dde63000 JavaThread "C2 CompilerThread0" daemon [_thread_in_native, id=5724, stack(0x00000079b7a00000,0x00000079b7b00000)]
  0x00000218dd4e3000 JavaThread "C1 CompilerThread0" daemon [_thread_blocked, id=5524, stack(0x00000079b7b00000,0x00000079b7c00000)]
  0x00000218dd4ee800 JavaThread "Sweeper thread" daemon [_thread_blocked, id=696, stack(0x00000079b7c00000,0x00000079b7d00000)]
  0x00000218ddfb1000 JavaThread "Common-Cleaner" daemon [_thread_blocked, id=2516, stack(0x00000079b7d00000,0x00000079b7e00000)]
  0x00000218df3a0800 JavaThread "Daemon health stats" [_thread_blocked, id=6116, stack(0x00000079b8200000,0x00000079b8300000)]
  0x00000218dfe49800 JavaThread "Incoming local TCP Connector on port 52931" [_thread_in_native, id=6032, stack(0x00000079b7f00000,0x00000079b8000000)]
  0x00000218dffd6000 JavaThread "Daemon periodic checks" [_thread_blocked, id=1036, stack(0x00000079b8400000,0x00000079b8500000)]
  0x00000218dff2f000 JavaThread "Cache worker for file hash cache (C:\Users\Gev\.gradle\caches\7.0.2\fileHashes)" [_thread_blocked, id=1928, stack(0x00000079b8c00000,0x00000079b8d00000)]
  0x00000218dff31800 JavaThread "File lock request listener" [_thread_in_native, id=1684, stack(0x00000079b8d00000,0x00000079b8e00000)]
  0x00000218dff34000 JavaThread "Cache worker for journal cache (C:\Users\Gev\.gradle\caches\journal-1)" [_thread_blocked, id=5776, stack(0x00000079b8f00000,0x00000079b9000000)]
  0x00000218dff30000 JavaThread "File watcher server" daemon [_thread_in_native, id=5148, stack(0x00000079b9100000,0x00000079b9200000)]
  0x00000218dff35800 JavaThread "File watcher consumer" daemon [_thread_blocked, id=2548, stack(0x00000079b9200000,0x00000079b9300000)]
  0x00000218dff33800 JavaThread "jar transforms" [_thread_blocked, id=2096, stack(0x00000079b9300000,0x00000079b9400000)]
  0x00000218dff31000 JavaThread "jar transforms Thread 2" [_thread_blocked, id=3804, stack(0x00000079b9400000,0x00000079b9500000)]
  0x00000218e3933800 JavaThread "jar transforms Thread 3" [_thread_blocked, id=1504, stack(0x00000079b9500000,0x00000079b9600000)]
  0x00000218e3936000 JavaThread "jar transforms Thread 4" [_thread_blocked, id=5868, stack(0x00000079b9600000,0x00000079b9700000)]
  0x00000218e3930000 JavaThread "Cache worker for execution history cache (C:\Users\Gev\.gradle\caches\7.0.2\executionHistory)" [_thread_blocked, id=1848, stack(0x00000079b9a00000,0x00000079b9b00000)]
  0x00000218e3936800 JavaThread "Cache worker for file content cache (C:\Users\Gev\.gradle\caches\7.0.2\fileContent)" [_thread_blocked, id=1472, stack(0x00000079b9b00000,0x00000079b9c00000)]
  0x00000218e393d800 JavaThread "Memory manager" [_thread_blocked, id=1456, stack(0x00000079ba200000,0x00000079ba300000)]
  0x00000218e3935000 JavaThread "Daemon Thread 2" [_thread_blocked, id=6344, stack(0x00000079b6b00000,0x00000079b6c00000)]
  0x00000218e3931000 JavaThread "Handler for socket connection from /127.0.0.1:52931 to /127.0.0.1:53265" [_thread_in_native, id=6588, stack(0x00000079b6c00000,0x00000079b6d00000)]
  0x00000218e3934800 JavaThread "Cancel handler" [_thread_blocked, id=6592, stack(0x00000079b6d00000,0x00000079b6e00000)]
  0x00000218e3932000 JavaThread "Daemon worker Thread 2" [_thread_blocked, id=6596, stack(0x00000079b8300000,0x00000079b8400000)]
  0x00000218e3938800 JavaThread "Asynchronous log dispatcher for DefaultDaemonConnection: socket connection from /127.0.0.1:52931 to /127.0.0.1:53265" [_thread_blocked, id=6616, stack(0x00000079b8500000,0x00000079b8600000)]
  0x00000218e3932800 JavaThread "Stdin handler" [_thread_blocked, id=6580, stack(0x00000079b8600000,0x00000079b8700000)]
  0x00000218e393b000 JavaThread "Daemon client event forwarder" [_thread_blocked, id=6620, stack(0x00000079b8700000,0x00000079b8800000)]
  0x00000218e393b800 JavaThread "Cache worker for file hash cache (C:\Users\Gev\AndroidStudioProjects\newview\.gradle\7.0.2\fileHashes)" [_thread_blocked, id=6628, stack(0x00000079b8800000,0x00000079b8900000)]
  0x00000218dea05800 JavaThread "C2 CompilerThread1" daemon [_thread_in_native, id=6632, stack(0x00000079b8900000,0x00000079b8a00000)]
  0x00000218e393c800 JavaThread "Cache worker for checksums cache (C:\Users\Gev\AndroidStudioProjects\newview\.gradle\checksums)" [_thread_blocked, id=6636, stack(0x00000079b8a00000,0x00000079b8b00000)]
  0x00000218dff32800 JavaThread "Cache worker for cache directory md-supplier (C:\Users\Gev\.gradle\caches\7.0.2\md-supplier)" [_thread_blocked, id=6640, stack(0x00000079b8b00000,0x00000079b8c00000)]
  0x00000218dff35000 JavaThread "Cache worker for cache directory md-rule (C:\Users\Gev\.gradle\caches\7.0.2\md-rule)" [_thread_blocked, id=6624, stack(0x00000079b9000000,0x00000079b9100000)]
  0x00000218e00d7800 JavaThread "Cache worker for dependencies-accessors (C:\Users\Gev\AndroidStudioProjects\newview\.gradle\7.0.2\dependencies-accessors)" [_thread_blocked, id=6604, stack(0x00000079b9700000,0x00000079b9800000)]
  0x00000218e00d3000 JavaThread "Cache worker for Build Output Cleanup Cache (C:\Users\Gev\AndroidStudioProjects\newview\.gradle\buildOutputCleanup)" [_thread_blocked, id=6600, stack(0x00000079b9800000,0x00000079b9900000)]
  0x00000218e00d5800 JavaThread "Build operations" [_thread_blocked, id=6576, stack(0x00000079b9900000,0x00000079b9a00000)]
  0x00000218e00d4000 JavaThread "Build operations Thread 2" [_thread_blocked, id=6356, stack(0x00000079b9c00000,0x00000079b9d00000)]
  0x00000218e00d5000 JavaThread "Build operations Thread 3" [_thread_blocked, id=4860, stack(0x00000079b9d00000,0x00000079b9e00000)]
  0x00000218e00d6800 JavaThread "Build operations Thread 4" [_thread_blocked, id=6368, stack(0x00000079b9e00000,0x00000079b9f00000)]
  0x00000218e00d1800 JavaThread "build event listener" [_thread_blocked, id=6856, stack(0x00000079b9f00000,0x00000079ba000000)]
  0x00000218e00d2800 JavaThread "Execution worker for ':'" [_thread_blocked, id=6864, stack(0x00000079ba000000,0x00000079ba100000)]
  0x00000218e00d9000 JavaThread "Execution worker for ':' Thread 2" [_thread_blocked, id=1572, stack(0x00000079ba100000,0x00000079ba200000)]
  0x00000218e00d9800 JavaThread "Execution worker for ':' Thread 3" [_thread_in_vm, id=1428, stack(0x00000079ba300000,0x00000079ba400000)]
  0x00000218e00da800 JavaThread "Cache worker for execution history cache (C:\Users\Gev\AndroidStudioProjects\newview\.gradle\7.0.2\executionHistory)" [_thread_blocked, id=6688, stack(0x00000079ba400000,0x00000079ba500000)]
  0x00000218e00dd000 JavaThread "WorkerExecutor Queue" [_thread_blocked, id=2684, stack(0x00000079ba500000,0x00000079ba600000)]
  0x00000218e00db800 JavaThread "WorkerExecutor Queue Thread 2" [_thread_in_native, id=6412, stack(0x00000079ba600000,0x00000079ba700000)]
  0x00000218e00dc000 JavaThread "WorkerExecutor Queue Thread 3" [_thread_blocked, id=5864, stack(0x00000079ba700000,0x00000079ba800000)]
  0x00000218e00de000 JavaThread "WorkerExecutor Queue Thread 4" [_thread_blocked, id=6680, stack(0x00000079ba800000,0x00000079ba900000)]
  0x00000218e00d8000 JavaThread "pool-4-thread-1" [_thread_blocked, id=6400, stack(0x00000079ba900000,0x00000079baa00000)]
  0x00000218e00de800 JavaThread "stderr" [_thread_in_native, id=6692, stack(0x00000079baa00000,0x00000079bab00000)]
  0x00000218e00e0000 JavaThread "stdout" [_thread_in_native, id=6552, stack(0x00000079bab00000,0x00000079bac00000)]
  0x00000218e4042800 JavaThread "ForkJoinPool-2-worker-3" daemon [_thread_blocked, id=6732, stack(0x00000079bad00000,0x00000079bae00000)]
  0x00000218e4040000 JavaThread "ForkJoinPool-2-worker-5" daemon [_thread_blocked, id=6736, stack(0x00000079bae00000,0x00000079baf00000)]
  0x00000218e4041000 JavaThread "ForkJoinPool-2-worker-7" daemon [_thread_in_Java, id=6744, stack(0x00000079baf00000,0x00000079bb000000)]
  0x00000218e4043800 JavaThread "ForkJoinPool-2-worker-1" daemon [_thread_blocked, id=6752, stack(0x00000079bb000000,0x00000079bb100000)]
  0x00000218e4044000 JavaThread "WorkerExecutor Queue Thread 6" [_thread_blocked, id=6760, stack(0x00000079bb100000,0x00000079bb200000)]
  0x00000218e403e800 JavaThread "Cache worker for Java compile cache (C:\Users\Gev\.gradle\caches\7.0.2\javaCompile)" [_thread_blocked, id=6768, stack(0x00000079bb200000,0x00000079bb300000)]
  0x00000218e4041800 JavaThread "Cache worker for Java compile cache (C:\Users\Gev\AndroidStudioProjects\newview\.gradle\7.0.2\javaCompile)" [_thread_blocked, id=6776, stack(0x00000079bb300000,0x00000079bb400000)]

Other Threads:
  0x00000218dd4c3800 VMThread "VM Thread" [stack: 0x00000079b7400000,0x00000079b7500000] [id=2680]
  0x00000218ddfca800 WatcherThread [stack: 0x00000079b7e00000,0x00000079b7f00000] [id=2772]
  0x00000218c38ef000 GCTaskThread "GC Thread#0" [stack: 0x00000079b6f00000,0x00000079b7000000] [id=2316]
  0x00000218de935800 GCTaskThread "GC Thread#1" [stack: 0x00000079b8000000,0x00000079b8100000] [id=708]
  0x00000218de352800 GCTaskThread "GC Thread#2" [stack: 0x00000079b8100000,0x00000079b8200000] [id=5880]
  0x00000218dfffb000 GCTaskThread "GC Thread#3" [stack: 0x00000079b8e00000,0x00000079b8f00000] [id=4316]
  0x00000218c3921000 ConcurrentGCThread "G1 Main Marker" [stack: 0x00000079b7000000,0x00000079b7100000] [id=1884]
=>0x00000218c3925000 ConcurrentGCThread "G1 Conc#0" [stack: 0x00000079b7100000,0x00000079b7200000] [id=3724]
  0x00000218c39bd800 ConcurrentGCThread "G1 Refine#0" [stack: 0x00000079b7200000,0x00000079b7300000] [id=3932]
  0x00000218e1ca8800 ConcurrentGCThread "G1 Refine#1" [stack: 0x00000079bac00000,0x00000079bad00000] [id=6724]
  0x00000218dd312800 ConcurrentGCThread "G1 Young RemSet Sampling" [stack: 0x00000079b7300000,0x00000079b7400000] [id=3616]

Threads with active compile tasks:
C2 CompilerThread0 583169 16211       4       com.android.tools.r8.graph.X::a (56 bytes)
C2 CompilerThread1 583169 16216       4       com.android.tools.r8.dex.z$g::b (20 bytes)

VM state:not at safepoint (normal execution)

VM Mutex/Monitor currently owned by a thread: None

Heap address: 0x0000000080000000, size: 2048 MB, Compressed Oops mode: 32-bit
Narrow klass base: 0x0000000000000000, Narrow klass shift: 3
Compressed class space size: 1073741824 Address: 0x0000000100000000

Heap:
 garbage-first heap   total 236544K, used 153492K [0x0000000080000000, 0x0000000100000000)
  region size 1024K, 16 young (16384K), 5 survivors (5120K)
 Metaspace       used 117430K, capacity 120781K, committed 120960K, reserved 1155072K
  class space    used 14908K, capacity 16149K, committed 16256K, reserved 1048576K
Heap Regions: E=young(eden), S=young(survivor), O=old, HS=humongous(starts), HC=humongous(continues), CS=collection set, F=free, A=archive, TAMS=top-at-mark-start (previous, next)
|   0|0x0000000080000000, 0x0000000080100000, 0x0000000080100000|100%| O|  |TAMS 0x0000000080100000, 0x0000000080100000| Untracked 
|   1|0x0000000080100000, 0x0000000080200000, 0x0000000080200000|100%| O|  |TAMS 0x0000000080200000, 0x0000000080200000| Untracked 
|   2|0x0000000080200000, 0x0000000080300000, 0x0000000080300000|100%| O|  |TAMS 0x0000000080300000, 0x0000000080300000| Untracked 
|   3|0x0000000080300000, 0x0000000080400000, 0x0000000080400000|100%|HS|  |TAMS 0x0000000080400000, 0x0000000080400000| Complete 
|   4|0x0000000080400000, 0x0000000080500000, 0x0000000080500000|100%|HC|  |TAMS 0x0000000080500000, 0x0000000080500000| Complete 
|   5|0x0000000080500000, 0x0000000080600000, 0x0000000080600000|100%|HC|  |TAMS 0x0000000080600000, 0x0000000080600000| Complete 
|   6|0x0000000080600000, 0x0000000080700000, 0x0000000080700000|100%| O|  |TAMS 0x0000000080700000, 0x0000000080700000| Untracked 
|   7|0x0000000080700000, 0x0000000080800000, 0x0000000080800000|100%| O|  |TAMS 0x0000000080800000, 0x0000000080800000| Untracked 
|   8|0x0000000080800000, 0x0000000080900000, 0x0000000080900000|100%| O|  |TAMS 0x0000000080900000, 0x0000000080900000| Untracked 
|   9|0x0000000080900000, 0x0000000080a00000, 0x0000000080a00000|100%|HS|  |TAMS 0x0000000080a00000, 0x0000000080a00000| Complete 
|  10|0x0000000080a00000, 0x0000000080b00000, 0x0000000080b00000|100%|HC|  |TAMS 0x0000000080b00000, 0x0000000080b00000| Complete 
|  11|0x0000000080b00000, 0x0000000080c00000, 0x0000000080c00000|100%|HS|  |TAMS 0x0000000080c00000, 0x0000000080c00000| Complete 
|  12|0x0000000080c00000, 0x0000000080d00000, 0x0000000080d00000|100%|HC|  |TAMS 0x0000000080d00000, 0x0000000080d00000| Complete 
|  13|0x0000000080d00000, 0x0000000080e00000, 0x0000000080e00000|100%|HC|  |TAMS 0x0000000080e00000, 0x0000000080e00000| Complete 
|  14|0x0000000080e00000, 0x0000000080f00000, 0x0000000080f00000|100%|HS|  |TAMS 0x0000000080f00000, 0x0000000080f00000| Complete 
|  15|0x0000000080f00000, 0x0000000081000000, 0x0000000081000000|100%|HC|  |TAMS 0x0000000081000000, 0x0000000081000000| Complete 
|  16|0x0000000081000000, 0x0000000081100000, 0x0000000081100000|100%|HC|  |TAMS 0x0000000081100000, 0x0000000081100000| Complete 
|  17|0x0000000081100000, 0x0000000081200000, 0x0000000081200000|100%|HC|  |TAMS 0x0000000081200000, 0x0000000081200000| Complete 
|  18|0x0000000081200000, 0x0000000081300000, 0x0000000081300000|100%|HC|  |TAMS 0x0000000081300000, 0x0000000081300000| Complete 
|  19|0x0000000081300000, 0x0000000081400000, 0x0000000081400000|100%| O|  |TAMS 0x0000000081400000, 0x0000000081400000| Untracked 
|  20|0x0000000081400000, 0x0000000081500000, 0x0000000081500000|100%| O|  |TAMS 0x0000000081500000, 0x0000000081500000| Untracked 
|  21|0x0000000081500000, 0x0000000081600000, 0x0000000081600000|100%| O|  |TAMS 0x0000000081600000, 0x0000000081600000| Untracked 
|  22|0x0000000081600000, 0x0000000081700000, 0x0000000081700000|100%| O|  |TAMS 0x0000000081700000, 0x0000000081700000| Untracked 
|  23|0x0000000081700000, 0x0000000081800000, 0x0000000081800000|100%| O|  |TAMS 0x0000000081800000, 0x0000000081800000| Untracked 
|  24|0x0000000081800000, 0x0000000081900000, 0x0000000081900000|100%| O|  |TAMS 0x0000000081900000, 0x0000000081900000| Untracked 
|  25|0x0000000081900000, 0x0000000081a00000, 0x0000000081a00000|100%| O|  |TAMS 0x0000000081a00000, 0x0000000081a00000| Untracked 
|  26|0x0000000081a00000, 0x0000000081b00000, 0x0000000081b00000|100%|HS|  |TAMS 0x0000000081b00000, 0x0000000081b00000| Complete 
|  27|0x0000000081b00000, 0x0000000081c00000, 0x0000000081c00000|100%|HC|  |TAMS 0x0000000081c00000, 0x0000000081c00000| Complete 
|  28|0x0000000081c00000, 0x0000000081d00000, 0x0000000081d00000|100%|HC|  |TAMS 0x0000000081d00000, 0x0000000081d00000| Complete 
|  29|0x0000000081d00000, 0x0000000081e00000, 0x0000000081e00000|100%| O|  |TAMS 0x0000000081e00000, 0x0000000081e00000| Untracked 
|  30|0x0000000081e00000, 0x0000000081f00000, 0x0000000081f00000|100%| O|  |TAMS 0x0000000081f00000, 0x0000000081f00000| Untracked 
|  31|0x0000000081f00000, 0x0000000082000000, 0x0000000082000000|100%| O|  |TAMS 0x0000000082000000, 0x0000000082000000| Untracked 
|  32|0x0000000082000000, 0x0000000082100000, 0x0000000082100000|100%| O|  |TAMS 0x0000000082100000, 0x0000000082100000| Untracked 
|  33|0x0000000082100000, 0x0000000082200000, 0x0000000082200000|100%| O|  |TAMS 0x0000000082200000, 0x0000000082200000| Untracked 
|  34|0x0000000082200000, 0x0000000082300000, 0x0000000082300000|100%|HS|  |TAMS 0x0000000082300000, 0x0000000082300000| Complete 
|  35|0x0000000082300000, 0x0000000082400000, 0x0000000082400000|100%|HC|  |TAMS 0x0000000082400000, 0x0000000082400000| Complete 
|  36|0x0000000082400000, 0x0000000082500000, 0x0000000082500000|100%|HC|  |TAMS 0x0000000082500000, 0x0000000082500000| Complete 
|  37|0x0000000082500000, 0x0000000082600000, 0x0000000082600000|100%|HC|  |TAMS 0x0000000082600000, 0x0000000082600000| Complete 
|  38|0x0000000082600000, 0x0000000082700000, 0x0000000082700000|100%|HC|  |TAMS 0x0000000082700000, 0x0000000082700000| Complete 
|  39|0x0000000082700000, 0x0000000082800000, 0x0000000082800000|100%|HS|  |TAMS 0x0000000082800000, 0x0000000082800000| Complete 
|  40|0x0000000082800000, 0x0000000082900000, 0x0000000082900000|100%| O|  |TAMS 0x0000000082900000, 0x0000000082900000| Untracked 
|  41|0x0000000082900000, 0x0000000082a00000, 0x0000000082a00000|100%| O|  |TAMS 0x0000000082a00000, 0x0000000082a00000| Untracked 
|  42|0x0000000082a00000, 0x0000000082b00000, 0x0000000082b00000|100%| O|  |TAMS 0x0000000082b00000, 0x0000000082b00000| Untracked 
|  43|0x0000000082b00000, 0x0000000082c00000, 0x0000000082c00000|100%|HS|  |TAMS 0x0000000082c00000, 0x0000000082c00000| Complete 
|  44|0x0000000082c00000, 0x0000000082d00000, 0x0000000082d00000|100%|HS|  |TAMS 0x0000000082d00000, 0x0000000082d00000| Complete 
|  45|0x0000000082d00000, 0x0000000082e00000, 0x0000000082e00000|100%|HC|  |TAMS 0x0000000082e00000, 0x0000000082e00000| Complete 
|  46|0x0000000082e00000, 0x0000000082f00000, 0x0000000082f00000|100%| O|  |TAMS 0x0000000082f00000, 0x0000000082f00000| Untracked 
|  47|0x0000000082f00000, 0x0000000083000000, 0x0000000083000000|100%| O|  |TAMS 0x0000000083000000, 0x0000000083000000| Untracked 
|  48|0x0000000083000000, 0x0000000083100000, 0x0000000083100000|100%| O|  |TAMS 0x0000000083100000, 0x0000000083100000| Untracked 
|  49|0x0000000083100000, 0x0000000083200000, 0x0000000083200000|100%| O|  |TAMS 0x0000000083200000, 0x0000000083200000| Untracked 
|  50|0x0000000083200000, 0x0000000083300000, 0x0000000083300000|100%| O|  |TAMS 0x0000000083300000, 0x0000000083300000| Untracked 
|  51|0x0000000083300000, 0x0000000083400000, 0x0000000083400000|100%| O|  |TAMS 0x0000000083400000, 0x0000000083400000| Untracked 
|  52|0x0000000083400000, 0x0000000083500000, 0x0000000083500000|100%| O|  |TAMS 0x0000000083500000, 0x0000000083500000| Untracked 
|  53|0x0000000083500000, 0x0000000083600000, 0x0000000083600000|100%| O|  |TAMS 0x0000000083600000, 0x0000000083600000| Untracked 
|  54|0x0000000083600000, 0x0000000083700000, 0x0000000083700000|100%| O|  |TAMS 0x0000000083700000, 0x0000000083700000| Untracked 
|  55|0x0000000083700000, 0x0000000083800000, 0x0000000083800000|100%| O|  |TAMS 0x0000000083800000, 0x0000000083800000| Untracked 
|  56|0x0000000083800000, 0x0000000083900000, 0x0000000083900000|100%| O|  |TAMS 0x0000000083900000, 0x0000000083900000| Untracked 
|  57|0x0000000083900000, 0x0000000083a00000, 0x0000000083a00000|100%| O|  |TAMS 0x0000000083a00000, 0x0000000083a00000| Untracked 
|  58|0x0000000083a00000, 0x0000000083b00000, 0x0000000083b00000|100%| O|  |TAMS 0x0000000083b00000, 0x0000000083b00000| Untracked 
|  59|0x0000000083b00000, 0x0000000083c00000, 0x0000000083c00000|100%| O|  |TAMS 0x0000000083c00000, 0x0000000083c00000| Untracked 
|  60|0x0000000083c00000, 0x0000000083d00000, 0x0000000083d00000|100%| O|  |TAMS 0x0000000083d00000, 0x0000000083d00000| Untracked 
|  61|0x0000000083d00000, 0x0000000083e00000, 0x0000000083e00000|100%| O|  |TAMS 0x0000000083e00000, 0x0000000083e00000| Untracked 
|  62|0x0000000083e00000, 0x0000000083f00000, 0x0000000083f00000|100%| O|  |TAMS 0x0000000083f00000, 0x0000000083f00000| Untracked 
|  63|0x0000000083f00000, 0x0000000083f00000, 0x0000000084000000|  0%| F|  |TAMS 0x0000000083f00000, 0x0000000083f00000| Untracked 
|  64|0x0000000084000000, 0x0000000084100000, 0x0000000084100000|100%| O|  |TAMS 0x0000000084100000, 0x0000000084100000| Untracked 
|  65|0x0000000084100000, 0x0000000084200000, 0x0000000084200000|100%| O|  |TAMS 0x0000000084200000, 0x0000000084200000| Untracked 
|  66|0x0000000084200000, 0x0000000084300000, 0x0000000084300000|100%| O|  |TAMS 0x0000000084300000, 0x0000000084300000| Untracked 
|  67|0x0000000084300000, 0x0000000084400000, 0x0000000084400000|100%| O|  |TAMS 0x0000000084400000, 0x0000000084400000| Untracked 
|  68|0x0000000084400000, 0x0000000084500000, 0x0000000084500000|100%| O|  |TAMS 0x0000000084500000, 0x0000000084500000| Untracked 
|  69|0x0000000084500000, 0x0000000084600000, 0x0000000084600000|100%| O|  |TAMS 0x0000000084600000, 0x0000000084600000| Untracked 
|  70|0x0000000084600000, 0x0000000084700000, 0x0000000084700000|100%| O|  |TAMS 0x0000000084700000, 0x0000000084700000| Untracked 
|  71|0x0000000084700000, 0x0000000084800000, 0x0000000084800000|100%| O|  |TAMS 0x0000000084800000, 0x0000000084800000| Untracked 
|  72|0x0000000084800000, 0x0000000084900000, 0x0000000084900000|100%| O|  |TAMS 0x0000000084900000, 0x0000000084900000| Untracked 
|  73|0x0000000084900000, 0x0000000084a00000, 0x0000000084a00000|100%| O|  |TAMS 0x0000000084a00000, 0x0000000084a00000| Untracked 
|  74|0x0000000084a00000, 0x0000000084b00000, 0x0000000084b00000|100%| O|  |TAMS 0x0000000084b00000, 0x0000000084b00000| Untracked 
|  75|0x0000000084b00000, 0x0000000084c00000, 0x0000000084c00000|100%| O|  |TAMS 0x0000000084c00000, 0x0000000084c00000| Untracked 
|  76|0x0000000084c00000, 0x0000000084d00000, 0x0000000084d00000|100%| O|  |TAMS 0x0000000084d00000, 0x0000000084d00000| Untracked 
|  77|0x0000000084d00000, 0x0000000084e00000, 0x0000000084e00000|100%| O|  |TAMS 0x0000000084e00000, 0x0000000084e00000| Untracked 
|  78|0x0000000084e00000, 0x0000000084f00000, 0x0000000084f00000|100%| O|  |TAMS 0x0000000084f00000, 0x0000000084f00000| Untracked 
|  79|0x0000000084f00000, 0x0000000085000000, 0x0000000085000000|100%| O|  |TAMS 0x0000000085000000, 0x0000000085000000| Untracked 
|  80|0x0000000085000000, 0x0000000085100000, 0x0000000085100000|100%| O|  |TAMS 0x0000000085100000, 0x0000000085100000| Untracked 
|  81|0x0000000085100000, 0x0000000085200000, 0x0000000085200000|100%| O|  |TAMS 0x0000000085200000, 0x0000000085200000| Untracked 
|  82|0x0000000085200000, 0x0000000085300000, 0x0000000085300000|100%| O|  |TAMS 0x0000000085300000, 0x0000000085300000| Untracked 
|  83|0x0000000085300000, 0x0000000085400000, 0x0000000085400000|100%| O|  |TAMS 0x0000000085400000, 0x0000000085400000| Untracked 
|  84|0x0000000085400000, 0x0000000085500000, 0x0000000085500000|100%| O|  |TAMS 0x0000000085500000, 0x0000000085500000| Untracked 
|  85|0x0000000085500000, 0x0000000085600000, 0x0000000085600000|100%| O|  |TAMS 0x0000000085600000, 0x0000000085600000| Untracked 
|  86|0x0000000085600000, 0x0000000085700000, 0x0000000085700000|100%| O|  |TAMS 0x0000000085700000, 0x0000000085700000| Untracked 
|  87|0x0000000085700000, 0x0000000085800000, 0x0000000085800000|100%| O|  |TAMS 0x0000000085800000, 0x0000000085800000| Untracked 
|  88|0x0000000085800000, 0x0000000085900000, 0x0000000085900000|100%| O|  |TAMS 0x0000000085900000, 0x0000000085900000| Untracked 
|  89|0x0000000085900000, 0x0000000085a00000, 0x0000000085a00000|100%|HS|  |TAMS 0x0000000085a00000, 0x0000000085a00000| Complete 
|  90|0x0000000085a00000, 0x0000000085b00000, 0x0000000085b00000|100%|HS|  |TAMS 0x0000000085b00000, 0x0000000085b00000| Complete 
|  91|0x0000000085b00000, 0x0000000085c00000, 0x0000000085c00000|100%| O|  |TAMS 0x0000000085c00000, 0x0000000085c00000| Untracked 
|  92|0x0000000085c00000, 0x0000000085d00000, 0x0000000085d00000|100%| O|  |TAMS 0x0000000085c00000, 0x0000000085d00000| Untracked 
|  93|0x0000000085d00000, 0x0000000085e00000, 0x0000000085e00000|100%| O|  |TAMS 0x0000000085e00000, 0x0000000085e00000| Untracked 
|  94|0x0000000085e00000, 0x0000000085e00000, 0x0000000085f00000|  0%| F|  |TAMS 0x0000000085e00000, 0x0000000085e00000| Untracked 
|  95|0x0000000085f00000, 0x0000000085f00000, 0x0000000086000000|  0%| F|  |TAMS 0x0000000085f00000, 0x0000000085f00000| Untracked 
|  96|0x0000000086000000, 0x0000000086100000, 0x0000000086100000|100%| O|  |TAMS 0x0000000086100000, 0x0000000086100000| Untracked 
|  97|0x0000000086100000, 0x0000000086200000, 0x0000000086200000|100%| O|  |TAMS 0x0000000086200000, 0x0000000086200000| Untracked 
|  98|0x0000000086200000, 0x0000000086300000, 0x0000000086300000|100%| O|  |TAMS 0x0000000086300000, 0x0000000086300000| Untracked 
|  99|0x0000000086300000, 0x0000000086400000, 0x0000000086400000|100%| O|  |TAMS 0x0000000086400000, 0x0000000086400000| Untracked 
| 100|0x0000000086400000, 0x0000000086500000, 0x0000000086500000|100%| O|  |TAMS 0x0000000086500000, 0x0000000086500000| Untracked 
| 101|0x0000000086500000, 0x0000000086600000, 0x0000000086600000|100%| O|  |TAMS 0x0000000086600000, 0x0000000086600000| Untracked 
| 102|0x0000000086600000, 0x0000000086700000, 0x0000000086700000|100%| O|  |TAMS 0x0000000086700000, 0x0000000086700000| Untracked 
| 103|0x0000000086700000, 0x0000000086800000, 0x0000000086800000|100%| O|  |TAMS 0x0000000086800000, 0x0000000086800000| Untracked 
| 104|0x0000000086800000, 0x0000000086900000, 0x0000000086900000|100%| O|  |TAMS 0x0000000086900000, 0x0000000086900000| Untracked 
| 105|0x0000000086900000, 0x0000000086a00000, 0x0000000086a00000|100%| O|  |TAMS 0x0000000086a00000, 0x0000000086a00000| Untracked 
| 106|0x0000000086a00000, 0x0000000086a00000, 0x0000000086b00000|  0%| F|  |TAMS 0x0000000086a00000, 0x0000000086a00000| Untracked 
| 107|0x0000000086b00000, 0x0000000086c00000, 0x0000000086c00000|100%| O|  |TAMS 0x0000000086c00000, 0x0000000086c00000| Untracked 
| 108|0x0000000086c00000, 0x0000000086d00000, 0x0000000086d00000|100%| O|  |TAMS 0x0000000086c00000, 0x0000000086d00000| Untracked 
| 109|0x0000000086d00000, 0x0000000086e00000, 0x0000000086e00000|100%| O|  |TAMS 0x0000000086e00000, 0x0000000086e00000| Untracked 
| 110|0x0000000086e00000, 0x0000000086f00000, 0x0000000086f00000|100%| O|  |TAMS 0x0000000086f00000, 0x0000000086f00000| Untracked 
| 111|0x0000000086f00000, 0x0000000087000000, 0x0000000087000000|100%| O|  |TAMS 0x0000000087000000, 0x0000000087000000| Untracked 
| 112|0x0000000087000000, 0x0000000087100000, 0x0000000087100000|100%| O|  |TAMS 0x0000000087100000, 0x0000000087100000| Untracked 
| 113|0x0000000087100000, 0x0000000087200000, 0x0000000087200000|100%| O|  |TAMS 0x0000000087200000, 0x0000000087200000| Untracked 
| 114|0x0000000087200000, 0x0000000087300000, 0x0000000087300000|100%| O|  |TAMS 0x0000000087300000, 0x0000000087300000| Untracked 
| 115|0x0000000087300000, 0x0000000087400000, 0x0000000087400000|100%| O|  |TAMS 0x0000000087400000, 0x0000000087400000| Untracked 
| 116|0x0000000087400000, 0x0000000087500000, 0x0000000087500000|100%| O|  |TAMS 0x0000000087500000, 0x0000000087500000| Untracked 
| 117|0x0000000087500000, 0x0000000087600000, 0x0000000087600000|100%| O|  |TAMS 0x0000000087600000, 0x0000000087600000| Untracked 
| 118|0x0000000087600000, 0x0000000087700000, 0x0000000087700000|100%| O|  |TAMS 0x0000000087700000, 0x0000000087700000| Untracked 
| 119|0x0000000087700000, 0x0000000087800000, 0x0000000087800000|100%| O|  |TAMS 0x0000000087800000, 0x0000000087800000| Untracked 
| 120|0x0000000087800000, 0x0000000087900000, 0x0000000087900000|100%| O|  |TAMS 0x0000000087900000, 0x0000000087900000| Untracked 
| 121|0x0000000087900000, 0x0000000087a00000, 0x0000000087a00000|100%| O|  |TAMS 0x0000000087a00000, 0x0000000087a00000| Untracked 
| 122|0x0000000087a00000, 0x0000000087b00000, 0x0000000087b00000|100%| O|  |TAMS 0x0000000087b00000, 0x0000000087b00000| Untracked 
| 123|0x0000000087b00000, 0x0000000087c00000, 0x0000000087c00000|100%| O|  |TAMS 0x0000000087c00000, 0x0000000087c00000| Untracked 
| 124|0x0000000087c00000, 0x0000000087d00000, 0x0000000087d00000|100%| O|  |TAMS 0x0000000087d00000, 0x0000000087d00000| Untracked 
| 125|0x0000000087d00000, 0x0000000087e00000, 0x0000000087e00000|100%| O|  |TAMS 0x0000000087e00000, 0x0000000087e00000| Untracked 
| 126|0x0000000087e00000, 0x0000000087f00000, 0x0000000087f00000|100%| O|  |TAMS 0x0000000087f00000, 0x0000000087f00000| Untracked 
| 127|0x0000000087f00000, 0x0000000088000000, 0x0000000088000000|100%| O|  |TAMS 0x0000000087fde800, 0x0000000088000000| Untracked 
| 128|0x0000000088000000, 0x0000000088100000, 0x0000000088100000|100%|HS|  |TAMS 0x0000000088000000, 0x0000000088100000| Complete 
| 129|0x0000000088100000, 0x0000000088200000, 0x0000000088200000|100%| O|  |TAMS 0x0000000088100000, 0x0000000088200000| Untracked 
| 130|0x0000000088200000, 0x0000000088300000, 0x0000000088300000|100%| O|  |TAMS 0x0000000088200000, 0x0000000088300000| Untracked 
| 131|0x0000000088300000, 0x0000000088400000, 0x0000000088400000|100%| O|  |TAMS 0x0000000088300000, 0x0000000088400000| Untracked 
| 132|0x0000000088400000, 0x0000000088500000, 0x0000000088500000|100%| O|  |TAMS 0x0000000088400000, 0x0000000088500000| Untracked 
| 133|0x0000000088500000, 0x0000000088600000, 0x0000000088600000|100%| O|  |TAMS 0x0000000088500000, 0x0000000088600000| Untracked 
| 134|0x0000000088600000, 0x0000000088700000, 0x0000000088700000|100%| O|  |TAMS 0x0000000088600000, 0x0000000088700000| Untracked 
| 135|0x0000000088700000, 0x0000000088800000, 0x0000000088800000|100%| O|  |TAMS 0x0000000088700000, 0x0000000088800000| Untracked 
| 136|0x0000000088800000, 0x0000000088900000, 0x0000000088900000|100%| O|  |TAMS 0x0000000088800000, 0x0000000088900000| Untracked 
| 137|0x0000000088900000, 0x0000000088a00000, 0x0000000088a00000|100%| O|  |TAMS 0x0000000088900000, 0x0000000088a00000| Untracked 
| 138|0x0000000088a00000, 0x0000000088b00000, 0x0000000088b00000|100%| O|  |TAMS 0x0000000088a00000, 0x0000000088b00000| Untracked 
| 139|0x0000000088b00000, 0x0000000088c00000, 0x0000000088c00000|100%| O|  |TAMS 0x0000000088b00000, 0x0000000088c00000| Untracked 
| 140|0x0000000088c00000, 0x0000000088c75200, 0x0000000088d00000| 45%| O|  |TAMS 0x0000000088c00000, 0x0000000088c75200| Untracked 
| 141|0x0000000088d00000, 0x0000000088d00000, 0x0000000088e00000|  0%| F|  |TAMS 0x0000000088d00000, 0x0000000088d00000| Untracked 
| 142|0x0000000088e00000, 0x0000000088e00000, 0x0000000088f00000|  0%| F|  |TAMS 0x0000000088e00000, 0x0000000088e00000| Untracked 
| 143|0x0000000088f00000, 0x0000000088f00000, 0x0000000089000000|  0%| F|  |TAMS 0x0000000088f00000, 0x0000000088f00000| Untracked 
| 144|0x0000000089000000, 0x0000000089000000, 0x0000000089100000|  0%| F|  |TAMS 0x0000000089000000, 0x0000000089000000| Untracked 
| 145|0x0000000089100000, 0x0000000089100000, 0x0000000089200000|  0%| F|  |TAMS 0x0000000089100000, 0x0000000089100000| Untracked 
| 146|0x0000000089200000, 0x0000000089200000, 0x0000000089300000|  0%| F|  |TAMS 0x0000000089200000, 0x0000000089200000| Untracked 
| 147|0x0000000089300000, 0x0000000089300000, 0x0000000089400000|  0%| F|  |TAMS 0x0000000089300000, 0x0000000089300000| Untracked 
| 148|0x0000000089400000, 0x0000000089400000, 0x0000000089500000|  0%| F|  |TAMS 0x0000000089400000, 0x0000000089400000| Untracked 
| 149|0x0000000089500000, 0x0000000089500000, 0x0000000089600000|  0%| F|  |TAMS 0x0000000089500000, 0x0000000089500000| Untracked 
| 150|0x0000000089600000, 0x0000000089600000, 0x0000000089700000|  0%| F|  |TAMS 0x0000000089600000, 0x0000000089600000| Untracked 
| 151|0x0000000089700000, 0x0000000089700000, 0x0000000089800000|  0%| F|  |TAMS 0x0000000089700000, 0x0000000089700000| Untracked 
| 152|0x0000000089800000, 0x0000000089800000, 0x0000000089900000|  0%| F|  |TAMS 0x0000000089800000, 0x0000000089800000| Untracked 
| 153|0x0000000089900000, 0x0000000089900000, 0x0000000089a00000|  0%| F|  |TAMS 0x0000000089900000, 0x0000000089900000| Untracked 
| 154|0x0000000089a00000, 0x0000000089a00000, 0x0000000089b00000|  0%| F|  |TAMS 0x0000000089a00000, 0x0000000089a00000| Untracked 
| 155|0x0000000089b00000, 0x0000000089b00000, 0x0000000089c00000|  0%| F|  |TAMS 0x0000000089b00000, 0x0000000089b00000| Untracked 
| 156|0x0000000089c00000, 0x0000000089c00000, 0x0000000089d00000|  0%| F|  |TAMS 0x0000000089c00000, 0x0000000089c00000| Untracked 
| 157|0x0000000089d00000, 0x0000000089d00000, 0x0000000089e00000|  0%| F|  |TAMS 0x0000000089d00000, 0x0000000089d00000| Untracked 
| 158|0x0000000089e00000, 0x0000000089e00000, 0x0000000089f00000|  0%| F|  |TAMS 0x0000000089e00000, 0x0000000089e00000| Untracked 
| 159|0x0000000089f00000, 0x0000000089f00000, 0x000000008a000000|  0%| F|  |TAMS 0x0000000089f00000, 0x0000000089f00000| Untracked 
| 160|0x000000008a000000, 0x000000008a000000, 0x000000008a100000|  0%| F|  |TAMS 0x000000008a000000, 0x000000008a000000| Untracked 
| 161|0x000000008a100000, 0x000000008a100000, 0x000000008a200000|  0%| F|  |TAMS 0x000000008a100000, 0x000000008a100000| Untracked 
| 162|0x000000008a200000, 0x000000008a200000, 0x000000008a300000|  0%| F|  |TAMS 0x000000008a200000, 0x000000008a200000| Untracked 
| 163|0x000000008a300000, 0x000000008a300000, 0x000000008a400000|  0%| F|  |TAMS 0x000000008a300000, 0x000000008a300000| Untracked 
| 164|0x000000008a400000, 0x000000008a400000, 0x000000008a500000|  0%| F|  |TAMS 0x000000008a400000, 0x000000008a400000| Untracked 
| 165|0x000000008a500000, 0x000000008a500000, 0x000000008a600000|  0%| F|  |TAMS 0x000000008a500000, 0x000000008a500000| Untracked 
| 166|0x000000008a600000, 0x000000008a600000, 0x000000008a700000|  0%| F|  |TAMS 0x000000008a600000, 0x000000008a600000| Untracked 
| 167|0x000000008a700000, 0x000000008a700000, 0x000000008a800000|  0%| F|  |TAMS 0x000000008a700000, 0x000000008a700000| Untracked 
| 168|0x000000008a800000, 0x000000008a800000, 0x000000008a900000|  0%| F|  |TAMS 0x000000008a800000, 0x000000008a800000| Untracked 
| 169|0x000000008a900000, 0x000000008a900000, 0x000000008aa00000|  0%| F|  |TAMS 0x000000008a900000, 0x000000008a900000| Untracked 
| 170|0x000000008aa00000, 0x000000008aa00000, 0x000000008ab00000|  0%| F|  |TAMS 0x000000008aa00000, 0x000000008aa00000| Untracked 
| 171|0x000000008ab00000, 0x000000008ab00000, 0x000000008ac00000|  0%| F|  |TAMS 0x000000008ab00000, 0x000000008ab00000| Untracked 
| 172|0x000000008ac00000, 0x000000008ac00000, 0x000000008ad00000|  0%| F|  |TAMS 0x000000008ac00000, 0x000000008ac00000| Untracked 
| 173|0x000000008ad00000, 0x000000008ad00000, 0x000000008ae00000|  0%| F|  |TAMS 0x000000008ad00000, 0x000000008ad00000| Untracked 
| 174|0x000000008ae00000, 0x000000008ae00000, 0x000000008af00000|  0%| F|  |TAMS 0x000000008ae00000, 0x000000008ae00000| Untracked 
| 175|0x000000008af00000, 0x000000008af00000, 0x000000008b000000|  0%| F|  |TAMS 0x000000008af00000, 0x000000008af00000| Untracked 
| 176|0x000000008b000000, 0x000000008b000000, 0x000000008b100000|  0%| F|  |TAMS 0x000000008b000000, 0x000000008b000000| Untracked 
| 177|0x000000008b100000, 0x000000008b100000, 0x000000008b200000|  0%| F|  |TAMS 0x000000008b100000, 0x000000008b100000| Untracked 
| 178|0x000000008b200000, 0x000000008b200000, 0x000000008b300000|  0%| F|  |TAMS 0x000000008b200000, 0x000000008b200000| Untracked 
| 179|0x000000008b300000, 0x000000008b300000, 0x000000008b400000|  0%| F|  |TAMS 0x000000008b300000, 0x000000008b300000| Untracked 
| 180|0x000000008b400000, 0x000000008b470078, 0x000000008b500000| 43%| S|CS|TAMS 0x000000008b400000, 0x000000008b400000| Complete 
| 181|0x000000008b500000, 0x000000008b600000, 0x000000008b600000|100%| S|CS|TAMS 0x000000008b500000, 0x000000008b500000| Complete 
| 182|0x000000008b600000, 0x000000008b700000, 0x000000008b700000|100%| S|CS|TAMS 0x000000008b600000, 0x000000008b600000| Complete 
| 183|0x000000008b700000, 0x000000008b800000, 0x000000008b800000|100%| S|CS|TAMS 0x000000008b700000, 0x000000008b700000| Complete 
| 184|0x000000008b800000, 0x000000008b900000, 0x000000008b900000|100%| S|CS|TAMS 0x000000008b800000, 0x000000008b800000| Complete 
| 185|0x000000008b900000, 0x000000008b900000, 0x000000008ba00000|  0%| F|  |TAMS 0x000000008b900000, 0x000000008b900000| Untracked 
| 186|0x000000008ba00000, 0x000000008ba00000, 0x000000008bb00000|  0%| F|  |TAMS 0x000000008ba00000, 0x000000008ba00000| Untracked 
| 187|0x000000008bb00000, 0x000000008bb00000, 0x000000008bc00000|  0%| F|  |TAMS 0x000000008bb00000, 0x000000008bb00000| Untracked 
| 188|0x000000008bc00000, 0x000000008bc00000, 0x000000008bd00000|  0%| F|  |TAMS 0x000000008bc00000, 0x000000008bc00000| Untracked 
| 189|0x000000008bd00000, 0x000000008bd00000, 0x000000008be00000|  0%| F|  |TAMS 0x000000008bd00000, 0x000000008bd00000| Untracked 
| 190|0x000000008be00000, 0x000000008be00000, 0x000000008bf00000|  0%| F|  |TAMS 0x000000008be00000, 0x000000008be00000| Untracked 
| 191|0x000000008bf00000, 0x000000008bf00000, 0x000000008c000000|  0%| F|  |TAMS 0x000000008bf00000, 0x000000008bf00000| Untracked 
| 192|0x000000008c000000, 0x000000008c000000, 0x000000008c100000|  0%| F|  |TAMS 0x000000008c000000, 0x000000008c000000| Untracked 
| 193|0x000000008c100000, 0x000000008c100000, 0x000000008c200000|  0%| F|  |TAMS 0x000000008c100000, 0x000000008c100000| Untracked 
| 194|0x000000008c200000, 0x000000008c200000, 0x000000008c300000|  0%| F|  |TAMS 0x000000008c200000, 0x000000008c200000| Untracked 
| 195|0x000000008c300000, 0x000000008c300000, 0x000000008c400000|  0%| F|  |TAMS 0x000000008c300000, 0x000000008c300000| Untracked 
| 196|0x000000008c400000, 0x000000008c400000, 0x000000008c500000|  0%| F|  |TAMS 0x000000008c400000, 0x000000008c400000| Untracked 
| 197|0x000000008c500000, 0x000000008c500000, 0x000000008c600000|  0%| F|  |TAMS 0x000000008c500000, 0x000000008c500000| Untracked 
| 198|0x000000008c600000, 0x000000008c600000, 0x000000008c700000|  0%| F|  |TAMS 0x000000008c600000, 0x000000008c600000| Untracked 
| 199|0x000000008c700000, 0x000000008c700000, 0x000000008c800000|  0%| F|  |TAMS 0x000000008c700000, 0x000000008c700000| Untracked 
| 200|0x000000008c800000, 0x000000008c800000, 0x000000008c900000|  0%| F|  |TAMS 0x000000008c800000, 0x000000008c800000| Untracked 
| 201|0x000000008c900000, 0x000000008c900000, 0x000000008ca00000|  0%| F|  |TAMS 0x000000008c900000, 0x000000008c900000| Untracked 
| 202|0x000000008ca00000, 0x000000008ca00000, 0x000000008cb00000|  0%| F|  |TAMS 0x000000008ca00000, 0x000000008ca00000| Untracked 
| 203|0x000000008cb00000, 0x000000008cb00000, 0x000000008cc00000|  0%| F|  |TAMS 0x000000008cb00000, 0x000000008cb00000| Untracked 
| 204|0x000000008cc00000, 0x000000008cc00000, 0x000000008cd00000|  0%| F|  |TAMS 0x000000008cc00000, 0x000000008cc00000| Untracked 
| 205|0x000000008cd00000, 0x000000008cd00000, 0x000000008ce00000|  0%| F|  |TAMS 0x000000008cd00000, 0x000000008cd00000| Untracked 
| 206|0x000000008ce00000, 0x000000008ce00000, 0x000000008cf00000|  0%| F|  |TAMS 0x000000008ce00000, 0x000000008ce00000| Untracked 
| 207|0x000000008cf00000, 0x000000008cf00000, 0x000000008d000000|  0%| F|  |TAMS 0x000000008cf00000, 0x000000008cf00000| Untracked 
| 208|0x000000008d000000, 0x000000008d000000, 0x000000008d100000|  0%| F|  |TAMS 0x000000008d000000, 0x000000008d000000| Untracked 
| 209|0x000000008d100000, 0x000000008d100000, 0x000000008d200000|  0%| F|  |TAMS 0x000000008d100000, 0x000000008d100000| Untracked 
| 210|0x000000008d200000, 0x000000008d200000, 0x000000008d300000|  0%| F|  |TAMS 0x000000008d200000, 0x000000008d200000| Untracked 
| 211|0x000000008d300000, 0x000000008d300000, 0x000000008d400000|  0%| F|  |TAMS 0x000000008d300000, 0x000000008d300000| Untracked 
| 212|0x000000008d400000, 0x000000008d400000, 0x000000008d500000|  0%| F|  |TAMS 0x000000008d400000, 0x000000008d400000| Untracked 
| 213|0x000000008d500000, 0x000000008d500000, 0x000000008d600000|  0%| F|  |TAMS 0x000000008d500000, 0x000000008d500000| Untracked 
| 214|0x000000008d600000, 0x000000008d600000, 0x000000008d700000|  0%| F|  |TAMS 0x000000008d600000, 0x000000008d600000| Untracked 
| 215|0x000000008d700000, 0x000000008d700000, 0x000000008d800000|  0%| F|  |TAMS 0x000000008d700000, 0x000000008d700000| Untracked 
| 216|0x000000008d800000, 0x000000008d800000, 0x000000008d900000|  0%| F|  |TAMS 0x000000008d800000, 0x000000008d800000| Untracked 
| 217|0x000000008d900000, 0x000000008d900000, 0x000000008da00000|  0%| F|  |TAMS 0x000000008d900000, 0x000000008d900000| Untracked 
| 218|0x000000008da00000, 0x000000008da00000, 0x000000008db00000|  0%| F|  |TAMS 0x000000008da00000, 0x000000008da00000| Untracked 
| 219|0x000000008db00000, 0x000000008dbbfac0, 0x000000008dc00000| 74%| E|  |TAMS 0x000000008db00000, 0x000000008db00000| Complete 
| 220|0x000000008dc00000, 0x000000008dd00000, 0x000000008dd00000|100%| E|CS|TAMS 0x000000008dc00000, 0x000000008dc00000| Complete 
| 221|0x000000008dd00000, 0x000000008de00000, 0x000000008de00000|100%| E|CS|TAMS 0x000000008dd00000, 0x000000008dd00000| Complete 
| 222|0x000000008de00000, 0x000000008df00000, 0x000000008df00000|100%| E|CS|TAMS 0x000000008de00000, 0x000000008de00000| Complete 
| 223|0x000000008df00000, 0x000000008e000000, 0x000000008e000000|100%| E|CS|TAMS 0x000000008df00000, 0x000000008df00000| Complete 
| 224|0x000000008e000000, 0x000000008e100000, 0x000000008e100000|100%| E|CS|TAMS 0x000000008e000000, 0x000000008e000000| Complete 
| 225|0x000000008e100000, 0x000000008e200000, 0x000000008e200000|100%| E|CS|TAMS 0x000000008e100000, 0x000000008e100000| Complete 
| 226|0x000000008e200000, 0x000000008e300000, 0x000000008e300000|100%| E|CS|TAMS 0x000000008e200000, 0x000000008e200000| Complete 
| 227|0x000000008e300000, 0x000000008e400000, 0x000000008e400000|100%| E|CS|TAMS 0x000000008e300000, 0x000000008e300000| Complete 
| 228|0x000000008e400000, 0x000000008e500000, 0x000000008e500000|100%| E|CS|TAMS 0x000000008e400000, 0x000000008e400000| Complete 
| 229|0x000000008e500000, 0x000000008e600000, 0x000000008e600000|100%| E|  |TAMS 0x000000008e500000, 0x000000008e500000| Complete 
| 230|0x000000008e600000, 0x000000008e700000, 0x000000008e700000|100%| E|CS|TAMS 0x000000008e600000, 0x000000008e600000| Complete 

Card table byte_map: [0x00000218d67d0000,0x00000218d6bd0000] _byte_map_base: 0x00000218d63d0000

Marking Bits (Prev, Next): (CMBitMap*) 0x00000218c39185e0, (CMBitMap*) 0x00000218c39185a8
 Prev Bits: [0x00000218d8fd0000, 0x00000218dafd0000)
 Next Bits: [0x00000218d6fd0000, 0x00000218d8fd0000)

Polling page: 0x00000218c30c0000

Metaspace:

Usage:
  Non-class:    102.18 MB capacity,   100.13 MB ( 98%) used,     1.69 MB (  2%) free+waste,   370.25 KB ( <1%) overhead. 
      Class:     15.77 MB capacity,    14.56 MB ( 92%) used,     1.04 MB (  7%) free+waste,   167.88 KB (  1%) overhead. 
       Both:    117.95 MB capacity,   114.69 MB ( 97%) used,     2.74 MB (  2%) free+waste,   538.13 KB ( <1%) overhead. 

Virtual space:
  Non-class space:      104.00 MB reserved,     102.25 MB ( 98%) committed 
      Class space:        1.00 GB reserved,      15.88 MB (  2%) committed 
             Both:        1.10 GB reserved,     118.13 MB ( 10%) committed 

Chunk freelists:
   Non-Class:  8.00 KB
       Class:  11.00 KB
        Both:  19.00 KB

MaxMetaspaceSize: 17179869184.00 GB
CompressedClassSpaceSize: 1.00 GB

CodeHeap 'non-profiled nmethods': size=120064Kb used=8951Kb max_used=8951Kb free=111112Kb
 bounds [0x00000218cee90000, 0x00000218cf750000, 0x00000218d63d0000]
CodeHeap 'profiled nmethods': size=120000Kb used=37422Kb max_used=37422Kb free=82577Kb
 bounds [0x00000218c7960000, 0x00000218c9df0000, 0x00000218cee90000]
CodeHeap 'non-nmethods': size=5696Kb used=2350Kb max_used=2412Kb free=3345Kb
 bounds [0x00000218c73d0000, 0x00000218c7640000, 0x00000218c7960000]
 total_blobs=17408 nmethods=16441 adapters=878
 compilation: enabled
              stopped_count=0, restarted_count=0
 full_count=0

Compilation events (20 events):
Event: 583.090 Thread 0x00000218dd4e3000 16745       2       com.android.tools.r8.dex.m$$Lambda$1594/0x0000000100fadc40::accept (20 bytes)
Event: 583.090 Thread 0x00000218dd4e3000 nmethod 16745 0x00000218c9de6210 code [0x00000218c9de63c0, 0x00000218c9de6528]
Event: 583.090 Thread 0x00000218dd4e3000 16746       2       com.android.tools.r8.dex.m::a (158 bytes)
Event: 583.092 Thread 0x00000218dd4e3000 nmethod 16746 0x00000218c9de6610 code [0x00000218c9de68a0, 0x00000218c9de6fa8]
Event: 583.092 Thread 0x00000218dd4e3000 16748       2       com.android.tools.r8.naming.w$b::a (88 bytes)
Event: 583.094 Thread 0x00000218dd4e3000 nmethod 16748 0x00000218c9de7490 code [0x00000218c9de7740, 0x00000218c9de8178]
Event: 583.094 Thread 0x00000218dd4e3000 16749       2       com.android.tools.r8.graph.S::E (5 bytes)
Event: 583.094 Thread 0x00000218dd4e3000 nmethod 16749 0x00000218c9de8810 code [0x00000218c9de89c0, 0x00000218c9de8ae8]
Event: 583.094 Thread 0x00000218dd4e3000 16752       2       com.android.tools.r8.naming.w$b::toString (54 bytes)
Event: 583.095 Thread 0x00000218dd4e3000 nmethod 16752 0x00000218c9de8b90 code [0x00000218c9de8dc0, 0x00000218c9de91d8]
Event: 583.095 Thread 0x00000218dd4e3000 16750       2       com.android.tools.r8.naming.w$b::<init> (16 bytes)
Event: 583.095 Thread 0x00000218dd4e3000 nmethod 16750 0x00000218c9de9410 code [0x00000218c9de95c0, 0x00000218c9de97d8]
Event: 583.095 Thread 0x00000218dd4e3000 16751       2       com.android.tools.r8.naming.w$c::<init> (10 bytes)
Event: 583.095 Thread 0x00000218dd4e3000 nmethod 16751 0x00000218c9de9890 code [0x00000218c9de9a40, 0x00000218c9de9b78]
Event: 583.096 Thread 0x00000218dd4e3000 16753       2       com.android.tools.r8.graph.X::S (11 bytes)
Event: 583.096 Thread 0x00000218dd4e3000 nmethod 16753 0x00000218c9de9c10 code [0x00000218c9de9dc0, 0x00000218c9de9ed8]
Event: 583.096 Thread 0x00000218dd4e3000 16747       2       com.android.tools.r8.naming.w$b::a (6 bytes)
Event: 583.096 Thread 0x00000218dd4e3000 nmethod 16747 0x00000218c9dea010 code [0x00000218c9dea1c0, 0x00000218c9dea2a8]
Event: 583.112 Thread 0x00000218dd4e3000 16754       2       com.android.tools.r8.dex.m$$Lambda$1594/0x0000000100fadc40::get$Lambda (11 bytes)
Event: 583.112 Thread 0x00000218dd4e3000 nmethod 16754 0x00000218c9dea390 code [0x00000218c9dea540, 0x00000218c9dea798]

GC Heap History (20 events):
Event: 571.903 GC heap before
{Heap before GC invocations=21 (full 0):
 garbage-first heap   total 236544K, used 178123K [0x0000000080000000, 0x0000000100000000)
  region size 1024K, 92 young (94208K), 9 survivors (9216K)
 Metaspace       used 98155K, capacity 101068K, committed 101248K, reserved 1136640K
  class space    used 12613K, capacity 13657K, committed 13696K, reserved 1048576K
}
Event: 571.935 GC heap after
{Heap after GC invocations=22 (full 0):
 garbage-first heap   total 236544K, used 100615K [0x0000000080000000, 0x0000000100000000)
  region size 1024K, 11 young (11264K), 11 survivors (11264K)
 Metaspace       used 98155K, capacity 101068K, committed 101248K, reserved 1136640K
  class space    used 12613K, capacity 13657K, committed 13696K, reserved 1048576K
}
Event: 574.019 GC heap before
{Heap before GC invocations=22 (full 0):
 garbage-first heap   total 236544K, used 191751K [0x0000000080000000, 0x0000000100000000)
  region size 1024K, 93 young (95232K), 11 survivors (11264K)
 Metaspace       used 99457K, capacity 102364K, committed 102656K, reserved 1138688K
  class space    used 12705K, capacity 13775K, committed 13824K, reserved 1048576K
}
Event: 574.052 GC heap after
{Heap after GC invocations=23 (full 0):
 garbage-first heap   total 236544K, used 110798K [0x0000000080000000, 0x0000000100000000)
  region size 1024K, 10 young (10240K), 10 survivors (10240K)
 Metaspace       used 99457K, capacity 102364K, committed 102656K, reserved 1138688K
  class space    used 12705K, capacity 13775K, committed 13824K, reserved 1048576K
}
Event: 576.514 GC heap before
{Heap before GC invocations=23 (full 0):
 garbage-first heap   total 236544K, used 186574K [0x0000000080000000, 0x0000000100000000)
  region size 1024K, 85 young (87040K), 10 survivors (10240K)
 Metaspace       used 105141K, capacity 108075K, committed 108288K, reserved 1142784K
  class space    used 13207K, capacity 14302K, committed 14336K, reserved 1048576K
}
Event: 576.535 GC heap after
{Heap after GC invocations=24 (full 0):
 garbage-first heap   total 236544K, used 112051K [0x0000000080000000, 0x0000000100000000)
  region size 1024K, 2 young (2048K), 2 survivors (2048K)
 Metaspace       used 105141K, capacity 108075K, committed 108288K, reserved 1142784K
  class space    used 13207K, capacity 14302K, committed 14336K, reserved 1048576K
}
Event: 578.257 GC heap before
{Heap before GC invocations=24 (full 0):
 garbage-first heap   total 236544K, used 189875K [0x0000000080000000, 0x0000000100000000)
  region size 1024K, 79 young (80896K), 2 survivors (2048K)
 Metaspace       used 108765K, capacity 111770K, committed 112128K, reserved 1146880K
  class space    used 13633K, capacity 14729K, committed 14848K, reserved 1048576K
}
Event: 578.274 GC heap after
{Heap after GC invocations=25 (full 0):
 garbage-first heap   total 236544K, used 115858K [0x0000000080000000, 0x0000000100000000)
  region size 1024K, 6 young (6144K), 6 survivors (6144K)
 Metaspace       used 108765K, capacity 111770K, committed 112128K, reserved 1146880K
  class space    used 13633K, capacity 14729K, committed 14848K, reserved 1048576K
}
Event: 580.365 GC heap before
{Heap before GC invocations=26 (full 0):
 garbage-first heap   total 236544K, used 192658K [0x0000000080000000, 0x0000000100000000)
  region size 1024K, 81 young (82944K), 6 survivors (6144K)
 Metaspace       used 113059K, capacity 116186K, committed 116480K, reserved 1150976K
  class space    used 14381K, capacity 15531K, committed 15616K, reserved 1048576K
}
Event: 580.406 GC heap after
{Heap after GC invocations=27 (full 0):
 garbage-first heap   total 236544K, used 127492K [0x0000000080000000, 0x0000000100000000)
  region size 1024K, 11 young (11264K), 11 survivors (11264K)
 Metaspace       used 113059K, capacity 116186K, committed 116480K, reserved 1150976K
  class space    used 14381K, capacity 15531K, committed 15616K, reserved 1048576K
}
Event: 580.432 GC heap before
{Heap before GC invocations=27 (full 0):
 garbage-first heap   total 236544K, used 128516K [0x0000000080000000, 0x0000000100000000)
  region size 1024K, 12 young (12288K), 11 survivors (11264K)
 Metaspace       used 113062K, capacity 116186K, committed 116480K, reserved 1150976K
  class space    used 14381K, capacity 15531K, committed 15616K, reserved 1048576K
}
Event: 580.461 GC heap after
{Heap after GC invocations=28 (full 0):
 garbage-first heap   total 236544K, used 128878K [0x0000000080000000, 0x0000000100000000)
  region size 1024K, 2 young (2048K), 2 survivors (2048K)
 Metaspace       used 113062K, capacity 116186K, committed 116480K, reserved 1150976K
  class space    used 14381K, capacity 15531K, committed 15616K, reserved 1048576K
}
Event: 581.033 GC heap before
{Heap before GC invocations=28 (full 0):
 garbage-first heap   total 236544K, used 151406K [0x0000000080000000, 0x0000000100000000)
  region size 1024K, 26 young (26624K), 2 survivors (2048K)
 Metaspace       used 114330K, capacity 117470K, committed 117632K, reserved 1150976K
  class space    used 14540K, capacity 15717K, committed 15744K, reserved 1048576K
}
Event: 581.057 GC heap after
{Heap after GC invocations=29 (full 0):
 garbage-first heap   total 236544K, used 139130K [0x0000000080000000, 0x0000000100000000)
  region size 1024K, 8 young (8192K), 8 survivors (8192K)
 Metaspace       used 114330K, capacity 117470K, committed 117632K, reserved 1150976K
  class space    used 14540K, capacity 15717K, committed 15744K, reserved 1048576K
}
Event: 582.181 GC heap before
{Heap before GC invocations=30 (full 0):
 garbage-first heap   total 236544K, used 184186K [0x0000000080000000, 0x0000000100000000)
  region size 1024K, 53 young (54272K), 8 survivors (8192K)
 Metaspace       used 115916K, capacity 119187K, committed 119424K, reserved 1153024K
  class space    used 14715K, capacity 15908K, committed 16000K, reserved 1048576K
}
Event: 582.213 GC heap after
{Heap after GC invocations=31 (full 0):
 garbage-first heap   total 236544K, used 143741K [0x0000000080000000, 0x0000000100000000)
  region size 1024K, 7 young (7168K), 7 survivors (7168K)
 Metaspace       used 115916K, capacity 119187K, committed 119424K, reserved 1153024K
  class space    used 14715K, capacity 15908K, committed 16000K, reserved 1048576K
}
Event: 582.273 GC heap before
{Heap before GC invocations=31 (full 0):
 garbage-first heap   total 236544K, used 148861K [0x0000000080000000, 0x0000000100000000)
  region size 1024K, 11 young (11264K), 7 survivors (7168K)
 Metaspace       used 115978K, capacity 119187K, committed 119424K, reserved 1153024K
  class space    used 14718K, capacity 15908K, committed 16000K, reserved 1048576K
}
Event: 582.294 GC heap after
{Heap after GC invocations=32 (full 0):
 garbage-first heap   total 236544K, used 140756K [0x0000000080000000, 0x0000000100000000)
  region size 1024K, 1 young (1024K), 1 survivors (1024K)
 Metaspace       used 115978K, capacity 119187K, committed 119424K, reserved 1153024K
  class space    used 14718K, capacity 15908K, committed 16000K, reserved 1048576K
}
Event: 583.098 GC heap before
{Heap before GC invocations=32 (full 0):
 garbage-first heap   total 236544K, used 185812K [0x0000000080000000, 0x0000000100000000)
  region size 1024K, 46 young (47104K), 1 survivors (1024K)
 Metaspace       used 117348K, capacity 120684K, committed 120832K, reserved 1155072K
  class space    used 14894K, capacity 16117K, committed 16128K, reserved 1048576K
}
Event: 583.109 GC heap after
{Heap after GC invocations=33 (full 0):
 garbage-first heap   total 236544K, used 144276K [0x0000000080000000, 0x0000000100000000)
  region size 1024K, 5 young (5120K), 5 survivors (5120K)
 Metaspace       used 117348K, capacity 120684K, committed 120832K, reserved 1155072K
  class space    used 14894K, capacity 16117K, committed 16128K, reserved 1048576K
}

Deoptimization events (20 events):
Event: 583.037 Thread 0x00000218e4041000 DEOPT PACKING pc=0x00000218cf74baec sp=0x00000079baffe880
Event: 583.037 Thread 0x00000218e4041000 DEOPT UNPACKING pc=0x00000218c73f782f sp=0x00000079baffe7c8 mode 2
Event: 583.037 Thread 0x00000218e4041000 Uncommon trap: trap_request=0xffffffc6 fr.pc=0x00000218cf74baec relative=0x000000000000020c
Event: 583.037 Thread 0x00000218e4041000 Uncommon trap: reason=bimorphic_or_optimized_type_check action=maybe_recompile pc=0x00000218cf74baec method=com.android.tools.r8.internal.hr.b(Ljava/util/function/Predicate;Ljava/util/function/Consumer;Lcom/android/tools/r8/graph/P;)V @ 12 c2
Event: 583.037 Thread 0x00000218e4041000 DEOPT PACKING pc=0x00000218cf74baec sp=0x00000079baffe880
Event: 583.037 Thread 0x00000218e4041000 DEOPT UNPACKING pc=0x00000218c73f782f sp=0x00000079baffe7c8 mode 2
Event: 583.048 Thread 0x00000218e4041000 DEOPT PACKING pc=0x00000218c9c46610 sp=0x00000079baffe760
Event: 583.048 Thread 0x00000218e4041000 DEOPT UNPACKING pc=0x00000218c73f764e sp=0x00000079baffdc98 mode 0
Event: 583.064 Thread 0x00000218e00d9800 Uncommon trap: trap_request=0xffffffde fr.pc=0x00000218cf0c2ba8 relative=0x00000000000011a8
Event: 583.064 Thread 0x00000218e00d9800 Uncommon trap: reason=class_check action=maybe_recompile pc=0x00000218cf0c2ba8 method=jdk.internal.loader.BuiltinClassLoader.loadClassOrNull(Ljava/lang/String;Z)Ljava/lang/Class; @ 66 c2
Event: 583.065 Thread 0x00000218e00d9800 DEOPT PACKING pc=0x00000218cf0c2ba8 sp=0x00000079ba3f70d0
Event: 583.065 Thread 0x00000218e00d9800 DEOPT UNPACKING pc=0x00000218c73f782f sp=0x00000079ba3f7098 mode 2
Event: 583.066 Thread 0x00000218e00d9800 Uncommon trap: trap_request=0xffffffde fr.pc=0x00000218cf0c2ba8 relative=0x00000000000011a8
Event: 583.066 Thread 0x00000218e00d9800 Uncommon trap: reason=class_check action=maybe_recompile pc=0x00000218cf0c2ba8 method=jdk.internal.loader.BuiltinClassLoader.loadClassOrNull(Ljava/lang/String;Z)Ljava/lang/Class; @ 66 c2
Event: 583.066 Thread 0x00000218e00d9800 DEOPT PACKING pc=0x00000218cf0c2ba8 sp=0x00000079ba3f6ab0
Event: 583.066 Thread 0x00000218e00d9800 DEOPT UNPACKING pc=0x00000218c73f782f sp=0x00000079ba3f6a78 mode 2
Event: 583.067 Thread 0x00000218e00d9800 Uncommon trap: trap_request=0xffffffde fr.pc=0x00000218cf0c2ba8 relative=0x00000000000011a8
Event: 583.067 Thread 0x00000218e00d9800 Uncommon trap: reason=class_check action=maybe_recompile pc=0x00000218cf0c2ba8 method=jdk.internal.loader.BuiltinClassLoader.loadClassOrNull(Ljava/lang/String;Z)Ljava/lang/Class; @ 66 c2
Event: 583.067 Thread 0x00000218e00d9800 DEOPT PACKING pc=0x00000218cf0c2ba8 sp=0x00000079ba3f5130
Event: 583.067 Thread 0x00000218e00d9800 DEOPT UNPACKING pc=0x00000218c73f782f sp=0x00000079ba3f50f8 mode 2

Classes redefined (0 events):
No events

Internal exceptions (20 events):
Event: 578.147 Thread 0x00000218e3932000 Exception <a 'java/lang/NoSuchMethodError'{0x0000000089ffe6e0}: 'int java.lang.invoke.DirectMethodHandle$Holder.invokeSpecial(java.lang.Object, java.lang.Object, java.lang.Object, java.lang.Object, java.lang.Object)'> (0x0000000089ffe6e0) thrown at [./src/hotspot/share/interpreter/linkResolver.cpp, line 773]
Event: 578.158 Thread 0x00000218e3932000 Exception <a 'sun/nio/fs/WindowsException'{0x0000000089e89bf8}> (0x0000000089e89bf8) thrown at [./src/hotspot/share/prims/jni.cpp, line 615]
Event: 578.158 Thread 0x00000218e3932000 Exception <a 'sun/nio/fs/WindowsException'{0x0000000089e8b270}> (0x0000000089e8b270) thrown at [./src/hotspot/share/prims/jni.cpp, line 615]
Event: 578.168 Thread 0x00000218e3932000 Implicit null exception at 0x00000218ceef2b29 to 0x00000218ceef2c10
Event: 578.178 Thread 0x00000218e00db800 Exception <a 'sun/nio/fs/WindowsException'{0x0000000089dd5ae0}> (0x0000000089dd5ae0) thrown at [./src/hotspot/share/prims/jni.cpp, line 615]
Event: 579.486 Thread 0x00000218e00dd000 Exception <a 'sun/nio/fs/WindowsException'{0x000000008c5b22d8}> (0x000000008c5b22d8) thrown at [./src/hotspot/share/prims/jni.cpp, line 615]
Event: 579.588 Thread 0x00000218e00db800 Exception <a 'java/lang/NoSuchMethodError'{0x000000008bebc298}: 'java.lang.Object java.lang.invoke.DirectMethodHandle$Holder.invokeVirtual(java.lang.Object, java.lang.Object, int)'> (0x000000008bebc298) thrown at [./src/hotspot/share/interpreter/linkResolver.cpp, line 773]
Event: 579.593 Thread 0x00000218e00db800 Exception <a 'java/lang/NoSuchMethodError'{0x000000008befc7f0}: 'void java.lang.invoke.DirectMethodHandle$Holder.invokeStatic(java.lang.Object, java.lang.Object, java.lang.Object, int)'> (0x000000008befc7f0) thrown at [./src/hotspot/share/interpreter/linkResolver.cpp, line 773]
Event: 579.950 Thread 0x00000218e4040000 Exception <a 'java/lang/IncompatibleClassChangeError'{0x000000008a40e718}: Found class java.lang.Object, but interface was expected> (0x000000008a40e718) thrown at [./src/hotspot/share/interpreter/linkResolver.cpp, line 839]
Event: 579.991 Thread 0x00000218e4040000 Exception <a 'java/lang/NoSuchMethodError'{0x000000008a343220}: 'java.lang.Object java.lang.invoke.DirectMethodHandle$Holder.newInvokeSpecial(java.lang.Object, int)'> (0x000000008a343220) thrown at [./src/hotspot/share/interpreter/linkResolver.cpp, line 773]
Event: 580.136 Thread 0x00000218e4040000 Exception <a 'java/lang/IncompatibleClassChangeError'{0x000000008a0d0880}: Found class java.lang.Object, but interface was expected> (0x000000008a0d0880) thrown at [./src/hotspot/share/interpreter/linkResolver.cpp, line 839]
Event: 580.138 Thread 0x00000218e4040000 Exception <a 'java/lang/IncompatibleClassChangeError'{0x000000008a0d8190}: Found class java.lang.Object, but interface was expected> (0x000000008a0d8190) thrown at [./src/hotspot/share/interpreter/linkResolver.cpp, line 839]
Event: 580.836 Thread 0x00000218e00dd000 Exception <a 'java/lang/IncompatibleClassChangeError'{0x000000008d024f90}: Found class java.lang.Object, but interface was expected> (0x000000008d024f90) thrown at [./src/hotspot/share/interpreter/linkResolver.cpp, line 839]
Event: 581.240 Thread 0x00000218e00dd000 Exception <a 'java/lang/NoSuchMethodError'{0x000000008e196728}: 'java.lang.Object java.lang.invoke.Invokers$Holder.linkToTargetMethod(java.lang.Object, int, java.lang.Object, java.lang.Object, java.lang.Object, java.lang.Object)'> (0x000000008e196728) thrown at [./src/hotspot/share/interpreter/linkResolver.cpp, line 773]
Event: 581.241 Thread 0x00000218e00dd000 Exception <a 'java/lang/NoSuchMethodError'{0x000000008e19a3e0}: 'void java.lang.invoke.DirectMethodHandle$Holder.invokeSpecial(java.lang.Object, java.lang.Object, java.lang.Object, java.lang.Object, java.lang.Object, java.lang.Object, java.lang.Object, java.lang.Object, java.lang.Object)'> (0x000000008e19a3e0) thrown at [./src/hotspot/share/interpreter/linkResolver.cpp, line 773]
Event: 581.245 Thread 0x00000218e00dd000 Exception <a 'java/lang/NoSuchMethodError'{0x000000008e1b20a0}: 'void java.lang.invoke.DirectMethodHandle$Holder.invokeStatic(java.lang.Object, java.lang.Object, java.lang.Object, java.lang.Object, java.lang.Object, java.lang.Object, java.lang.Object, java.lang.Object)'> (0x000000008e1b20a0) thrown at [./src/hotspot/share/interpreter/linkResolver.cpp, line 773]
Event: 582.090 Thread 0x00000218e00de000 Exception <a 'sun/nio/fs/WindowsException'{0x000000008b9dbce8}> (0x000000008b9dbce8) thrown at [./src/hotspot/share/prims/jni.cpp, line 615]
Event: 582.093 Thread 0x00000218e00de000 Exception <a 'sun/nio/fs/WindowsException'{0x000000008b9f46b8}> (0x000000008b9f46b8) thrown at [./src/hotspot/share/prims/jni.cpp, line 615]
Event: 582.093 Thread 0x00000218e00de000 Exception <a 'sun/nio/fs/WindowsException'{0x000000008b9f47a0}> (0x000000008b9f47a0) thrown at [./src/hotspot/share/prims/jni.cpp, line 615]
Event: 582.330 Thread 0x00000218e00dd000 Exception <a 'java/lang/IncompatibleClassChangeError'{0x000000008e595c70}: Found class java.lang.Object, but interface was expected> (0x000000008e595c70) thrown at [./src/hotspot/share/interpreter/linkResolver.cpp, line 839]

Events (20 events):
Event: 583.085 loading class com/android/tools/r8/naming/w$b
Event: 583.085 loading class com/android/tools/r8/naming/w$b done
Event: 583.086 loading class com/android/tools/r8/naming/w$c
Event: 583.086 loading class com/android/tools/r8/naming/w$c done
Event: 583.086 loading class com/android/tools/r8/naming/w
Event: 583.086 loading class com/android/tools/r8/naming/w done
Event: 583.087 loading class com/sun/tools/javac/util/Context
Event: 583.087 loading class com/sun/tools/javac/util/Context done
Event: 583.087 loading class com/sun/tools/javac/util/Context
Event: 583.087 loading class com/sun/tools/javac/util/Context done
Event: 583.087 loading class com/sun/tools/javac/util/Context
Event: 583.087 loading class com/sun/tools/javac/util/Context done
Event: 583.087 loading class com/sun/tools/javac/util/Context$Factory
Event: 583.087 loading class com/sun/tools/javac/util/Context$Factory done
Event: 583.088 loading class java/nio/charset/IllegalCharsetNameException
Event: 583.088 loading class java/nio/charset/IllegalCharsetNameException done
Event: 583.098 Executing VM operation: G1CollectForAllocation
Event: 583.109 Executing VM operation: G1CollectForAllocation done
Event: 583.124 loading class java/nio/file/ProviderNotFoundException
Event: 583.124 loading class java/nio/file/ProviderNotFoundException done


Dynamic libraries:
0x00007ff752ad0000 - 0x00007ff752ada000 	C:\Program Files\Android\Android Studio\jre\bin\java.exe
0x00007ffc274f0000 - 0x00007ffc276e6000 	C:\Windows\SYSTEM32\ntdll.dll
0x00007ffc25d10000 - 0x00007ffc25dcd000 	C:\Windows\System32\KERNEL32.DLL
0x00007ffc25280000 - 0x00007ffc25549000 	C:\Windows\System32\KERNELBASE.dll
0x00007ffc24c60000 - 0x00007ffc24d60000 	C:\Windows\System32\ucrtbase.dll
0x00007ffc1c690000 - 0x00007ffc1c6a9000 	C:\Program Files\Android\Android Studio\jre\bin\jli.dll
0x00007ffc1eed0000 - 0x00007ffc1eee7000 	C:\Program Files\Android\Android Studio\jre\bin\VCRUNTIME140.dll
0x00007ffc270b0000 - 0x00007ffc27250000 	C:\Windows\System32\USER32.dll
0x00007ffc24c30000 - 0x00007ffc24c52000 	C:\Windows\System32\win32u.dll
0x00007ffc16c70000 - 0x00007ffc16f0b000 	C:\Windows\WinSxS\amd64_microsoft.windows.common-controls_6595b64144ccf1df_6.0.19041.488_none_ca04af081b815d21\COMCTL32.dll
0x00007ffc26650000 - 0x00007ffc2667a000 	C:\Windows\System32\GDI32.dll
0x00007ffc25670000 - 0x00007ffc2570e000 	C:\Windows\System32\msvcrt.dll
0x00007ffc25010000 - 0x00007ffc25119000 	C:\Windows\System32\gdi32full.dll
0x00007ffc24f70000 - 0x00007ffc2500d000 	C:\Windows\System32\msvcp_win.dll
0x00007ffc25bd0000 - 0x00007ffc25c00000 	C:\Windows\System32\IMM32.DLL
0x00007ffc1eaa0000 - 0x00007ffc1eb3d000 	C:\Program Files\Android\Android Studio\jre\bin\msvcp140.dll
0x00007ffbfedb0000 - 0x00007ffbff87f000 	C:\Program Files\Android\Android Studio\jre\bin\server\jvm.dll
0x00007ffc25c60000 - 0x00007ffc25d0c000 	C:\Windows\System32\ADVAPI32.dll
0x00007ffc27400000 - 0x00007ffc2749c000 	C:\Windows\System32\sechost.dll
0x00007ffc26750000 - 0x00007ffc2687b000 	C:\Windows\System32\RPCRT4.dll
0x00007ffc270a0000 - 0x00007ffc270a8000 	C:\Windows\System32\PSAPI.DLL
0x00007ffc1eec0000 - 0x00007ffc1eec9000 	C:\Windows\SYSTEM32\WSOCK32.dll
0x00007ffc266e0000 - 0x00007ffc2674b000 	C:\Windows\System32\WS2_32.dll
0x00007ffc12680000 - 0x00007ffc126a7000 	C:\Windows\SYSTEM32\WINMM.dll
0x00007ffc11fe0000 - 0x00007ffc11fea000 	C:\Windows\SYSTEM32\VERSION.dll
0x00007ffc22a70000 - 0x00007ffc22a82000 	C:\Windows\SYSTEM32\kernel.appcore.dll
0x00007ffc1eea0000 - 0x00007ffc1eeb1000 	C:\Program Files\Android\Android Studio\jre\bin\verify.dll
0x00007ffc10af0000 - 0x00007ffc10cd4000 	C:\Windows\SYSTEM32\DBGHELP.DLL
0x00007ffc109f0000 - 0x00007ffc10a1c000 	C:\Windows\SYSTEM32\dbgcore.DLL
0x00007ffc25150000 - 0x00007ffc251d0000 	C:\Windows\System32\bcryptPrimitives.dll
0x00007ffc1ee70000 - 0x00007ffc1ee99000 	C:\Program Files\Android\Android Studio\jre\bin\java.dll
0x00007ffc1ee60000 - 0x00007ffc1ee6b000 	C:\Program Files\Android\Android Studio\jre\bin\jimage.dll
0x00007ffc1ee40000 - 0x00007ffc1ee58000 	C:\Program Files\Android\Android Studio\jre\bin\zip.dll
0x00007ffc26880000 - 0x00007ffc26fc2000 	C:\Windows\System32\SHELL32.dll
0x00007ffc22d80000 - 0x00007ffc23515000 	C:\Windows\SYSTEM32\windows.storage.dll
0x00007ffc25870000 - 0x00007ffc25bc6000 	C:\Windows\System32\combase.dll
0x00007ffc24630000 - 0x00007ffc2465c000 	C:\Windows\SYSTEM32\Wldp.dll
0x00007ffc26470000 - 0x00007ffc2651e000 	C:\Windows\System32\SHCORE.dll
0x00007ffc25c00000 - 0x00007ffc25c55000 	C:\Windows\System32\shlwapi.dll
0x00007ffc24b60000 - 0x00007ffc24b86000 	C:\Windows\SYSTEM32\profapi.dll
0x00007ffc1ee20000 - 0x00007ffc1ee3a000 	C:\Program Files\Android\Android Studio\jre\bin\net.dll
0x00007ffc18750000 - 0x00007ffc18850000 	C:\Windows\SYSTEM32\WINHTTP.dll
0x00007ffc24350000 - 0x00007ffc243ba000 	C:\Windows\system32\mswsock.dll
0x00007ffc1ed00000 - 0x00007ffc1ed14000 	C:\Program Files\Android\Android Studio\jre\bin\nio.dll
0x00007ffc01d90000 - 0x00007ffc01db7000 	C:\Users\Gev\.gradle\native\8bec1ad78214c89d9ad589b4d07fe93259594b29d510b10fafb7a158f7737e5d\windows-amd64\native-platform.dll
0x00007ffc01ad0000 - 0x00007ffc01c0d000 	C:\Users\Gev\.gradle\native\53dbd7edfb1c66fb8903c78663c9afc45aea4f116125fa6feffd364cf09443e8\windows-amd64\native-platform-file-events.dll
0x00007ffc1ee10000 - 0x00007ffc1ee1a000 	C:\Program Files\Android\Android Studio\jre\bin\management.dll
0x00007ffc1ecf0000 - 0x00007ffc1ecfc000 	C:\Program Files\Android\Android Studio\jre\bin\management_ext.dll
0x00007ffc24520000 - 0x00007ffc24538000 	C:\Windows\SYSTEM32\CRYPTSP.dll
0x00007ffc23ce0000 - 0x00007ffc23d14000 	C:\Windows\system32\rsaenh.dll
0x00007ffc25120000 - 0x00007ffc25147000 	C:\Windows\System32\bcrypt.dll
0x00007ffc24ae0000 - 0x00007ffc24b0e000 	C:\Windows\SYSTEM32\USERENV.dll
0x00007ffc24540000 - 0x00007ffc2454c000 	C:\Windows\SYSTEM32\CRYPTBASE.dll
0x00007ffc24040000 - 0x00007ffc2407b000 	C:\Windows\SYSTEM32\IPHLPAPI.DLL
0x00007ffc274a0000 - 0x00007ffc274a8000 	C:\Windows\System32\NSI.dll
0x00007ffc1afc0000 - 0x00007ffc1afd7000 	C:\Windows\SYSTEM32\dhcpcsvc6.DLL
0x00007ffc1afa0000 - 0x00007ffc1afbd000 	C:\Windows\SYSTEM32\dhcpcsvc.DLL
0x00007ffc24080000 - 0x00007ffc2414b000 	C:\Windows\SYSTEM32\DNSAPI.dll

dbghelp: loaded successfully - version: 4.0.5 - missing functions: none
symbol engine: initialized successfully - sym options: 0x614 - pdb path: .;C:\Program Files\Android\Android Studio\jre\bin;C:\Windows\SYSTEM32;C:\Windows\WinSxS\amd64_microsoft.windows.common-controls_6595b64144ccf1df_6.0.19041.488_none_ca04af081b815d21;C:\Program Files\Android\Android Studio\jre\bin\server;C:\Users\Gev\.gradle\native\8bec1ad78214c89d9ad589b4d07fe93259594b29d510b10fafb7a158f7737e5d\windows-amd64;C:\Users\Gev\.gradle\native\53dbd7edfb1c66fb8903c78663c9afc45aea4f116125fa6feffd364cf09443e8\windows-amd64

VM Arguments:
jvm_args: --add-opens=java.base/java.util=ALL-UNNAMED --add-opens=java.base/java.lang=ALL-UNNAMED --add-opens=java.base/java.lang.invoke=ALL-UNNAMED --add-opens=java.base/java.util=ALL-UNNAMED --add-opens=java.prefs/java.util.prefs=ALL-UNNAMED --add-opens=java.prefs/java.util.prefs=ALL-UNNAMED --add-opens=java.base/java.nio.charset=ALL-UNNAMED --add-opens=java.base/java.net=ALL-UNNAMED --add-opens=java.base/java.util.concurrent.atomic=ALL-UNNAMED -Xmx2048m -Dfile.encoding=UTF-8 -Duser.country=RU -Duser.language=ru -Duser.variant 
java_command: org.gradle.launcher.daemon.bootstrap.GradleDaemon 7.0.2
java_class_path (initial): C:\Users\Gev\.gradle\wrapper\dists\gradle-7.0.2-bin\857tjihv64xamwrf0h14cai3r\gradle-7.0.2\lib\gradle-launcher-7.0.2.jar
Launcher Type: SUN_STANDARD

[Global flags]
     intx CICompilerCount                          = 3                                         {product} {ergonomic}
     uint ConcGCThreads                            = 1                                         {product} {ergonomic}
     uint G1ConcRefinementThreads                  = 4                                         {product} {ergonomic}
   size_t G1HeapRegionSize                         = 1048576                                   {product} {ergonomic}
    uintx GCDrainStackTargetSize                   = 64                                        {product} {ergonomic}
   size_t InitialHeapSize                          = 167772160                                 {product} {ergonomic}
   size_t MarkStackSize                            = 4194304                                   {product} {ergonomic}
   size_t MaxHeapSize                              = 2147483648                                {product} {command line}
   size_t MaxNewSize                               = 1287651328                                {product} {ergonomic}
   size_t MinHeapDeltaBytes                        = 1048576                                   {product} {ergonomic}
    uintx NonNMethodCodeHeapSize                   = 5830732                                {pd product} {ergonomic}
    uintx NonProfiledCodeHeapSize                  = 122913754                              {pd product} {ergonomic}
    uintx ProfiledCodeHeapSize                     = 122913754                              {pd product} {ergonomic}
    uintx ReservedCodeCacheSize                    = 251658240                              {pd product} {ergonomic}
     bool SegmentedCodeCache                       = true                                      {product} {ergonomic}
     bool UseCompressedClassPointers               = true                                 {lp64_product} {ergonomic}
     bool UseCompressedOops                        = true                                 {lp64_product} {ergonomic}
     bool UseG1GC                                  = true                                      {product} {ergonomic}
     bool UseLargePagesIndividualAllocation        = false                                  {pd product} {ergonomic}

Logging:
Log output configuration:
 #0: stdout all=warning uptime,level,tags
 #1: stderr all=off uptime,level,tags

Environment Variables:
PATH=C:\Program Files\Common Files\Oracle\Java\javapath;C:\Windows\system32;C:\Windows;C:\Windows\System32\Wbem;C:\Windows\System32\WindowsPowerShell\v1.0\;C:\Program Files (x86)\ATI Technologies\ATI.ACE\Core-Static;C:\Program Files\dotnet\;C:\Program Files (x86)\Deskshare\Auto FTP Manager 7\;C:\Users\Gev\AppData\Local\Microsoft\WindowsApps;C:\Users\Gev\.dotnet\tools;C:\Program Files\JetBrains\IntelliJ IDEA Community Edition 2021.3.1\bin;
USERNAME=Gev
OS=Windows_NT
PROCESSOR_IDENTIFIER=Intel64 Family 6 Model 58 Stepping 9, GenuineIntel



---------------  S Y S T E M  ---------------

OS: Windows 10 , 64 bit Build 19041 (10.0.19041.662)
OS uptime: 0 days 4:35 hours

CPU:total 4 (initial active 4) (2 cores per cpu, 2 threads per core) family 6 model 58 stepping 9 microcode 0x21, cmov, cx8, fxsr, mmx, sse, sse2, sse3, ssse3, sse4.1, sse4.2, popcnt, avx, aes, clmul, erms, ht, tsc, tscinvbit, tscinv

Memory: 4k page, system-wide physical 10142M (2865M free)
TotalPageFile size 11678M (AvailPageFile size 3946M)
current process WorkingSet (physical memory assigned to process): 551M, peak: 553M
current process commit charge ("private bytes"): 582M, peak: 586M

vm_info: OpenJDK 64-Bit Server VM (11.0.10+0-b96-7249189) for windows-amd64 JRE (11.0.10+0-b96-7249189), built on Mar 31 2021 21:44:00 by "builder" with MS VC++ 14.0 (VS2015)

END.
